epoch,loss,val_loss
0,0.015621091242986941,0.01685371622443199
1,0.0029870711199285155,0.0014307762643224315
2,0.0027053382408016953,0.005003851544308035
3,0.0021875464746764313,0.0007644627966280831
4,0.0019143152319594952,0.02046163840905616
5,0.0017103577453952247,0.0006215694914939568
6,0.0016378044842714277,0.00089021371432433
7,0.0015411147250843698,0.0026980539489733545
8,0.0014397405185838919,0.0007391948525573275
9,0.0013730602166602652,0.0037643696230493092
10,0.0014838042888734157,0.013087845260375425
11,0.0014435064268907831,0.002282518599378435
12,0.0012652799988546203,0.0018180626272959145
13,0.0012313634390650197,0.0007725861291156003
14,0.0011673722071547587,0.0007719157805886903
15,0.0011965760169742406,0.002363854198177394
16,0.0011125114894585764,0.008214348878123258
17,0.0011355121922136293,0.0006934107131153149
18,0.0011031857287046207,0.0005714745417016706
19,0.0011223006663928306,0.002430878162972237
20,0.0011027440486542257,0.0017705386639327596
21,0.001013915811119849,0.001276953703429746
22,0.0009258167887814292,0.005456341626612763
23,0.0009953857840911391,0.0005424461422463585
24,0.0009768917560654044,0.0007330615833205613
25,0.0010051469994703786,0.000764084799141672
26,0.0008928294884282406,0.0009525109076333281
27,0.0010052911901465822,0.004898362449909511
28,0.0008852146516409696,0.0008786754180236082
29,0.0009889548521221261,0.0008499079604486102
30,0.0008426131865051824,0.0030395822648547196
31,0.0008843310963169548,0.0005251274254222057
32,0.0008604973555010435,0.0011571128178681982
33,0.0007795425364587952,0.0006267885144456829
34,0.0008481721976958471,0.00241868439326553
35,0.000827171592011828,0.005468544770816439
36,0.0008051333040642886,0.0005322533236865542
37,0.0008281426971672238,0.0024433921973564124
38,0.0007365224406280298,0.0013992938605186186
39,0.0008407510911748171,0.0010255235798754974
40,0.0007055653637627699,0.0008979954291135073
41,0.0006605599803590715,0.0007527627320469994
42,0.0007465369812569316,0.003988576317696195
43,0.0006517726325638214,0.004652021085157206
44,0.0008045390981842926,0.0009846998084532587
45,0.0006667966724054655,0.0005126291025111353
46,0.0007055945679595227,0.0006651810345877158
47,0.0007154246565754256,0.0012231690159655716
48,0.0006831029031760428,0.0019908356480300426
49,0.0007050108139078032,0.001299758325330913
50,0.0005811673938137044,0.000947003577541756
51,0.0006245963901584132,0.0008985386597678849
52,0.0006486655585659446,0.0008675697486308453
53,0.0006785904290793343,0.007031833458887904
54,0.000626607121226144,0.0004785650526173413
55,0.0006054178901037153,0.0005969896355006648
56,0.000627696807723012,0.0009549765565775727
57,0.0006119064873404449,0.0022120073952369
58,0.0006446798305446857,0.0004730143271827776
59,0.0006127893251292817,0.0036177580784025943
60,0.000613419260492418,0.0006370292118701496
61,0.0005871272275685198,0.001068205149893306
62,0.0005907601150616988,0.0007150713201171081
63,0.0005576694540715226,0.0011691464062191937
64,0.0005968741170962345,0.00047034800120041167
65,0.0005350881958008579,0.0005125014301340439
66,0.0005793106385771139,0.002533984100936275
67,0.0005368442885930278,0.0026125236487898385
68,0.0005891676115869213,0.0007673047397187666
69,0.0005402269424098979,0.005613671199075486
70,0.0005831726261737803,0.0006781929374770506
71,0.0005151565143243194,0.0008010279699718874
72,0.0005884264598681052,0.00048705720263043126
73,0.0005197581553314934,0.0005306068771077614
74,0.0005426316479184576,0.000542938413625387
75,0.0005311512850437042,0.0007353094743417674
76,0.0005713278250941248,0.001375200900886404
77,0.0005271121881428253,0.0008984316557057594
78,0.0005081444091626043,0.0006640976138633528
79,0.0004518242570921646,0.0004609667628660406
80,0.00048183840414444025,0.0010760821506233984
81,0.0004928176733952613,0.00045364096111274863
82,0.0004916524143112806,0.0008535310840479246
83,0.0005298794026196575,0.0014224805575060217
84,0.000499189887128755,0.001164734602513674
85,0.00048012434015790224,0.00047325616469606757
86,0.00048519636238305555,0.0014862975681592758
87,0.00047163365345540237,0.0012901449196138664
88,0.00048305533318690935,0.0007902822751355799
89,0.0004896764094629599,0.0005431661388444665
90,0.0004735036144851974,0.0004682268098756475
91,0.00040967076310513616,0.000784940741907217
92,0.000443351420379705,0.0009190883046310199
93,0.00046156921448883576,0.0004570005648450828
94,0.00046775643549289744,0.0005430303204584083
95,0.0004291252655632518,0.0006259804174892212
96,0.0004922077159952393,0.0004577581161069439
97,0.0004467921160774392,0.0005031056031217112
98,0.00044459602265364514,0.0010049438569694757
99,0.00045602499519025114,0.0035291875124369796
100,0.00046323155282437036,0.0008630092856229135
101,0.0004129006857287512,0.002114374827789633
102,0.00046196873526539863,0.0024086482896420514
103,0.00041424160070199296,0.0007429387493941345
104,0.0004388633174872836,0.0004883142139174437
105,0.0004221410935314114,0.0028730580264604406
106,0.0004409242030782485,0.0026459325791189543
107,0.000452569469653673,0.0009026512760963095
108,0.0003887690558699975,0.00048235466391289314
109,0.0004055721677545284,0.0022996863423797643
110,0.00040133797296687616,0.00047937746613139386
111,0.00037225118887116327,0.0004987203405777875
112,0.0004206990726296605,0.0004398396321400804
113,0.0003746639620493561,0.00044057919570293863
114,0.0004353087508970481,0.0004461733394572021
115,0.00038472059703737355,0.001064762010508658
116,0.0004078935443255054,0.0005674086217033235
117,0.0003747965806593099,0.001442686409542435
118,0.00038293478855561716,0.0008079887392293466
119,0.0004023208944171677,0.00044390339692319304
120,0.0004066943887407816,0.0004490260249248853
121,0.0003835407600084011,0.0005802855777897333
122,0.0003813876893718833,0.0005176379467899862
123,0.00038599957788167636,0.0011867843323240155
124,0.0004076773836692624,0.0009711824271729902
125,0.00042555582831295614,0.000445414722076078
126,0.00035203389278248934,0.0012430337588547875
127,0.0003868984096026909,0.0011078371592846356
128,0.0003736954998930492,0.0004372163185555684
129,0.0003979957393202573,0.001466092524902993
130,0.0003585589599732721,0.0004489336401763323
131,0.0003749823967197371,0.0005069148610346019
132,0.000379940894204326,0.00353914107147016
133,0.00039351411440552805,0.000965783115182268
134,0.0003846625562144676,0.0004958874258016678
135,0.0003870616186340244,0.0008812461379229239
136,0.0003566784726189761,0.0018337397149911052
137,0.00036656002159788053,0.002114673917132773
138,0.00038506170462967705,0.00096660092669098
139,0.00037777448020011843,0.0022027890295966677
140,0.00034942668298130347,0.0005054187096998488
141,0.0003704073062308378,0.001221027072077911
142,0.0003671366339927892,0.0004509276002768035
143,0.0003733096046795473,0.0004636915461895497
144,0.0003840674687159696,0.00046502988430132205
145,0.00033711553431887037,0.0008224279276634517
