epoch,loss,val_loss
0,0.6017178406916156,0.11259827906625312
1,0.04095411306510421,0.012735393551880853
2,0.042207848046618604,0.025056647104129456
3,0.048795159468931155,0.004925998810090516
4,0.05729051689124856,0.0056961692804307264
5,0.04088799982944448,0.0393566253938173
6,0.03833685367876895,0.0047187288210057375
7,0.041964777225196155,0.0053871351277880505
8,0.04301760962515758,0.005368551108659359
9,0.02921031989859349,0.01112940904210534
10,0.025543053699478534,0.024037799814291168
11,0.02676181893561679,0.008029837684150328
12,0.025115115464019733,0.010794397704956825
13,0.02329542517928605,0.01057842230064827
14,0.018051183580975155,0.005752446015545151
15,0.02127417875535097,0.0076689899392556726
16,0.017608009766377705,0.006977260227135399
17,0.014695563618529322,0.0070575220314295665
18,0.01451558112548778,0.006424581337916224
19,0.013350041776596459,0.006257446172336738
20,0.012992111478410466,0.0067673892828456145
21,0.012260051112602519,0.006537842286521928
22,0.011569263314402436,0.008497096075300584
23,0.009443189683866022,0.007685448043048382
24,0.029241729885287726,0.01054301534436251
25,0.008622231795720718,0.01029443943448234
26,0.009803172017254235,0.006177894150217374
27,0.0069001071158321945,0.010268424229140868
28,0.006769590486120595,0.01338012255074685
29,0.00952828166938109,0.0069306323696908196
30,0.009939783328354202,0.0051262306637669865
31,0.009111502935970121,0.007917819936808786
32,0.007219189002680841,0.009046445911129316
33,0.00831883102915466,0.0058617858837048216
34,0.008192145423297275,0.0063054057557070465
35,0.006968273636584299,0.011336991530761384
36,0.009159168540573245,0.005723900030971619
37,0.00668055031539622,0.011903745890186545
38,0.008510388604594462,0.005709178811102582
39,0.007046899225978899,0.005490625489568501
40,0.008041763495341801,0.005585930244833754
41,0.008445704231497037,0.006991682378085036
42,0.005860527437732898,0.0388077481796867
43,0.00926028508010335,0.0064479048086101545
44,0.008118984320348886,0.006733233125455547
45,0.008084948810165258,0.006093554966674562
46,0.00736382432333982,0.006030380350063767
47,0.006658233744441735,0.007497578222108514
48,0.007306833631224137,0.0060746569284483
49,0.007518096630303855,0.0060285465105583795
50,0.005993532792162833,0.005632912723772358
51,0.006998150725645805,0.005149425105436852
52,0.00683614753843342,0.005271445567670621
53,0.005833858600533186,0.00580241005018092
54,0.007821172476627492,0.0044657578528450245
55,0.006383753978171066,0.0060842261045125495
56,0.0051815173975525205,0.02111268814718514
57,0.007957270442074194,0.005267735227550331
58,0.006433275970345913,0.004906405433358853
59,0.006896730626154737,0.0060285592222945735
60,0.005905860882206945,0.004667623801843116
61,0.006421896818388143,0.004646527711628822
62,0.005824224316363871,0.0056501288261068495
63,0.005354699723416026,0.006492307720084985
64,0.005702424705041537,0.00488600770436358
65,0.008526436214938265,0.005229470712181769
66,0.005865102730541901,0.013111218679369542
67,0.006308219107891876,0.005423034663851324
68,0.0062714033401741875,0.004884834499343445
69,0.0060859937115164435,0.005125493072626884
70,0.0058506927054771994,0.004733246506044739
71,0.005523669704905407,0.005786911028911147
72,0.005034651940470695,0.004963381706099761
73,0.006179058110832284,0.004808058145276287
74,0.005223737459915835,0.022025479428600846
75,0.006839406512430617,0.004728806613568674
76,0.0044884746000300735,0.004325743723791419
77,0.005023362548179911,0.0036399702035021363
78,0.007523631041521698,0.004081615998426028
79,0.005270572213446283,0.0035579985808254335
80,0.004686629997784139,0.055116600765470876
81,0.009893731647260474,0.008203451309287757
82,0.008633441626570508,0.006858360953629017
83,0.008009598260488601,0.006688797062164859
84,0.007746123755919579,0.007191532062726063
85,0.00853219137967517,0.005742463969478482
86,0.005542898700161338,0.006802746437882122
87,0.0074383791830280165,0.004407009379448075
88,0.004735436107651258,0.004282014076843073
89,0.005744004010159464,0.004764299480277195
90,0.004653228865367528,0.004494169220459043
91,0.005420217584708079,0.004062111775407143
92,0.005217039097835152,0.008209323755612499
93,0.006263047903711155,0.005609624528963315
94,0.004733850209149702,0.004192508046368235
95,0.005362495576010377,0.005125152931564994
96,0.005124674989706974,0.004950308714780891
97,0.0035150605932456713,0.004621335550358421
98,0.005805152083176593,0.006512946628949098
99,0.0038389211592067805,0.0071790361646236036
100,0.005018170354123931,0.0038438277694870506
101,0.004117676087803034,0.010327398352194251
102,0.0039719381039705366,0.014435918691257635
103,0.0053583480536378595,0.015654856273741052
104,0.004323389128429155,0.004108306518837548
105,0.003857072043747854,0.004274395649860564
106,0.0038447780997848324,0.0062767162902705505
107,0.009792846541390161,0.008270808871377978
108,0.0071843543925353475,0.004433874547350825
109,0.004521973904085721,0.004740046157517977
110,0.003966701106472269,0.004216351734245555
111,0.003477402799397083,0.009112292140918342
112,0.005808275303499445,0.0058027116026271855
113,0.003973733535829613,0.0033696027423598266
114,0.0056585213336053375,0.0040406436095700455
115,0.005182531821569119,0.0033599241930795344
116,0.002567714738479147,0.0032874029946693205
117,0.006298729154341456,0.005156632970299637
118,0.004056844331265588,0.004099201778636167
119,0.0033826603494051446,0.003599242143855806
120,0.005343121523606423,0.003562039744697119
121,0.003112977165826328,0.0052293595580155386
122,0.00344083895199781,0.005254043168143222
123,0.004013718341527601,0.0045548218645547565
124,0.0044836023315319214,0.004089962968831523
125,0.0045773702142126275,0.003729957172222305
126,0.0031700503990463717,0.00457115039196715
127,0.0063255857009876255,0.004198052025841255
128,0.004482892272834638,0.007041499133042076
129,0.003878751269055703,0.0050892135161056855
130,0.0032133675407111178,0.0056484290235267395
131,0.004424939764237737,0.003417031778218715
132,0.003749800837447584,0.006279813926340195
133,0.005136096080436809,0.004108744591735957
134,0.0032879962637877486,0.007171889963118653
135,0.004745111938884537,0.0031891132361794774
136,0.0044352439903437985,0.0034751270391177713
137,0.003350406785188389,0.005286791427224351
138,0.003528158445346834,0.004782148514335093
139,0.00398020483805338,0.004310572601593377
140,0.004338639481139433,0.005882511977433113
141,0.0031881618588174617,0.009712712512465945
142,0.0033565666770357734,0.0032686844239370864
143,0.0047754066594816215,0.006163845823162742
144,0.002990694409382593,0.0028105033643282297
145,0.004145416473387944,0.0037762872678668877
146,0.0024658055548567527,0.005619140309199952
147,0.004750350981066572,0.0033623834156937767
148,0.002586513825157498,0.006866197334602475
149,0.004581308483193266,0.005390712893322895
150,0.0027403020300783777,0.003928605483420063
151,0.0037528780519793274,0.007469610690972523
152,0.005730484924352294,0.0027814864328033046
153,0.0020946081700112286,0.002414086418994294
154,0.007955082292371083,0.008432198217824885
155,0.008610294140342227,0.007909385209674375
156,0.007526932485778711,0.007939014338741177
157,0.007853575384026527,0.007580978044292383
158,0.006548947511634174,0.007097851713759857
159,0.007326271965202549,0.007739818736649396
160,0.006614722043314841,0.007258645258843899
161,0.009453927249652553,0.007548842039939605
162,0.007192878517440893,0.007498079763823434
163,0.006970542444023474,0.007650546615191719
164,0.00682699919985461,0.006935143892310168
165,0.008975595598276476,0.006301758663826867
166,0.006865450986425342,0.006752152306338151
167,0.006768401372482119,0.00762728247137969
168,0.0072028736468489046,0.007841669513206733
169,0.006892955930250165,0.007760579191278993
170,0.00945479903422153,0.005780807467536968
171,0.0064494651035254535,0.006371424304680866
172,0.006966268651863563,0.007277758922754673
173,0.006121709464966315,0.007356049607328156
174,0.008341459872730947,0.0058336483739447175
175,0.006560119229773577,0.00645590401989849
176,0.006397677665937166,0.006854382294573282
177,0.006882821570555265,0.007459291191608237
178,0.00679750990506138,0.00725714030691929
179,0.0067813351732495045,0.0072481867350768624
180,0.006764895871060577,0.007398825890400954
181,0.007434069335031572,0.007280922543845679
182,0.009828101824091367,0.00590705773548076
183,0.0074557356299088055,0.0064655918824045285
184,0.0063394122882169165,0.005647313078505951
185,0.005951193556267553,0.005704659315054877
186,0.006018154904974485,0.006070284483333428
187,0.006065871464137319,0.005781328648720917
188,0.005885920531228574,0.008618613002462345
189,0.004987380124407497,0.005677512846887112
190,0.0055106298869596,0.008149500903591775
191,0.0038918232314457653,0.003999203525222184
192,0.0030153167513678625,0.006355089968756626
193,0.004294136923495648,0.0038345644185156153
194,0.005067347717937895,0.004044747445732355
195,0.001889159750554184,0.002593414253440865
196,0.0031739453026085416,0.00204319439485277
197,0.004084648633535048,0.003475735470521868
198,0.004733125075379332,0.00402703598599162
199,0.0023590859243512985,0.002380391746236567
200,0.002636149717433082,0.0034100837727779883
201,0.0031277174333250233,0.002405918374853699
202,0.002804742953748187,0.003450892538877956
203,0.004587991720221508,0.002600642881078417
204,0.002344543778257896,0.003832781801751831
205,0.00433211172175111,0.002535816098220254
206,0.001842661036656321,0.002861234212392255
207,0.0030654040587835183,0.0028311844563863255
208,0.002268492461167549,0.0028992935917095133
209,0.0026911852357545006,0.005052276817558889
210,0.004525250882027349,0.003122182281099652
211,0.0019285995171878351,0.0027769702127236023
212,0.0026435193652043325,0.004917407003966601
213,0.003437477145279005,0.002760777347966244
214,0.002597510505038562,0.002333559381791897
215,0.0034851287788245015,0.005477649960340115
216,0.0022478540717294185,0.0036246018737489194
217,0.0058831744047164606,0.0031928247200292454
218,0.004389498300726865,0.006883732794800349
219,0.005893141645645596,0.006627134325211509
220,0.005044810953395633,0.004340755540812225
221,0.0037982940761596743,0.003034998916024179
222,0.0032719456254265695,0.0036564802121893877
223,0.0026727817732398683,0.0035055281855819517
224,0.0028678271106816504,0.004198710556681219
225,0.002530277298314799,0.0031376621408159273
226,0.00342465408616106,0.004605523286093222
227,0.0023979581811223146,0.005763047709734293
228,0.003746506010375618,0.004307976580764118
229,0.0023475809520139743,0.002681292458682468
230,0.0026147903396665116,0.002992114603617474
231,0.0032727884057174596,0.002520029902817649
232,0.0025648751310731106,0.0021969647159015664
233,0.002696412684555193,0.001960208373993897
234,0.0032862093869310658,0.0033533180197864248
235,0.001878118827568455,0.004430821819002168
236,0.0035274718074618885,0.004943813189145243
237,0.0019519641966173787,0.002763508210416164
238,0.003747239966720772,0.0036693894704640435
239,0.0017758937910959827,0.0020463474691240933
240,0.0027582097593792446,0.0024140033535986092
241,0.0017425974397830678,0.0029626686918434865
242,0.0030765657562658475,0.005006816107452961
243,0.0030744396829506283,0.007050735487913092
244,0.0023346629544741507,0.0023049686202093176
245,0.002197325241022189,0.004561595059114329
246,0.003472586650804439,0.004988036678058275
247,0.0019239491915548088,0.004139362364647943
248,0.002283950797469074,0.006722274342584505
249,0.004195474707448358,0.0025190176736367377
250,0.0016838579932731588,0.0022775035376023304
251,0.0033008660787934305,0.003122420981526375
252,0.002015668985370488,0.0017518823876519476
253,0.0034653023742691955,0.0045653809507361105
254,0.0018291546667342515,0.0021915314964165815
255,0.002884758640418762,0.0020764129085204842
256,0.0024146533032381877,0.006556750287448889
257,0.0025071000117958112,0.0018606173597570312
258,0.0030869558724992458,0.002913058841633692
259,0.0018958242042851593,0.0043443906970583555
260,0.0036055257295650052,0.004495368200239905
261,0.001969874121352744,0.0038889726427824875
262,0.0020945443248418507,0.0019809895199151676
263,0.0033396279352374152,0.004416736676112602
264,0.0032314696104589194,0.003927718958278236
265,0.0020278192980192197,0.002620218121528364
266,0.0019869335970140825,0.0023490418271537414
267,0.002558384832631907,0.004351590539475805
268,0.002076621546473413,0.003338122427904684
269,0.0026621002217114336,0.007879931447014474
270,0.0018837150092030279,0.004378450241985551
271,0.0016107899031193884,0.0028986925210215545
272,0.003589898534362931,0.0035236263116658257
273,0.0018813567553820775,0.006976678501814604
274,0.001980131254718358,0.004547625812783576
275,0.0028860461126109277,0.003097078031778597
276,0.001804664709083541,0.004810691414923783
277,0.0027457028535969982,0.003972819642768356
278,0.002385529721591355,0.005159053890230625
279,0.0018953433996602815,0.0028599253773950693
280,0.0027616546171543434,0.003944289482509096
281,0.0028658813275201783,0.0026650789496080393
282,0.0017203848246634527,0.0024263697529309674
283,0.0029328037675041023,0.003419012644148448
284,0.0016143195474126993,0.003011388912502872
285,0.004162577626963405,0.002517247298863112
286,0.0018115020353008991,0.0017151930798335296
287,0.0024139098640219236,0.004660033649487192
288,0.00307340044113783,0.0032928511541206063
289,0.0015954400216071601,0.0032185129126893323
290,0.0026347335471883808,0.0039721598456564705
291,0.002143424080707536,0.0032445478473642937
292,0.0019443310004046241,0.0051530564710367145
293,0.0023507196472447372,0.0036146935369623335
294,0.0017524719143604914,0.004608168430103545
295,0.0025309261956933176,0.006216783088778979
296,0.002221923063055695,0.007549930167825599
297,0.0026015374987478812,0.002334032203642684
298,0.001818710522414112,0.005153797346314317
299,0.0025885003376313297,0.00513343434993243
