epoch,loss,val_loss
0,0.01539424104196707,0.01902102718227788
1,0.043992652871481824,0.05196697225696162
2,0.03892595689893289,0.0060369020425959635
3,0.0470091732508173,0.005438814356334899
4,0.04522321475539714,0.010550111916177628
5,0.045116031795974176,0.014342960656473511
6,0.03198690500506972,0.013537104310990688
7,0.012456756863697557,0.004685892095470703
8,0.005711369892585548,0.0021573564674901334
9,0.005999547730884263,0.002158792301391562
10,0.006560863675078276,0.002030550849444249
11,0.006381357427569428,0.0020340383951470515
12,0.007464038092321205,0.002202991236883559
13,0.008029324693741832,0.0028191678524180724
14,0.00864806965913422,0.00227279146406146
15,0.007911088962975831,0.0035311059113346823
16,0.007010594322419291,0.002165640361214939
17,0.006110396362145482,0.0020349484157601468
18,0.006297030829114232,0.002018939074651714
19,0.007404265978924579,0.002097470689924401
20,0.008799437933274744,0.002236803180717847
21,0.008865699949747449,0.002109986844292858
22,0.00866991973093615,0.003382972737757914
23,0.008443778295421008,0.0031743792964047507
24,0.006086738186890022,0.0019487824021397454
25,0.005292780751794785,0.0019161548106032505
26,0.005878374939475592,0.0018877278555903519
27,0.006423341691815806,0.00225472309332537
28,0.006548798933176626,0.001881674581550454
29,0.006697746820221241,0.002275453241166185
30,0.007140337732534394,0.002545314634692643
31,0.00640430509309442,0.002501282222127836
32,0.005672096808718917,0.002190936532427083
33,0.0054115903211097655,0.0018583413932407112
34,0.006076885840772647,0.002825034392197012
35,0.005959979311301394,0.00238576133555749
36,0.00491075024876685,0.0020263208721748045
37,0.0044910588787696335,0.001980035379937474
38,0.004846300343847971,0.0022887188712494414
39,0.0043930658236809115,0.002107558375747319
40,0.003988616947851828,0.0017257339214873419
41,0.004315647227936676,0.001714208796456979
42,0.004000366862089638,0.001889738593283191
43,0.004014097811998783,0.001684185329890042
44,0.003951477804375621,0.001687706411375027
45,0.004187848671285816,0.0016923000088386367
46,0.00466040412596318,0.001687530681425542
47,0.0050042932373625965,0.0017148358379735758
48,0.005701591723141818,0.0017537337874895648
49,0.006059162031426818,0.0019912372502547348
50,0.006549598938455549,0.002917759818956256
51,0.005676415877296454,0.0024337321540275425
52,0.00489538591956463,0.0016831174827785346
53,0.004942792266636541,0.002686744848911634
54,0.004383381000430653,0.0017785584174194618
55,0.0037971292528930084,0.0017652222416935522
56,0.003919993452061403,0.001638994887144419
57,0.0043018145233158665,0.0016833830731022253
58,0.004552709134165555,0.002307967345124078
59,0.003676982297859501,0.0015458165455544204
60,0.0034621812213849385,0.001856547823224805
61,0.0037434362021338255,0.001792033660437977
62,0.004080279958621318,0.0017772330208109658
63,0.004408842223707788,0.0016584965367719793
64,0.004192741896573577,0.002070699019864071
65,0.0035309433822485947,0.0017208770191166223
66,0.0032494467757089654,0.0015421748802621376
67,0.003512342219902479,0.0017972240130531422
68,0.002923411238746779,0.001446342493995632
69,0.0029891912242719482,0.0014394490424086128
70,0.0031047314726446885,0.001487372034605135
71,0.0038177268287040178,0.0014851874050994713
72,0.00442987486653446,0.0017265904686626112
73,0.0043222261836547505,0.0018803772839243735
74,0.003486970180310764,0.001411789917926255
75,0.0034160985344009924,0.0015165111429891304
76,0.0031370488730914255,0.001404271154713474
77,0.0036366424831296815,0.0015390590731904172
78,0.0037301863132477016,0.001544306120067312
79,0.003998929413643391,0.0014234471784316395
80,0.003785959217391817,0.001663510197479474
81,0.0035652678019414295,0.0015810024597796431
82,0.0032355226328463194,0.001581732077491388
83,0.0032964678750215764,0.0018941075888282636
84,0.0030406149296028245,0.001351732245989536
85,0.0032075241624164746,0.0014268633778811548
86,0.0031280046321588194,0.0013582898781781918
87,0.0034442243538471834,0.001402849699125478
88,0.003380274072201698,0.0013205100283876323
89,0.0033781486660905222,0.0015727432318064466
90,0.0032805239198238543,0.001377281967730245
91,0.003623710990351922,0.0015298142240856563
92,0.0035544399669423152,0.001441589003151054
93,0.003255948365826881,0.0015296433018847254
94,0.0027939038315420582,0.0012933143675980861
95,0.0025106195891097215,0.0012778070359082338
96,0.0027946817122211265,0.0014518194407093944
97,0.0023965999893649087,0.0012204575846625264
98,0.00287370650174119,0.0012761582967645505
99,0.003152648023578353,0.0014394930698663781
100,0.0028917934529379295,0.0013632071408720915
101,0.0029629938089878773,0.001306537481580387
102,0.0032015031814757234,0.0013075429729692508
103,0.0034302093663998922,0.001517018805699129
104,0.0036616128784836793,0.0015163909349786607
105,0.0033837276276031973,0.001191369582604813
106,0.0037683869165938875,0.0013530889991670847
107,0.0036421414199780937,0.001394409698581225
108,0.0034836650969067274,0.0012800159757924185
109,0.0033322173381227526,0.00181298718783645
110,0.0026722234579528085,0.0012750993319378611
111,0.0023600644144322236,0.0012228829733079724
112,0.002453621387494692,0.001212894740890254
113,0.002221092869434993,0.0014242939293596958
114,0.002190065097606645,0.0012399025645368454
115,0.0020184678892665145,0.0011466411881867731
116,0.0019532200668241186,0.001148888735067949
117,0.001775000780945998,0.0010983416046783851
118,0.0018718549315321924,0.0010737587673295486
119,0.0020728808393731166,0.0010701542630334173
120,0.0023725314952033273,0.0011677858011241544
121,0.0024103327795707116,0.0011782964421926361
122,0.0025856688096111617,0.0012788705429748486
123,0.0025057374437975114,0.001120448569979584
124,0.002253845387283082,0.0010636780684683145
125,0.0027436050517325263,0.0011169098342131627
126,0.0028714457113152765,0.0014039938064422785
127,0.002611458334863758,0.00108511648508475
128,0.0027283259304191586,0.001141653890443737
129,0.0029788064936185693,0.0010498232359328029
130,0.003103298625955927,0.001064537575043607
131,0.003364513234851352,0.001098560626830971
132,0.00300661337084054,0.0010596720681509428
133,0.003184873579447052,0.0011159160966870555
134,0.003199078484778057,0.001126774317143779
135,0.00328988906395919,0.001139591262152974
136,0.0032699670838468413,0.0010702272084655992
137,0.0032045107410430753,0.001241034876122221
138,0.002958018878835658,0.001392022822983563
139,0.002387151746631943,0.0011970219733356906
140,0.0018574551658470826,0.0010272594446545107
141,0.0016899707365088672,0.0011678838340581901
142,0.0016328227614015212,0.0010939309252997894
143,0.0016486829845234752,0.0009696811576488248
144,0.0018384780590121762,0.0010338720228326949
145,0.002112515224794001,0.0009802213171496987
146,0.0022814577131696294,0.0009939666069521192
147,0.002509229940428914,0.0012860613621836691
148,0.0024013930357127964,0.0014201741167262458
149,0.002131008905526023,0.0011755722960898358
150,0.0019447820209922435,0.0012812697126432077
151,0.0018133061830715048,0.0010261329783437152
152,0.0017187749994609888,0.000933367176912725
153,0.0015720023926393003,0.0009706303499753407
154,0.0015547218674429762,0.0009362924978823253
155,0.0016691220760098407,0.001009884222998823
156,0.0017979934573479088,0.0009527407850040809
157,0.0017262990870894979,0.0009477434101873976
158,0.0017695793933617066,0.0009088373983997787
159,0.0022124200646910187,0.0009745539782830237
160,0.002233687062937942,0.001017750318472584
161,0.0022956984510554253,0.000911632460836125
162,0.00235858287281937,0.0009146926275111342
163,0.0023907024850565,0.0009452991448996359
164,0.0025918947983399865,0.0009177059380402952
165,0.002891238530151819,0.000968219908444505
166,0.0027519705417658647,0.0009913167307610835
167,0.002788265182085686,0.0010383187286686479
168,0.0024762486703336292,0.0009517008336587695
169,0.0021721909243619985,0.0010374660048176323
170,0.0022333373212422947,0.001030039078997154
171,0.0020424099484650355,0.0011583233881218913
172,0.001884144138427773,0.000999153630497555
173,0.0019381333928373211,0.0010197739506940962
174,0.0019261465167356932,0.0009376513567475373
175,0.0018808728951089618,0.0010040807537734509
176,0.0017714407750085179,0.000986708656950086
177,0.0016177280035591561,0.0008761947157613019
178,0.001629053249737381,0.0009071670386842207
179,0.0017744343200402682,0.0010269467081678542
180,0.001711549530948397,0.0009857728707669466
181,0.0015308853676851456,0.0008529246368102337
182,0.001803260764276144,0.001050381508672185
183,0.0016115335530209735,0.000865555787050541
184,0.0016568154720329464,0.0009334501575498858
185,0.001742580881989179,0.0008556231950295338
186,0.002074584275090752,0.0010279966375316705
187,0.0018340317767282482,0.0009521881410476278
188,0.0019275401753453085,0.0008633448681058852
189,0.0020045003722491714,0.0009207566352479421
190,0.0022320086599683575,0.0008788161008341009
191,0.002442629115955082,0.0009731447197529569
192,0.0021564840370818425,0.0008822193291659156
193,0.0022504229064426186,0.0009757442289571229
194,0.002226262796267113,0.0008924452673741861
195,0.0022135548599155367,0.0009609739961952233
196,0.0024259115616428496,0.0010433083843325445
197,0.0021457566187292804,0.0010081184742024593
198,0.002194395537909127,0.0009959037670980028
199,0.0017412955335131724,0.0010086078464314994
200,0.0017323500123671393,0.0008787979543405143
201,0.0014531618479093175,0.0008765405090934221
202,0.0014855531854945094,0.001012886975475244
203,0.0013809364618583993,0.0008502307934114677
204,0.0014260594152404973,0.0008418871745418169
205,0.0014201289881508388,0.0008440464091683296
206,0.0016670262318731889,0.0008702650880686155
207,0.0018425627008574587,0.0009029133647696622
208,0.0020173584173204307,0.0009979446900583674
209,0.0018644641940993945,0.0008485180881331887
210,0.0019241044967050094,0.0008577926558230007
211,0.0022236268740248124,0.0010000756153379356
212,0.002097084312732242,0.0008820890532724821
213,0.002141262953784024,0.0008544044695761904
214,0.002421500770184967,0.0009028120650583061
215,0.0023864531063882677,0.001021942377025098
216,0.0021669855231604496,0.0009906572614502358
217,0.002019368871935947,0.0008521009279464028
218,0.002080897410744785,0.0012681374546924704
219,0.0015613475977402525,0.0008385589248255679
220,0.0015364649984335452,0.000911748937429174
221,0.0013411968800582212,0.0008534531787103205
222,0.0014867225668375196,0.0008310236122557207
223,0.0016093941835725572,0.0008738355939848381
224,0.0016419875744752988,0.0009031403082700675
225,0.001880757070396804,0.0008795856857639656
226,0.0021212267149792394,0.001135867613923262
227,0.0018914325855977924,0.0008792608482109612
228,0.0017220110753973716,0.0009708083061125587
229,0.0015867230080939296,0.0008804637279051045
230,0.001409597723317344,0.0008296578695687155
231,0.0014836555887273728,0.0008757659581310133
232,0.0015511958533572926,0.0008189649905257842
233,0.001518878878141391,0.0008963324250081522
234,0.001708755190004749,0.0008873473505669257
235,0.0015763693194946902,0.0008324790978804231
236,0.001842552168216771,0.0008372611227330932
237,0.0018767940618396846,0.0009032658295166728
238,0.0019109254476596417,0.0008918989649892115
239,0.0019320515701612279,0.0008523528353850308
240,0.002178150006686947,0.0008468314854166748
241,0.0020449929714225637,0.0008944266918932268
242,0.0020347281043616044,0.0009420079418065909
243,0.0018593356570791304,0.0008759716303055093
244,0.0015772440926664318,0.0008967781996991681
245,0.0015079787882356977,0.0008237769412644731
246,0.0014791729994911382,0.0008701193973569101
247,0.001469352760841423,0.0009749437398440613
248,0.0014482344247573047,0.0008343542535920023
249,0.0013212820884396191,0.0008238272153233227
250,0.0014282671722906917,0.000823329917661715
251,0.0015698292849944614,0.0008318680808307571
252,0.0014031196533609669,0.0008471852419652829
253,0.0013225033688708413,0.0008190777979938215
254,0.0013876535909829002,0.0008136690349171037
255,0.0013554516444665365,0.0008141276694164334
256,0.0014657270100112373,0.0008194892107623449
257,0.0019304706031589868,0.000912378356269185
258,0.00245554966345774,0.0008664406190642662
259,0.0026120823996148056,0.0011592591712414695
260,0.00263863575342477,0.0008799413958433689
261,0.002715818242642892,0.0009522511115248658
262,0.002559726043193102,0.0008999599560507034
263,0.002514764753106923,0.0010469432332013782
264,0.0018952539951311357,0.0008797009634834371
265,0.0015703903486380063,0.0008322907307413978
266,0.0012845744024945933,0.0008481921568888714
267,0.0013242631863776666,0.0008438173701921315
268,0.0013013817548725825,0.0008276076456368493
269,0.0012840122140108576,0.0008331001450291328
270,0.0015394008983768536,0.000993890092471255
271,0.0016877377608118102,0.000924201571921769
272,0.0015589065571847075,0.0009408298626607447
273,0.0014190757446020295,0.0009000756483721105
274,0.0012957874860656797,0.0008225103272451905
275,0.0012696181329692117,0.000825881881418785
276,0.0011487905564677315,0.0008222822114220706
277,0.0011616364150083775,0.0008146180730443774
278,0.001211356184218586,0.0008187850553280951
279,0.001266108332612238,0.0008015861548891847
280,0.0012091778275226917,0.0008074151813624459
281,0.001202638344319105,0.0008201899513471545
