epoch,loss,val_loss
0,0.06879263834307672,0.08392687011183354
1,0.012352907592597832,0.11366061421862819
2,0.013991298539895218,0.0918878418834586
3,0.013248203674765823,0.09001324064376061
4,0.013661143581153518,0.09508778808409707
5,0.012632128771935357,0.09129650250338671
6,0.014444113251727323,0.08814319014026407
7,0.012527558870528494,0.05938396406801123
8,0.013533010194609838,0.08786296073281974
9,0.01282891230946361,0.061672536035378776
10,0.013264798262987596,0.06427217392544997
11,0.011949228921975048,0.050628514143458585
12,0.011439979482034972,0.049482296171941255
13,0.012510333994181666,0.038914815114255534
14,0.010839432171055194,0.03572040717852743
15,0.01125525797111078,0.0518656720717748
16,0.009594490699968369,0.03571115303457829
17,0.010156219636757067,0.04490032831304952
18,0.009366147405487678,0.04010364282549473
19,0.008977611907750222,0.038130153689468115
20,0.00990217274623098,0.032344254027856026
21,0.008882561817060286,0.04052864694804476
22,0.008655993529211056,0.03021205791778732
23,0.00874299928090166,0.028856684568158368
24,0.0091898976954317,0.040190524764751136
25,0.007726744096878108,0.03483014697568458
26,0.008140334426493765,0.038998444156165706
27,0.006507830352478374,0.030563161430651683
28,0.007580196658122014,0.033457486579815544
29,0.007457350658748123,0.01808481219044903
30,0.007092456646312217,0.028051560058405523
31,0.0067740558201468395,0.030848243584235508
32,0.007202422466633468,0.02779051733382961
33,0.006707037976816856,0.036616023956683647
34,0.0063996688063221495,0.022409038912308842
35,0.006615011188616371,0.028195888588303013
36,0.005975280689352099,0.028622338646336606
37,0.006114338965232668,0.03344288161187841
38,0.006544842956007305,0.024761983569253954
39,0.005727594752521004,0.020941787317656634
40,0.005836295137154531,0.031439039398703655
41,0.00574729392429598,0.01983499455085972
42,0.0064546963379248905,0.024375394509549727
43,0.004350700313119038,0.019307520207867288
44,0.005855877381608157,0.018731415631216868
45,0.005434862924451054,0.01560121382537641
46,0.005697709082840026,0.027773261331675344
47,0.005099671063291404,0.02003714043581695
48,0.00547901233718966,0.009472614840457314
49,0.005708858094270817,0.02286485491091745
50,0.004301561026713928,0.013227449011122971
51,0.005741336389762299,0.014231738258610693
52,0.005332500022056636,0.015934861608241733
53,0.0046369619789072974,0.027320343739630885
54,0.005007728183760534,0.018206483439395304
55,0.005575700465522913,0.013521582378368629
56,0.005455597622857884,0.012946703226158493
57,0.00417178392419394,0.014156972989439964
58,0.0051352038271542865,0.011640203659210289
59,0.004939970721416236,0.02715373150350755
60,0.004503560579134239,0.010856677794404197
61,0.004775203641376429,0.026397907420208578
62,0.0038759811184267234,0.02139607202588466
63,0.0048488460687789794,0.011073389303004532
64,0.003934121443806475,0.013841409203514718
65,0.005838884444083855,0.01610113105230164
66,0.004149722678322485,0.020075126044582902
67,0.004516214136107176,0.016764432878086443
68,0.004678839684705604,0.02101238699335801
69,0.00481413851445009,0.014867210466610757
70,0.004686725720137261,0.013454622474678775
71,0.004025789801955077,0.02201888115521063
72,0.004494044915309592,0.015365465919961008
73,0.0036901854704852787,0.030490694534883164
74,0.003598903220748532,0.017182060304963796
75,0.004991792555637111,0.013905765554099753
76,0.004018032601252076,0.011984483943435183
77,0.004476860370699675,0.024787161695329768
78,0.004482518781286468,0.005471580890579182
79,0.002962245554610066,0.005289972334969462
80,0.005955569646632691,0.013036139146016356
81,0.003337817837835136,0.020462426373310257
82,0.00395346710194042,0.01787106261441582
83,0.004231495985557701,0.014251892830719027
84,0.004110756872197519,0.016355395578501516
85,0.0036337561168530153,0.008560579155751487
86,0.003791151760103482,0.009222214289924554
87,0.003378827405902048,0.05990814234603915
88,0.004382379736666238,0.017939918658189606
89,0.002921735453092741,0.005746142219817429
90,0.0038233654327435363,0.023578924306652004
91,0.004417882656426356,0.003254544947770212
92,0.0033775622311517668,0.002409525858973594
93,0.003602593341085689,0.002601013763954765
94,0.003583136116812343,0.004421468252283439
95,0.0037014958734333902,0.013428203761577606
96,0.003110842931207397,0.022468279589686477
97,0.0035982680804024754,0.021012340525263233
98,0.003059983523152343,0.01654952375643086
99,0.004870407435234763,0.003083332809374521
100,0.0025473864267460187,0.0050158591271100336
101,0.0039809688805719475,0.017678694472762577
102,0.0034297627266222947,0.017439511718980054
103,0.003411194912748955,0.013427977793310819
104,0.003256092104395368,0.017911130333678763
105,0.0029582643340574197,0.026313708931730503
106,0.0031943327791344673,0.02155868290809163
107,0.004098342961007289,0.004302382697923142
108,0.0026836536416774814,0.011960107408333243
109,0.0032033356268195887,0.016591503203176615
110,0.002501382572245199,0.046802482191930735
111,0.0035186523395373225,0.031575731410269155
112,0.0038292334680134037,0.016987690440656848
113,0.003230263943195975,0.002438853613280675
114,0.003849145799471129,0.006871656955857026
115,0.0026442898687303405,0.018219872165405958
116,0.004993918743045305,0.0032057811060855
117,0.0031318659719450437,0.0022749452721000764
118,0.0029051196814604335,0.0028344617274246716
119,0.002937919135869376,0.008876012752584199
120,0.00257984344728996,0.020411838238176546
121,0.0024826529923504368,0.01653587141711461
122,0.00394501266195811,0.012155833801156595
123,0.0028191858623024886,0.0031072499083453103
124,0.003951719048209671,0.002714684179967694
125,0.003037007547972715,0.0024075049277917857
126,0.003800017871631106,0.04289586299605537
127,0.003469986376940572,0.005323807855969981
128,0.0025644806129356532,0.0029058438039531835
129,0.0045140200643230466,0.00530268454499412
130,0.002482414943717578,0.0029887226818684945
131,0.002519777625780948,0.030555000822795064
132,0.0030049108205056256,0.005514533994229217
133,0.003059692043874893,0.003863333659083174
134,0.0027802890108907397,0.003852740322288714
135,0.0024743467952211373,0.03600712839448661
136,0.0035913844447017784,0.01567286847714792
137,0.0026037653214579255,0.006961736860766746
138,0.0029625679133839745,0.014459451333734026
139,0.004181112796311277,0.0027154083690491683
140,0.002552856051941899,0.0024579481360616916
141,0.002296433143308584,0.00526605972922162
142,0.003747704239838664,0.012526897158016238
143,0.0024462046434413063,0.0056725725400866124
144,0.002399136232163569,0.0030518610769752087
145,0.004054431067430224,0.0025031707993005974
146,0.0021920762811810214,0.01296802659175898
147,0.002940151968828082,0.020222483268171026
148,0.0031523947257603266,0.013332433377703031
149,0.002129380271403912,0.0024557216889470033
150,0.004109186816544289,0.005063896868051144
151,0.0031343427878693596,0.009758976827326574
152,0.002430897449153866,0.003952679645041363
153,0.0040204375279614575,0.0020331413640330234
154,0.0021884615939842815,0.003189206727894775
155,0.0022915363107423553,0.016053318977355957
156,0.0032170408463856087,0.010926991537736174
157,0.0027581005855531813,0.005977963326139408
158,0.003192127970933039,0.006598814684701593
159,0.0026234288648269207,0.02208178353152777
160,0.0024708014951645113,0.005510154033177777
161,0.002004179242864664,0.0029180844686108463
162,0.0044439716749257886,0.004238718900045282
163,0.00238713139301959,0.013399187017951095
164,0.0026170063033080122,0.010744037956260798
165,0.0026983646706330057,0.007531818672361081
166,0.002775839733895747,0.006441248850406785
167,0.0026720073932499228,0.003287431857499637
168,0.0025773079933668524,0.002177448647113092
169,0.002948539495258478,0.00700835728396972
170,0.0021998017599432445,0.009168619535079128
171,0.0027870273067149504,0.013386317904581103
172,0.0026185003338688546,0.006506301887464105
173,0.002228866143647405,0.002226463800884391
174,0.003186913206793526,0.003969931109040452
175,0.002910303152477761,0.002754109552162781
176,0.002247247631284811,0.0021675642326539546
177,0.0028636712811850804,0.006012098716669961
178,0.0026106406527390586,0.013813471388921403
179,0.0025112760962757354,0.004787551565912732
180,0.001924113171831454,0.0031204415758940996
181,0.00411175287193444,0.004924111836181398
182,0.002320527316330891,0.006036302058451008
183,0.0021641469016659026,0.0050559435366538535
184,0.0032512709379901115,0.0021504795734296764
185,0.002593373774959543,0.0022930495416451442
186,0.0025853193380230306,0.0020376014637581087
187,0.0024888715194006485,0.00397491995898778
188,0.0022621698025006307,0.009160799774945829
189,0.002052497599945445,0.009421368995518015
190,0.002261800351165247,0.003982467135708583
191,0.002939972873825768,0.0045101715153769446
192,0.002428655675384497,0.00465800305991842
193,0.0018554426456967195,0.0022995913311381613
194,0.0032308928529484284,0.009056045494058676
195,0.0022848338727363754,0.003241460794877065
196,0.002399791979350964,0.03632703430035658
197,0.002530362373476219,0.015607260069564768
198,0.002226431087969056,0.0019615703066320797
199,0.0027656582834390503,0.0020918085631963456
200,0.002024313296703394,0.0020861696133292035
201,0.0031292185845950447,0.008472299464700515
202,0.0022913486997598437,0.0036040147717453933
203,0.0024650608228145815,0.0019537359190157106
204,0.0021004861377963576,0.004979836247992097
205,0.0031631841661551355,0.002463134736835695
206,0.0021333527940418117,0.002055909194607745
207,0.0023368450221993016,0.019936082492533484
208,0.002440131871032773,0.007310495989625914
209,0.0027418912078449914,0.0030095818995808563
210,0.0020772164632819994,0.0211223105066701
211,0.0029589629847538122,0.006937881637560694
212,0.002253471059363098,0.002395224197882048
213,0.0018270184342152338,0.011731521030397792
214,0.002405630564772893,0.014214703715161273
215,0.0030513662908706347,0.005930059638462569
216,0.002027345847089275,0.004889496193643202
217,0.0028057344968857615,0.00501605571786824
218,0.0024390601447432454,0.0018573240295313952
219,0.002205797338738223,0.003796925882629135
220,0.0023626927856118898,0.006149708783548129
221,0.002020240046895226,0.005318381333429562
222,0.0019289012405820812,0.023101287191374262
223,0.0020914472264296955,0.007507745764757458
224,0.0030241110821696664,0.0023295775979038395
225,0.002028368087561397,0.0021837249729096107
226,0.002122488346476515,0.0018999099919343727
227,0.0020263628938446522,0.0038851187482737658
228,0.002048946886671309,0.01290953897854738
229,0.0024203319020104424,0.008000332600714867
230,0.002819606096166236,0.0023162347538266004
231,0.0022847248175976035,0.011027601759946137
232,0.002162402664002815,0.00283192964107321
233,0.00185285534688422,0.002404712857433448
234,0.0027060096484850514,0.0023310671789212186
235,0.0021161063662373126,0.001983781872121127
236,0.0026227255267521053,0.01749644245494876
237,0.0025526339736680515,0.003463924723562964
238,0.002169240896208713,0.0021138613259321765
239,0.0019330486192232754,0.002623946724557563
240,0.0018598750498765688,0.017787676500646693
241,0.0022029630884643626,0.0026409924928948543
242,0.0027224902978218593,0.013370311051084284
243,0.0021146944637424015,0.0084097698788371
244,0.00226011437016006,0.0018202767854458408
245,0.002564303035700472,0.0019319256882003525
246,0.002239352334852879,0.02312686091713738
247,0.002722713509103554,0.002513012464828136
248,0.0018762509269430187,0.0019482224423993837
249,0.002851435079028128,0.0025946182574619328
250,0.0020893786137097105,0.003968233610258291
251,0.0021785647429063987,0.004756985885793702
252,0.0019656647654587548,0.003739004997585557
253,0.0019430234321039079,0.0063657081898367196
254,0.002963569790480406,0.0020146645532038653
255,0.002022028230297794,0.0020755090742584385
256,0.0021889101741242954,0.0024613341778157312
257,0.0020249930391206634,0.00202762933545991
258,0.0020721714288834936,0.017081283817165775
259,0.0027842709261371008,0.0023556320209121495
260,0.002195468655184252,0.0020908229053020477
261,0.0018028834261923882,0.003674902618258146
262,0.0023730664763168155,0.0033086661755907954
263,0.00211982159810004,0.004102547181231019
264,0.0028767519278017285,0.0028956722582510687
265,0.0020903797442667783,0.0023607423471842417
266,0.0018557477993115807,0.01258525160843866
267,0.00214318444760179,0.005287411541008113
268,0.002391394776965189,0.0042758723475823275
269,0.002158818204338749,0.005330220689964399
270,0.0018900902854464036,0.0015649168727625358
271,0.0023750351627203855,0.004667986919613261
272,0.002118020110306304,0.007133218165683119
273,0.002124998504660574,0.0029033607427488292
274,0.001722578294301743,0.002323681729633296
275,0.0021756219033449643,0.00192326893866585
276,0.002135214720948388,0.0018940587740456849
277,0.002059749892584639,0.003640878659656696
278,0.0019081394795060983,0.002798198003387242
279,0.002723894787718334,0.0068104268264090806
280,0.0021043306195327547,0.0024896008697779556
281,0.0023014136046159033,0.002333718262155328
282,0.0017713397577234816,0.00364223923207375
283,0.002103113505129397,0.013645078137255552
284,0.0022281169276806064,0.005411602131891669
285,0.0020420330661678684,0.003861230291556894
286,0.0018302614015920564,0.0023465006726614214
287,0.0024028084458111746,0.0023955548868367545
288,0.0025267330766313664,0.0046614538796507475
289,0.0019132636100445764,0.0016531533104155148
290,0.0017096311593470795,0.003620255664971314
291,0.002104532839593646,0.007251603038687455
292,0.0021048972981740368,0.0032827297568713363
293,0.001904432057535206,0.002191315952427032
294,0.0018665227001353635,0.012817327586705224
295,0.0022263739377314904,0.015035088321096018
296,0.002248848641069445,0.0020262162311394747
297,0.0019455741210513996,0.002008173359443613
298,0.001897663570641195,0.002919388853274939
299,0.001907091843401846,0.007132397964596748
