epoch,loss,val_loss
0,0.03616628150639395,0.05657339723486649
1,0.05909793411683572,0.048866498235024904
2,0.062092391250830124,0.015072512391366456
3,0.031881729867955975,0.007718997615340509
4,0.006182263121892091,0.008390471045123903
5,0.002779304145328278,0.007968694772244546
6,0.003274481188013809,0.008380868553853872
7,0.003382052633214259,0.008435522745314398
8,0.0037257012151730557,0.008458402497987998
9,0.004136433914401564,0.008304368050997718
10,0.004617431747532315,0.008015461462108712
11,0.005077627466188761,0.007667859722124903
12,0.005406396697329753,0.007369547886283774
13,0.005522427924299119,0.007177625276279031
14,0.005421029317849627,0.007082776999787281
15,0.005169272012330408,0.007043025636097841
16,0.004858259034361202,0.007016160721449475
17,0.004557997419259919,0.006975636866531874
18,0.0043048832532425335,0.0069120924658419795
19,0.004110357670703308,0.00682714143604563
20,0.003972429790432351,0.00672661862744574
21,0.0038831812770411082,0.00661615782270306
22,0.0038324253315028755,0.006499699790749634
23,0.003809273862977852,0.006379480718782074
24,0.0038028846967612076,0.006256723613069768
25,0.0038030983499274173,0.006132360073950207
26,0.0038012023697781496,0.0060074394405411
27,0.00379073423641804,0.0058831230720929936
28,0.003768053291811845,0.005760507674462963
29,0.0037324430939885745,0.005640449672283833
30,0.0036856583500979668,0.00552342443220448
31,0.003631009726377423,0.0054096392797012074
32,0.0035723018734798682,0.005299194291103305
33,0.0035129143382524354,0.005192282952760395
34,0.0034552328359528078,0.005089320879625647
35,0.0034004936497863524,0.004990941632473678
36,0.0033489628093653087,0.004897879992137875
37,0.003300296260788406,0.004810712594342859
38,0.0032539390761698586,0.0047296871545544844
39,0.0032094062686874947,0.0046546560009582
40,0.0031664170102814844,0.00458522335413778
41,0.0031248906270066983,0.004520844831539874
42,0.003084875952182724,0.004460948960561501
43,0.0030463777770738574,0.004405087399247445
44,0.003009135874499276,0.00435336231531804
45,0.0029723615289778526,0.0043070169427154355
46,0.002934533030987038,0.00426928473538474
47,0.0028935005152195842,0.004245380658591003
48,0.0028468792677275793,0.004241418191476872
49,0.0027925097647735772,0.004263756437259808
50,0.002728949301733393,0.004319590598083379
51,0.002656260210189536,0.004413519936956857
52,0.00257657822059857,0.00453820309944843
53,0.0024948445187012564,0.004660247318577348
54,0.002418733145142641,0.004726933560481197
55,0.0023524824168712883,0.004811368670249195
56,0.002312685060373978,0.004757703314617015
57,0.0022824738106858315,0.005003086650711403
58,0.0023045043116411753,0.004704051242585768
59,0.0023224178532487024,0.004937865820370223
60,0.0023099238455735597,0.00799717850525651
61,0.002708439714615182,0.0023068459581975873
62,0.0022918445991263877,0.009540475643517678
63,0.0034556570139561388,0.00436668356128952
64,0.0032430676904851596,0.013898128382208054
65,0.003994190272505282,0.004743497067114763
66,0.003550343942149502,0.005051298834906335
67,0.004036298061497856,0.003905942581855414
68,0.003203418869785428,0.003966086723825387
69,0.002648436152482694,0.004056950998410844
70,0.002305116313789592,0.0032926960848271847
71,0.0018544401105053275,0.0041304623642772955
72,0.0017438256010258607,0.0037511274087847326
73,0.0016006505076208047,0.0032767918156950096
74,0.0014230996744106323,0.0054644589034611715
75,0.0015847373514843886,0.0022801962485046764
76,0.0013352266158340822,0.00487942931552728
77,0.0016562288727967746,0.0030119025818350024
78,0.0014602570826263434,0.007479484078654072
79,0.002032713504440319,0.0021321909265233237
80,0.0017799387392599788,0.004866738101108032
81,0.002503768429826475,0.004310054753563906
82,0.0024789318119614974,0.007104417603266866
83,0.0033868382078462186,0.0034169210121035576
84,0.0029006147607143692,0.008530542319803908
85,0.004003951839777775,0.0036480134973923364
86,0.003513260598426131,0.005685837841347644
87,0.004002033600348673,0.00460379918743121
88,0.004631758479450362,0.004886877004122525
89,0.004098304651167392,0.014072307303809282
90,0.004516660799859857,0.005928655873918743
91,0.004056883819723008,0.006345081159420181
92,0.003035495836038543,0.00361738845771342
93,0.002394023267780947,0.0031520954267889784
94,0.0014369951459168315,0.0030165123181384907
95,0.0010608839359848897,0.0031472982904105855
96,0.000923714818745208,0.0029878277952472367
97,0.0008656204257997906,0.0029882145228615977
98,0.0008399173806426978,0.0029436513585479637
99,0.0008246604147959409,0.0028910596054374125
100,0.0008189755028222548,0.0028933432247293623
101,0.0008236656190589336,0.0029166659274906443
102,0.0008405520126087928,0.002970508838954725
103,0.0008772005289390835,0.003064578023265328
104,0.0009470152031672861,0.0031911637634038925
105,0.0010731102612656584,0.0033346013280383326
106,0.0012924190537505654,0.003461432496183797
107,0.0016465725644927702,0.0035837605726300624
108,0.0021427783197948075,0.0039316589470233835
109,0.0027416215185943446,0.004245874373928497
110,0.0033108441957180323,0.004156819724461488
111,0.003182940576505468,0.025418631144260104
112,0.004009351743090263,0.0035664494427149755
113,0.004617580292891525,0.004723150740590012
114,0.005008088260184056,0.004398239890865067
115,0.004045045489262376,0.004393870991311576
116,0.003949593413332564,0.0034785226085468344
117,0.0033196753910588925,0.003119145520031452
118,0.002003171939953253,0.0025389908665889188
119,0.0012798834586978136,0.0023274157245300317
120,0.0009440220383790011,0.002194408294663095
121,0.0008015853777105126,0.002215627433830186
122,0.0007440415287909242,0.002272571673976225
123,0.0007227241367895777,0.0022838905437342952
124,0.0007169085117013594,0.0022797355379321075
125,0.0007213766938079366,0.0022925621862604955
126,0.0007368100216713948,0.0023241515614484485
127,0.0007672155259479118,0.002372417696996739
128,0.0008206971401347133,0.002442170522714916
129,0.0009111775947651124,0.002538198891112156
130,0.0010600552797967301,0.002659443202183435
131,0.001295501451228038,0.0027932633090306793
132,0.0016436863006120208,0.0029057813563237063
133,0.0021060359254984106,0.0029604397877527958
134,0.0026139856693094357,0.002985055926010797
135,0.0029660789065368972,0.0031479030128633767
136,0.003082925365854506,0.0029723230675843203
137,0.002536795308768503,0.007581263519169991
138,0.002815817873120611,0.0018692054405906483
139,0.0029120718055640512,0.007516225211714443
140,0.004400184256388198,0.0031947922615105646
141,0.005807257199046422,0.0047468145688374834
142,0.0058700275275411495,0.003039205275279911
143,0.004501912910822435,0.003381900832449135
144,0.003950192849723516,0.0025836314695576825
145,0.0015785773345848874,0.0020918483159651884
146,0.0008813055694181311,0.0018687202480801364
147,0.0006610400953852933,0.0020820120545594315
148,0.0006146861981442017,0.0023469915613532066
149,0.0006003645762771993,0.0022474497785432298
150,0.0005918624579719569,0.0021242756037074223
151,0.0005868608427725284,0.0020762987173440165
152,0.0005826376164434549,0.0020378857785672473
153,0.0005783772853181037,0.001987729907820099
154,0.0005744747564872406,0.0019411710499410045
155,0.0005711099272574141,0.0019034919933530322
156,0.0005681376257508356,0.0018710732304801543
157,0.0005654487286707754,0.001842159050794547
158,0.0005630366267123047,0.001816881281372748
159,0.0005609076738749472,0.0017948539135160676
160,0.0005590559626479178,0.0017751116599691542
161,0.0005574811979513979,0.0017564692738743727
162,0.0005561985471936464,0.0017373776267560427
163,0.0005552421343078321,0.001715591683853091
164,0.0005546802237699286,0.001687786509201192
165,0.0005546610873976406,0.0016491331789119724
166,0.000555515988932167,0.001592808970854732
167,0.000558002811931878,0.0015100501641108278
168,0.0005638344198777628,0.001391968158841656
169,0.0005767707554047815,0.0012362598923541476
170,0.0006046516907631651,0.0010636196055106427
171,0.0006625313314969614,0.0009436158998460885
172,0.0007757569961805783,0.0010034986608253237
173,0.0009791514814368415,0.0013702481499007135
174,0.001307462494083815,0.0020614585210160727
175,0.0017691115408293605,0.0028353904439299775
176,0.0022874549705500474,0.0034575590847484897
177,0.002683474304932063,0.004150422780137313
178,0.0028379724471799075,0.00407232320459004
179,0.0027693554898605673,0.004036714674153349
180,0.00271461832445118,0.0031335578185685896
181,0.0027720194937271726,0.0033341819796253716
182,0.0028328850611438697,0.0038788339384553724
183,0.0027506707897007616,0.003175217413196438
184,0.0027925676085010713,0.0029076521056132358
185,0.003615069776382313,0.0013970362437121047
186,0.0025562327225029367,0.0016002216654127104
187,0.003372106609265119,0.005195973530869212
188,0.0017126746667717773,0.0016639045778694644
189,0.0016383601007170844,0.005396549034406219
190,0.0008508252017602173,0.0035898667073955663
191,0.0005526454619681628,0.0021893502000653953
192,0.0004938455393370698,0.0017814611721979944
193,0.00048565063446170313,0.0018226564739291604
194,0.0004863576342727891,0.0018669289430570707
195,0.00048669752479841574,0.0018230914710122242
196,0.0004888395701701044,0.001796494503587223
197,0.0004947204259125662,0.001809431485047466
198,0.0005045252906653011,0.001831675957267483
199,0.0005192329085279795,0.0018564870033674595
200,0.0005418533263341614,0.0018915227336580294
201,0.0005774710170014239,0.0019394115936991415
202,0.0006344330095990414,0.001999519503953164
203,0.0007271424982149492,0.0020696395648676052
204,0.000880355124813674,0.0021404758700283998
205,0.0011349863474865293,0.0021856059565355905
206,0.0015512142363134503,0.0021494758691181217
207,0.0021820385602462932,0.0019893902435637358
208,0.0029461500230958965,0.0018474915996193886
209,0.0034457096383669534,0.0019305102555734809
210,0.0031456556924280474,0.0019267789545681392
211,0.0023041826331393384,0.0017744439302763918
212,0.001420368009682975,0.0015078936458418244
213,0.0009179814538471306,0.00133765064866135
214,0.0006268033192486713,0.001628941741951725
215,0.0005278401315834446,0.0015186654861297523
216,0.0004900621233908594,0.001984602453089074
217,0.00048397478163928414,0.0016311803881667163
218,0.0005034075892797713,0.0020438860366611103
219,0.0005078775958835473,0.0016603712768604357
220,0.0005406980637569772,0.0018772983580435578
221,0.0005583427884382536,0.0016591710185534076
222,0.0006018026091574764,0.0017036810239548224
223,0.0006461651122613883,0.0015909083375478523
224,0.0007168503010339536,0.0015537728343093605
225,0.0008082838691960292,0.0014675638818165712
226,0.000937948422545881,0.0014026413279536523
227,0.0011096479361135572,0.0013303158012333146
228,0.0013306004028360435,0.0012797393607335132
229,0.0015877244332024574,0.0012519310612492916
230,0.0018524061567106683,0.001289351402144683
231,0.0020679045718156944,0.0014271740556547517
232,0.0021786566983015734,0.0017714813564038067
233,0.002128083580414071,0.002288473802700377
234,0.002002163911214655,0.003680688811041284
235,0.0014946461661311085,0.0018539930236313427
236,0.0016421153031488302,0.004303755728822006
237,0.0014984310580185669,0.004912695978163627
238,0.001006368618848072,0.0013488344562223606
239,0.001116130836871843,0.0067689458496476475
240,0.0004883648213411143,0.001822282200711861
241,0.00045501142349405646,0.0023293666737644295
242,0.0004300353076182003,0.0026425666159443687
243,0.00043446347402794337,0.0024504435183316992
244,0.00045695994714681915,0.0023732980664231277
245,0.0005021008394660931,0.002399574744662172
246,0.0005771948990798859,0.00241115290606231
247,0.0006926426322733278,0.002409400614468675
248,0.000864803435294325,0.002388308519138056
249,0.001110559088871148,0.0023214443864529592
250,0.001442098265271681,0.002188027019432762
251,0.001849629980914932,0.0019890540116058106
252,0.002255503216381425,0.0018083048665798024
253,0.002458565835710883,0.001751064956024812
254,0.0023317494081486266,0.0017495672402315233
255,0.0018442716895248567,0.0017204640694616134
256,0.0016632336296320946,0.001779645722228707
257,0.0012481136042827774,0.006161083238558811
258,0.0015350466475417485,0.0017996293026953936
259,0.0009941136479065466,0.0027170799215111814
260,0.0008853507076096732,0.0015920039486924285
261,0.0006298295995137741,0.0015442014361421268
262,0.0005287005155304704,0.0015897813351138641
263,0.00047145917438756073,0.001615516277716348
264,0.0004454824901371248,0.0016849679594630735
265,0.00043797712898470154,0.0017562433056075846
266,0.00043915345233563056,0.001809286505081936
267,0.000445432604742406,0.0018521542497502085
268,0.00045558803619786934,0.0018839178802935702
269,0.000469947623358653,0.0019059954456200725
270,0.0004902206936765976,0.0019167133182156505
271,0.0005197784555172997,0.0019126989176137406
