epoch,loss,val_loss
0,0.01662259604852839,0.0626886636018753
1,0.05232037810898945,0.04114670257427191
2,0.04255970933369718,0.005916452991138948
3,0.009440521614596084,0.00800644265683858
4,0.010432954800333339,0.038341778281487916
5,0.005457603340005624,0.0045143984576785255
6,0.004624637933727906,0.0026805423518740817
7,0.0026281013868742834,0.009403107736847903
8,0.003352201055218036,0.002172671907924508
9,0.0033384149956811066,0.0014346463385185128
10,0.001880961008390426,0.0057494835192827805
11,0.002140009577920744,0.002119908133815778
12,0.0027452242992633824,0.0015792222387206397
13,0.002098742438457389,0.0021799891010711066
14,0.0018995064711923712,0.0024985907917940303
15,0.002157585920034975,0.0019983682217762657
16,0.0022666600258203946,0.0019505978194310476
17,0.002318199821053882,0.001968731638044119
18,0.0023710991909087122,0.0019953611282337654
19,0.0023660824524126727,0.0020570786375748483
20,0.0023175686783930894,0.0021371025910699054
21,0.0022428687346450964,0.0022301949364574333
22,0.0021726568853466834,0.002319108339418706
23,0.0021222736114741734,0.002390161193417091
24,0.0020929581438767692,0.00243804649155783
25,0.0020754500110866303,0.0024663538206368685
26,0.002056788799615544,0.002480877796187997
27,0.0020263643492136234,0.0024851390503739055
28,0.001981575946322785,0.0024791642606846595
29,0.0019284491748592417,0.0024615355865343623
30,0.0018773457022804915,0.0024319960319093966
31,0.0018376329104249681,0.002393111831655628
32,0.001814797659231875,0.0023500327707121245
33,0.001809660382773869,0.0023085719930302155
34,0.0018182932030548365,0.002272719517350197
35,0.001832565436633359,0.0022429119011289195
36,0.001842222193446859,0.0022161571603072317
37,0.001838510369276352,0.0021880647094037974
38,0.001817534575759292,0.002155484288538757
39,0.0017812593879886318,0.0021176352594537953
40,0.0017359105712015759,0.0020756923997970788
41,0.0016892111245511222,0.0020319870489306354
42,0.0016479920871890167,0.0019893222794819033
43,0.0016168480282404937,0.00195019105204234
44,0.0015977676455120758,0.0019161637235236796
45,0.001590365651998098,0.001887661699009569
46,0.0015923322904318772,0.0018641719177953508
47,0.001599885075795484,0.0018447316741864932
48,0.0016082017881611235,0.001828415595044039
49,0.0016118415615976388,0.001814418270154611
50,0.0016052734130831037,0.0018013210195165716
51,0.0015835942774238246,0.0017857310074185463
52,0.001543496456233805,0.0017611800117026035
53,0.001484447742033999,0.001719994648163648
54,0.0014097491540661386,0.0016612473562800962
55,0.0013260655282546312,0.0015985751524567604
56,0.0012408219924303849,0.0015542602479016703
57,0.0011600542102430163,0.001548224943690002
58,0.001085295214256229,0.0015908612158933753
59,0.0010152230840444463,0.001686565602492345
60,0.0009497746133823563,0.0018468490850768592
61,0.0009045536625124104,0.0020663535442987553
62,0.0008701883913132155,0.001595683751235667
63,0.0008920621419456376,0.0014404746225888008
64,0.000880785129990375,0.0057295550543226695
65,0.0008924932709097023,0.0035224017491073986
66,0.0009718400092143329,0.0013094998553003136
67,0.0008518623380750658,0.0030202912044172223
68,0.0011808460783946763,0.005553111311440405
69,0.0023063600810905517,0.0042284202247269845
70,0.006500565098751586,0.004023279896692226
71,0.009580590877528985,0.004433657753428346
72,0.013617810319279534,0.036912645360356884
73,0.022414217357839963,0.016148852919669526
74,0.019025261061633547,0.009164950075118165
75,0.007611345589652999,0.0053147364799913605
76,0.002347549573308571,0.006295507847282447
77,0.0021112961086399607,0.007256065311498548
78,0.001939480717173264,0.0013302506627760043
79,0.0014505954236533434,0.0076189241372048855
80,0.0009856090639819605,0.0012869601088919137
81,0.0008931738662767673,0.0028883733566066154
82,0.0008118462116575021,0.0021963218153503382
83,0.0008957149831252449,0.001353183798001785
84,0.0007850557647406532,0.0026105383754168685
85,0.000785757190958738,0.001458916476143426
86,0.0007551056526090309,0.0019275314591236804
87,0.0007408090918261801,0.001758798233870613
88,0.000748031221302171,0.0016571066807955503
89,0.0007316981210427754,0.001776917053288535
90,0.0007322021917961254,0.001666747585037037
91,0.000724552233252362,0.0017036899164515106
92,0.0007212346666224402,0.0016744298321243964
93,0.000716319433908285,0.0016732239041869577
94,0.0007127656608860968,0.0016600583974075945
95,0.0007086067658018677,0.0016550052862026189
96,0.0007052309536095156,0.0016451206572942044
97,0.0007016247752099712,0.0016388072215608861
98,0.0006984905928261357,0.001630558350466584
99,0.0006952959146436579,0.0016239223340036052
100,0.0006924225303291593,0.001616484516202227
101,0.0006895700389177087,0.001609882701335377
102,0.0006869567094282401,0.0016030037383499899
103,0.0006844120025816141,0.0015966109686384076
104,0.0006820668939443481,0.0015902079605056268
105,0.0006798269728590575,0.0015841573844418714
106,0.0006777767865200172,0.0015782326962308663
107,0.0006758726623747577,0.0015726003452743356
108,0.0006741763651587864,0.0015671888096748215
109,0.0006726814532407246,0.0015620743414681208
110,0.0006714458952407108,0.0015572375115497333
111,0.0006704960708115266,0.0015527498111815045
112,0.0006699028685054159,0.0015486236171502817
113,0.0006697315664644133,0.0015449286315982278
114,0.0006700866735618401,0.0015417224127113034
115,0.0006710895578965235,0.001539099857358164
116,0.0006729069006294927,0.0015371544470422361
117,0.0006757485084405215,0.0015360358551046566
118,0.0006798869083658378,0.0015359027862646862
119,0.0006856645369617573,0.0015369454018869682
120,0.0006935078130540526,0.0015393759025947044
121,0.0007039194463915448,0.0015434187248741325
122,0.0007174544990678601,0.0015492829383890096
123,0.0007346420312575541,0.001557107242804609
124,0.0007558212209722401,0.0015669146883546521
125,0.0007808718708214475,0.0015785106531295337
126,0.0008088391180371804,0.001591406002836792
127,0.0008375813476197188,0.0016047003691231734
128,0.0008637056836604466,0.0016170713964751677
129,0.0008831465527908932,0.0016269161255638067
130,0.000892476621695071,0.001632800552454826
131,0.0008904327591920585,0.001634095372681163
132,0.0008786589935955029,0.0016313214957910148
133,0.0008611000476367172,0.0016258485235371872
134,0.0008425131508375531,0.0016193095239271458
135,0.0008271227150707553,0.001613172684109917
136,0.0008180550431476229,0.0016087014473190433
137,0.0008174421173653657,0.001607008505073425
138,0.0008267613089778267,0.0016090903970363893
139,0.0008470445028943886,0.0016157143920856086
140,0.0008787345202287989,0.0016272739433732472
141,0.0009211173334697563,0.0016435498040855716
142,0.0009713435860407506,0.001663419516070893
143,0.0010234058451555688,0.0016844850462420207
144,0.001067915357646172,0.001702889763308983
145,0.0010939042572252243,0.0017138425211765263
146,0.0010930126856036238,0.001713449821660393
147,0.0010640248109189878,0.0017010717236093785
148,0.0010140971655213762,0.0016799010887840076
149,0.0009552809814145752,0.001654987070268314
150,0.0008992026257387834,0.0016307612378640395
151,0.0008537789251163261,0.0016101059369056632
152,0.0008230167688489604,0.0015947813548049645
153,0.0008085099817588799,0.0015860057779048618
154,0.0008110327697985953,0.0015847912291064858
155,0.0008314988522843208,0.001591935367813628
156,0.0008711331850430352,0.0016079167712871965
157,0.0009308348869775547,0.0016326892900427705
158,0.0010095498239531622,0.0016652275991969202
159,0.0011014721334054688,0.0017028278671205044
160,0.0011926628005549716,0.0017400478858402685
161,0.0012600422769021573,0.001767556881532073
162,0.0012778974141946077,0.0017735997312947323
163,0.0012327321461235489,0.0017511814121941203
164,0.0011350942730657585,0.0017054896728184662
165,0.0010142488555728783,0.0016507171523316127
166,0.0009000228465969259,0.001599918003194034
