epoch,loss,val_loss
0,0.013020173475848443,0.05270205634204965
1,0.00463929050454722,0.0018070924122360324
2,0.0034743373735928113,0.0028327679232971973
3,0.0031734193783102276,0.009876019836060311
4,0.003021772818574454,0.006171858702018334
5,0.0023555817060886895,0.0014340518986532594
6,0.002313555758249382,0.001618970672369183
7,0.002270632362154509,0.0016065074821215188
8,0.002263415352444215,0.002272758494016894
9,0.002087098360198784,0.001538308223213167
10,0.0020411781558623116,0.0015915411150720167
11,0.0018388791667083343,0.0015113592584895198
12,0.0015919586958436387,0.0010950119087059999
13,0.001679142051733775,0.002907957552866847
14,0.0016672094591519834,0.0024206388410867043
15,0.001653252512818555,0.0009110356038211632
16,0.00161261345791333,0.006439393737533113
17,0.0016020908598754764,0.0008983001852787933
18,0.0015443776408393247,0.001692132779760613
19,0.0016233557642973476,0.0027308183264706217
20,0.0013832080243967016,0.0008378120827521279
21,0.0013876744025327137,0.004921135259792209
22,0.001372014363556385,0.003523692427399127
23,0.00142247667838606,0.0027535031386242623
24,0.0013058154198587312,0.0019889255125778156
25,0.0013611746271730873,0.003433772624192531
26,0.001216649599466798,0.003088641164236163
27,0.0012087708932828495,0.0011882095326048632
28,0.0013027522222879083,0.0008252989184193052
29,0.0012629744556145726,0.0008470363689794842
30,0.0011900138790167305,0.005157319118121737
31,0.0011743734655011912,0.005480982547037695
32,0.0011558615905070194,0.001949179310988831
33,0.001279984330958573,0.0016671372802209174
34,0.0011179682690090292,0.0008737689502978403
35,0.001214808513697415,0.0007922701280269967
36,0.0011213151271776808,0.001361615728104912
37,0.0010731081935121186,0.0014222620030570972
38,0.0010578207738738568,0.0026519511777319408
39,0.0010870200643611724,0.0008059624463050185
40,0.001041702688579207,0.0009912959536896985
41,0.0011459076758053553,0.0016292395364297064
42,0.0010707774688164665,0.0009608240532607102
43,0.001142978264568666,0.001620746988664267
44,0.0010138889585987764,0.0010595535037410037
45,0.0010216353987808865,0.0008100923339697418
46,0.0010358637682625245,0.0015856810026442666
47,0.0009939358840403139,0.000968689531937503
48,0.000967069681220644,0.0007976250816953548
49,0.0009261869794592004,0.0011712399325660315
50,0.0010244090348125775,0.002323654398583529
51,0.0010522970937411455,0.001467260922174574
52,0.000975401480014787,0.0011628458731840446
53,0.000972140409830709,0.0008163887000512005
54,0.0010078221462105433,0.0008104083162993847
55,0.0010206462325210103,0.0008205945336509071
56,0.000911308805009043,0.001272026244183316
57,0.0009466943251928818,0.0009708917296895953
58,0.0010671027370522945,0.0016028224368040498
59,0.0009067608926570804,0.0014035450595864013
60,0.0009285142263296499,0.000824998095355879
61,0.00094210852267579,0.001465497867269605
62,0.0009675643409957482,0.0008205367209340789
63,0.0009202144812715539,0.0009363366384365547
64,0.0008903986841532033,0.000827799755936946
65,0.0009013336396605072,0.00082691879958331
66,0.0008632937461931346,0.0010715178091471132
67,0.0008524771866553794,0.0008337896211550719
68,0.0009191589387360047,0.001204518029944187
69,0.0008818815137679408,0.000822277737091083
70,0.0008608365093686384,0.0016248976054045845
71,0.0008876095222818981,0.0008496189622204391
72,0.0008262436586350079,0.0009315745637490691
73,0.0009575606354812557,0.0008881931796183874
74,0.0008158049023075088,0.0012785515430375214
75,0.0009369157492732719,0.0017952031022950745
76,0.0008749919506255639,0.0019934750693082286
77,0.0009181341473813645,0.0022257711807788724
78,0.0008767668265901363,0.001195465230378894
79,0.000950795516540255,0.0010353578448606033
80,0.0009118898808121125,0.0028209969781241135
81,0.0008674177587402897,0.0008620651423003885
82,0.0008477426294070168,0.001106459663756061
83,0.0008740273438019022,0.0011034112519649952
84,0.0009760607267509703,0.0008592352387495339
85,0.0008754780601917719,0.0008557996234709495
86,0.000860362731731565,0.000850077295469594
87,0.0009091892948869476,0.0016282541695737133
88,0.0008321832221433728,0.0011161513118024327
89,0.0008540004403681866,0.0008412666254770828
90,0.000881903159818031,0.0008269774468652414
91,0.0008439092073692367,0.0008229257837867184
92,0.0009541993918428425,0.0010027912743552996
93,0.0008220518262647287,0.0014658095641878614
94,0.0008741083227721308,0.0012206400621053355
95,0.0008842952617112527,0.0010019927145198412
96,0.0008071065284770932,0.0017129268207211506
97,0.0008947753682582237,0.0013054552193927137
98,0.0008417422966562279,0.00190533485913061
99,0.0008610731432302554,0.001294963585678488
100,0.0009011292456686627,0.0008936338358979443
101,0.0008519262115397518,0.000913132148030982
102,0.0008377507564916079,0.0010738326731881355
103,0.0008224963667549771,0.0009590361355150348
104,0.0008398768287655909,0.0008355242505530713
105,0.0008439064546700333,0.0016272265817398172
106,0.000869995622751815,0.0008532947088640771
107,0.0008243655862461818,0.0016874567628021172
108,0.0008535573665230628,0.0008319101381634379
109,0.0007813635512903137,0.0008868269822478556
110,0.0008916689505214262,0.0009835189235960378
111,0.0008258894004616854,0.0008408984269185008
112,0.0008005960691065233,0.0008172828174633251
113,0.0008533137585989315,0.0010933814699998485
114,0.0008023030955155899,0.0008996448667491215
115,0.0008252608490478813,0.002239755177135138
116,0.0007892056700674391,0.0008458445964814082
117,0.0008486180813760816,0.0012891243779705021
118,0.0008138398020499813,0.0011598192627149586
119,0.0008261347290418594,0.0008296116779603293
120,0.0008267160377009686,0.0008297456781228743
121,0.0008799189521466263,0.0010523826609929337
122,0.0007751790872325204,0.0013838875701798028
123,0.000846289899659361,0.0008615625893550092
124,0.0008430046247642237,0.0009714947337399057
125,0.0008001584403696722,0.0010597599045324483
126,0.0008155707605947037,0.0014062619986617121
127,0.0008169835812323215,0.000832030622405
128,0.0008457215207705703,0.0010544187608869386
129,0.0007762969453229096,0.0012019347652727575
130,0.0007979658784141218,0.0011632338864728808
131,0.0008393403154474408,0.0010091299318765667
132,0.0007403976659879274,0.0016597203671393033
133,0.0008241787704854088,0.0009596189938428436
134,0.0008061048205106692,0.0009829256113765663
135,0.0007593860294784453,0.0013712221529873971
