epoch,loss,val_loss
0,0.056947578276472614,0.06096672436647248
1,0.021572425508747092,0.04836569282046536
2,0.02009816906987697,0.04272017340388214
3,0.018458903393424063,0.03780165994376467
4,0.01689884230132909,0.03313684790280827
5,0.015306796907442721,0.028922831933749348
6,0.013705660884540534,0.025053590013269792
7,0.01199477631598711,0.022832710491983516
8,0.010154250279968365,0.02505416534187501
9,0.00828607992206808,0.038281087420488656
10,0.0069031164347882375,0.05740204871746532
11,0.006998111104948194,0.05104794967592808
12,0.007024755841197041,0.047407663574344235
13,0.0069006808986355585,0.04590955089058792
14,0.006600059660798817,0.0460836296541649
15,0.006256201468578268,0.046635382138846215
16,0.005926058144531962,0.047702715454394355
17,0.005586162009724639,0.04916988718405105
18,0.0052812560112025664,0.05073609778232742
19,0.004980768313324519,0.052543237543942634
20,0.004705114808194886,0.05400215821308002
21,0.0044496811122662384,0.05543283150907148
22,0.004196068935163113,0.05662887020592104
23,0.003954796264096973,0.057169326826145776
24,0.0037332223454827587,0.05568647070934898
25,0.00361550610427415,0.05063242713610331
26,0.00369377528069629,0.04821066767500158
27,0.003697680772037578,0.0523135566659141
28,0.0035809587981995516,0.05218836704367086
29,0.003505630272047117,0.05274018501503426
30,0.0034095358261519507,0.05371843069268946
31,0.0033075017516530116,0.05234414587418238
32,0.003238367533226168,0.05295305333116598
33,0.003168374906957976,0.050051326814450715
34,0.003107098223668862,0.05045873135851141
35,0.003040224074448351,0.047304895363355935
36,0.0030240003406229697,0.04819812599504203
37,0.0029464669185303165,0.04704423170340689
38,0.00292661331205053,0.04798718332721476
39,0.0028850030204126244,0.048738096366848865
40,0.0028643284071249004,0.051289827807953485
41,0.0028301153159556,0.05336370920402962
42,0.0028327043125706726,0.055884303623124174
43,0.0028016715588543386,0.0535603487177899
44,0.00291183288133176,0.05120868078972164
45,0.002850346619697807,0.037418372406248464
46,0.003605127346559107,0.04043677096304141
47,0.006553708953968269,0.017276662875685776
48,0.0020779781047327727,0.015560045969067958
49,0.0029259013721558338,0.030599031401307958
50,0.00282607357500829,0.029479255736397023
51,0.002210500063663303,0.025446124701646335
52,0.0029170482752154934,0.006275335612723179
53,0.002614689108172696,0.009749666411887136
54,0.0023889206613825716,0.01753081119897073
55,0.0019578776029082925,0.03002471359152543
56,0.002435610779647702,0.021438800517404287
57,0.0024027739648462606,0.04741849096720679
58,0.0027354464487918634,0.07071355717223987
59,0.0028054332189705543,0.03563426591848072
60,0.0029889891872890476,0.02481801905914357
61,0.0029920409217045365,0.008958213358071813
62,0.0027170751094180014,0.004963587446693788
63,0.0034915419944165486,0.0031617507542761273
64,0.0027247027996897114,0.002993987697552432
65,0.003458154481208198,0.0029491905200605593
66,0.0025609208796580503,0.0041450892428034234
67,0.002634156492294145,0.005366226584699593
68,0.002078317734754688,0.010324694297946337
69,0.0030744058914865453,0.007355748365322749
70,0.001330575584980916,0.008633486403707872
71,0.002787521704925045,0.01477919335950885
72,0.0019076948911012385,0.03141261421536144
73,0.0014074096147754938,0.04037013806794819
74,0.002403406985597852,0.012975003962454042
75,0.0021526859681992557,0.03232769027613757
76,0.0018059611571177865,0.05810426933723584
77,0.0017938656112571137,0.03548024241861544
78,0.0023455198612641454,0.006862642145470569
79,0.001748972955626264,0.008633726227440332
80,0.002618621806895169,0.02081999738226857
81,0.0023826784169419897,0.026125167349451466
82,0.0025203377711108077,0.016729773398031268
83,0.002126411613468901,0.01055550513168176
84,0.0024169709265298937,0.006194902387888808
85,0.0023565808334653714,0.0029265272978431824
86,0.0027234374980790142,0.003883963074992623
87,0.002554900325883368,0.005275742563402705
88,0.0022763252770300305,0.006784203372438226
89,0.002382954370631528,0.007371843964057534
90,0.002137550222725405,0.007591770716795796
91,0.0022812169037613452,0.008191051876597237
92,0.0021609195248264864,0.008174131183247817
93,0.0020578565625975222,0.008843096561337771
94,0.002147841634195401,0.008768314234258836
95,0.0018083245461566607,0.00864959274533025
96,0.0019637987079922275,0.010292251986500463
97,0.0016869256632982906,0.009979519012727235
98,0.0015047110737184423,0.0053406652275538235
99,0.00320499139168675,0.012416756662883256
100,0.001540692316498881,0.018312732378641765
101,0.0014698634749858793,0.03146888773169434
102,0.0020373630402746442,0.019689381972216723
103,0.0013756786718460174,0.01568233306732094
104,0.0012283325620712697,0.029863743078813218
105,0.0012946461588881155,0.010884633516533333
106,0.002338910814079184,0.011443021364117923
107,0.0014994654215364847,0.02441268015587539
108,0.001198888216513326,0.007812851615119399
109,0.0022160674641508956,0.013162085263614069
110,0.0013909467315942438,0.033131901109427736
111,0.0014823596407226355,0.04219357904634977
112,0.0016022329473166102,0.030568035548193415
113,0.001522258846286751,0.02739612150349115
114,0.0026984103095222443,0.004525286864423961
115,0.0013129009324358396,0.004784475333923311
116,0.0028409535892544766,0.0033899291925001563
117,0.001208009325168407,0.004607996119088248
118,0.00193728096129868,0.007092228624969721
119,0.0022039814342457503,0.006126704748327795
120,0.0012277043359977045,0.0055064005091002115
121,0.0011297679490289768,0.00699144637767683
122,0.0034726248343048246,0.007615851238369942
123,0.00117193718765958,0.009063275236832468
124,0.0009974253424298973,0.019303593261722932
125,0.0016670193026361905,0.019426913572507993
126,0.001271161237476336,0.013538140084659844
127,0.0021814130997546565,0.0023851048266678525
128,0.0015793288324854745,0.007419626645155643
129,0.0021978430039755283,0.007849495710903093
130,0.001188009115715388,0.004767515018516988
131,0.0018707546492853183,0.012254312046264348
132,0.0012237429573256856,0.01757350256829931
133,0.0011758553642828207,0.016842387420566457
134,0.001603794056366898,0.01261050437103238
135,0.0013439176838881477,0.014833557468495871
136,0.0018566483701047522,0.014788151571625158
137,0.0014819863397053778,0.02308498041933043
138,0.0016794342835939704,0.011553525826648661
139,0.0018996563798946984,0.002725837482629638
140,0.0016542061062629957,0.005538617514008493
141,0.0021385957500601087,0.0055595263348598226
142,0.001163390473816635,0.005033861657833321
143,0.000841213904699496,0.0013574277022199933
144,0.0030155364155456375,0.009387943240111335
145,0.0012631852504133353,0.0074592364559832374
146,0.0010604015880053162,0.012864287877291963
147,0.00188956787634252,0.0036534201272093413
148,0.0014006786396328914,0.0054840550251435815
149,0.0023394548132875856,0.0054273239189856935
150,0.0010769605227528812,0.0021356272617387667
151,0.0019044767175292138,0.009770628130226805
152,0.0011984253851818393,0.01314077379280015
153,0.0009281021509802677,0.009400040270727977
154,0.0018673120796730586,0.011469182999510514
155,0.0012591982178304945,0.01916583575177611
156,0.001219154040247117,0.024338912545588978
157,0.0017122746922674347,0.008611164137459638
158,0.0011448589613931603,0.0027640522518930467
159,0.0027291467618409905,0.0036213139660264317
160,0.001047547380014537,0.0019542119535209054
161,0.001189003454302521,0.00839136882374684
162,0.0014561563916352454,0.016457780476724894
163,0.0014452810912373283,0.017418181556358672
164,0.0008916750353332579,0.0065696222315493385
165,0.002211161142406563,0.009315105383856255
166,0.0013486366182699386,0.008772690568053932
167,0.0013882018267564464,0.005905303613919961
168,0.0018576005738468607,0.002597636861824676
169,0.001619656794350503,0.005346900301478934
170,0.0014434291333184984,0.007091779098437543
171,0.001294920213754497,0.008529883319217908
172,0.001164998610383948,0.005054397639213947
173,0.0021484029715953677,0.008170057186170629
174,0.0011032602083557825,0.012274111539386866
175,0.00089781583616507,0.016962910299761255
176,0.001409991678601772,0.008213180068292115
177,0.0014208734115634303,0.014449462588680418
178,0.0014835314640583893,0.010560443134684312
179,0.0018169696428159748,0.001850092734553312
180,0.0010208048607825892,0.0040057574668409006
181,0.0019970096064333425,0.00516726612521891
182,0.0012402488834104618,0.004857079460890147
183,0.0009020926035047306,0.001618132998006778
184,0.0026375831036067297,0.0066961395603261495
185,0.0011038733877964792,0.006277493805738918
186,0.0009053185060665886,0.013209797213213486
187,0.0013795772365706124,0.008528638925207289
188,0.0013174838745407455,0.00668716865281264
189,0.0010014565471258945,0.0020634180073740714
190,0.0027617332825610385,0.005877482116614517
191,0.0011635147455584434,0.002600682531728556
192,0.0011931758900598408,0.0021421703215884534
193,0.0013987587084598706,0.0020003749911362925
194,0.0018080801995118646,0.0036466998709855894
195,0.0012026567180712401,0.007406966221567832
196,0.0010723441745782024,0.004893595924633637
197,0.0022203236220854215,0.006103092543127244
198,0.0010447543943194492,0.009163032040784233
199,0.0008284427135572032,0.012898661261587813
200,0.001547691643961248,0.010451993986702802
201,0.0012830324208160306,0.01197808944995989
202,0.0011829594799680529,0.007673003580094429
203,0.0022220414935772235,0.001465625056114636
204,0.0009069810689808299,0.003443175608194188
205,0.0011216368371253108,0.0047959244622146355
206,0.0013964425174779218,0.007646170085328713
207,0.001142963393117327,0.018075200026495417
208,0.0013146109365877888,0.019556789871370585
209,0.0010200132955614702,0.012325551589591461
210,0.001716653875274307,0.006274442711289515
211,0.0014322589683881239,0.006114011548720954
212,0.0012379098078919664,0.005512914783729796
213,0.0015234350271258643,0.0021766727001880084
214,0.0016805142522022297,0.0036598690131907923
215,0.0011711844249186372,0.005435973569227938
216,0.0009117292632997571,0.003588022729545309
217,0.0025031840864365366,0.005132925680332016
218,0.0009460861704063102,0.0047651469184641256
219,0.0008802960215054368,0.011772043414806066
220,0.0013413921564127673,0.004439575695677807
221,0.0009253119758700992,0.0017107751265396935
222,0.0021163679455782226,0.0024272275010221883
223,0.0010586920168499962,0.004860967585588233
224,0.0010267210348325418,0.00131294547719064
225,0.0019437075120839024,0.007741116706216545
226,0.0012144232582799227,0.00685165224498824
227,0.0008720773979444148,0.010551324212237409
228,0.0015955232936496957,0.0023094945946675644
229,0.0014702929951080394,0.004111586412284197
230,0.001231736599256514,0.0055311206858931925
231,0.0008837024180475336,0.0035772531031908698
232,0.0025454484189132783,0.0043277078912707795
233,0.0008977305766599189,0.003504392838007525
234,0.0007204098991979807,0.005606630637326785
235,0.0009993471495418234,0.024024299558317454
236,0.0016846866424759124,0.004828994472821553
237,0.0007909220443175556,0.0031030732738017513
238,0.001734306907044271,0.004557914312994271
239,0.0008523260194999674,0.006889462372974346
240,0.0016603486325294022,0.0027013489437338555
241,0.0010160172485775309,0.0035424675678082727
242,0.001787647274117704,0.003791197068303039
243,0.0011121595901669554,0.0029124753721254436
