epoch,loss,val_loss
0,0.014458904342106617,0.03433459232512273
1,0.06973125918339255,0.048835333632795436
2,0.07012019750140412,0.005459356415820749
3,0.01875839024509123,0.0044968479410990286
4,0.02158126778686078,0.067879713287479
5,0.007501658480382812,0.011335062353234542
6,0.009193542175859222,0.002508323958241626
7,0.00491633625574293,0.015534476328052972
8,0.0024150227128250123,0.0021681845261666334
9,0.0032589711574654715,0.0029722568211390786
10,0.002188906902343727,0.0036780460933713535
11,0.0019847338726464905,0.0038346070551166407
12,0.001924693291270569,0.0020992928919823547
13,0.001948628219268748,0.002099234279931376
14,0.0017418236031650483,0.0027859100802360395
15,0.0016718355860166174,0.0025297210943934167
16,0.0017040714360066539,0.0022729939511535982
17,0.0016850568748783827,0.0023257073970805657
18,0.0016490244925270803,0.0023893392522280153
19,0.0016266903363068282,0.0023987102322280407
20,0.0016061156390524951,0.002416182517711269
21,0.0015851495211824521,0.00244220849861832
22,0.0015672266819905635,0.0024773058064870143
23,0.0015584763186113392,0.0025284665538684316
24,0.0015749769370347086,0.002601697857148553
25,0.0016590961950272809,0.002711266891932801
26,0.0019157893464447082,0.0028953674665995336
27,0.002572057427075345,0.0033073892914935164
28,0.003936017725094958,0.004453199621486037
29,0.005784644508497858,0.007131207685329412
30,0.00636692791421415,0.009941958136072284
31,0.004320400199884578,0.008425679646040263
32,0.002097570671668247,0.004464144254789541
33,0.0014620012003643175,0.002652964726286499
34,0.001437641523064709,0.002221777900367191
35,0.0014550953810755407,0.002112936154988251
36,0.0014543412749244739,0.002075773627056103
37,0.0014448736889375597,0.002056227617063805
38,0.0014331502690899103,0.0020416149452916884
39,0.0014215453399262386,0.0020285940018335454
40,0.0014115288268216441,0.00201598516861467
41,0.0014045803502314182,0.0020032430092166912
42,0.001403453480848477,0.0019897382681895244
43,0.001413824115495846,0.0019750916276519235
44,0.0014487999222906921,0.0019590126742657864
45,0.0015421102609100182,0.0019401698311986891
46,0.0017863661802010563,0.0019145237808851035
47,0.0024338540978728505,0.0018885226025687236
48,0.004015505838504119,0.002193083735427966
49,0.006781519208553233,0.004453775742532392
50,0.00905657424658527,0.0079972610661858
51,0.007314931479689826,0.007679065811986986
52,0.0032693883242617063,0.003071724253363515
53,0.0015653758194737613,0.0018902334482654144
54,0.0013734672755839215,0.0018299334608998738
55,0.0012638261259066584,0.001845018160039265
56,0.001267436042526147,0.0018248041956930568
57,0.0012399840991638104,0.0018261020120821502
58,0.0012541555103794697,0.001809368308290447
59,0.0012478394602536327,0.0018041166170549236
60,0.0012815054144932163,0.001792536987187831
61,0.0013164154638497267,0.001787191220118027
62,0.0014242819379814,0.0017862285940760845
63,0.00160367734809784,0.0018062872420016088
64,0.0019804272623622976,0.0018964442056848814
65,0.0025633242740405538,0.0021784137689361445
66,0.0033164394596416056,0.002729989716930217
67,0.003859218309635872,0.003308866356842612
68,0.003878377040016772,0.003517643916175554
69,0.003281456215065753,0.0031829295912757516
70,0.002548460852896005,0.0025921120724983907
71,0.001976084505653994,0.0021621494946119034
72,0.0016673486597509324,0.0019430996923658409
73,0.001503496194859913,0.0018430562616374932
74,0.0014384693083815344,0.0018016575517034845
75,0.0014205331589108704,0.001786884857880834
76,0.0014504036373648968,0.001790488322608565
77,0.00151795088638081,0.0018114461379713919
78,0.0016390585070244325,0.0018561932956799865
79,0.0018135129735580796,0.0019361020960403901
80,0.002044463821830647,0.0020599338765207088
81,0.0023003890052930263,0.0022242717800269787
82,0.0025302943479786604,0.0023985170501921523
83,0.0026602437670942376,0.002533154096454382
84,0.0026391213631784026,0.002571661490947008
85,0.0024734344494928904,0.0024903798353319104
86,0.0022294992844315723,0.0023304412178205033
87,0.0019852352311532377,0.0021583567140623927
88,0.0017892018704753156,0.0020179855330896223
89,0.0016530842489211855,0.0019203323846388805
90,0.001570403310610469,0.001859402437204201
91,0.001530790886645454,0.0018260445274216565
92,0.0015262452870575681,0.0018134796685588203
93,0.001551943173795373,0.001818095891442346
94,0.0016051207503598886,0.0018386422889307141
95,0.0016830558388820649,0.0018749746285673034
96,0.0017806897732229288,0.0019264146501786616
97,0.0018883126832639886,0.00198976544810361
98,0.001990443060823097,0.0020574905456190833
99,0.0020675064617382724,0.002117297128087988
100,0.0021012146670446874,0.002154415454960575
101,0.0020820643926217314,0.002157055785095221
102,0.002014408192502247,0.002122856805248088
103,0.0019148199321368114,0.002060729722296329
104,0.0018045699355833682,0.0019859153973428825
105,0.001701609610186168,0.001912601739413252
106,0.0016167672129752632,0.0018497375330250513
107,0.0015543901322821537,0.0018009508739372617
108,0.0015148330491745639,0.0017665437373675797
109,0.0014967234359983433,0.0017454318800254871
110,0.0014982526690372467,0.0017363538867548893
111,0.0015175754275399684,0.0017382878270980559
112,0.0015525907466702495,0.0017504205951761258
113,0.001600375980308221,0.0017717829354009346
114,0.001656482380775842,0.0018006888904461736
115,0.001714428944674111,0.0018341134816996362
116,0.001765825050024813,0.0018672984228224347
117,0.0018015341336183074,0.0018940121854508394
118,0.0018138732155906865,0.0019077538132765575
119,0.0017991187693965646,0.0019038066598831822
120,0.001759020669241948,0.0018811523853065936
121,0.0017003129403709058,0.0018430076000329695
122,0.0016323965552070359,0.0017954923862003181
123,0.0015645178652938982,0.0017453907547812712
124,0.0015038118348152166,0.001698247971944511
125,0.0014547243076181576,0.0016576358405137924
126,0.001419426268393281,0.0016253378432195046
127,0.0013985955974645426,0.0016019530533077685
128,0.001392076137848686,0.0015874797888835402
129,0.0013992641206784417,0.0015816877651224403
130,0.0014191685897829646,0.001584257029830233
131,0.0014502116739847429,0.0015947066958209401
132,0.0014898525115165917,0.0016121487408925436
133,0.0015341889836059893,0.001634920637834033
134,0.001577759516170658,0.001660204823373964
135,0.0016138606591403718,0.0016838993852663982
136,0.00163560124075757,0.0017009642906486988
137,0.0016375980492320439,0.0017064849257861312
138,0.001617714621282685,0.001697215067810918
139,0.0015779502379905472,0.0016728460139251854
140,0.0015238926329050233,0.0016362052227027323
141,0.001462993421561343,0.0015922229994382513
142,0.0014025493487179357,0.0015462942691029686
143,0.001348325194448418,0.001502944971434772
144,0.0013041070228776558,0.0014652334012728381
145,0.0012720026356516727,0.001434873363713881
146,0.001252997764422807,0.0014126558426620537
147,0.0012474800690128443,0.0013988791523795378
148,0.0012555639471319938,0.0013937127047316416
149,0.001277137284882669,0.0013973347468938875
150,0.0013116263025330565,0.0014099025866016746
151,0.001357485351874371,0.0014313482250528115
152,0.001411472606754262,0.0014608425308803195
153,0.0014679362770067576,0.0014961393868648692
154,0.0015185878865654869,0.0015326662626313535
155,0.001553511500440255,0.0015639126987049454
156,0.0015632481238358601,0.0015803938609008725
157,0.00154338140666597,0.0015788047733765684
158,0.0014908719934030627,0.0014908620229873218
159,0.0014424828917009962,0.0011276159202679992
160,0.0015953350048792591,0.001029204417902388
161,0.0029607787251372513,0.0010559529305043582
162,0.004844665925273872,0.0012409374589639668
163,0.005859669534954564,0.002159427385777235
164,0.00879234230733679,0.0011351481937852345
165,0.010842237833348537,0.002195866845891272
166,0.014411324892358864,0.0037588980906691992
167,0.01594125918485712,0.006572758411302378
168,0.008356208372397924,0.012093906633948026
169,0.0015212161678586798,0.0026186342155070682
170,0.001290665403924546,0.0011582986549719383
171,0.0013747916234467003,0.001522789301816374
172,0.001482674219957626,0.0018003345467150211
173,0.001238936272813056,0.0017489568011737184
174,0.0010309553003006893,0.001651339196158867
175,0.0008020398511913366,0.0012548317930563108
176,0.0007110262723610351,0.0011816194072659862
177,0.0006443720657734386,0.001029020861575478
178,0.0006367381254067225,0.0010321591061686999
179,0.0006260949018452785,0.0010149121180323786
180,0.0006233045776619659,0.001012114648658194
181,0.0006191552273352528,0.0010097283153108468
182,0.0006156929610760308,0.0010055381878230133
183,0.0006126775391063414,0.0010030818214689038
184,0.0006098683346129944,0.0009999391193942803
185,0.0006073462010845201,0.0009975690811284278
186,0.0006050721638444664,0.0009948592050932348
187,0.000602970814334804,0.0009926933930010388
188,0.0006010856218690891,0.0009903005986033303
189,0.0005993146210249407,0.0009882985889960668
190,0.0005977261459201341,0.0009861430735327303
191,0.0005962108456924636,0.0009842820214352717
192,0.0005948484116581303,0.0009823101940319727
193,0.0005935311882149584,0.0009805706672762569
194,0.0005923416783986857,0.000978755023281433
195,0.0005911800051772362,0.000977132175313799
196,0.0005901261765042964,0.0009754598018174109
197,0.0005890911810571835,0.0009739585282084974
198,0.0005881501617262393,0.0009724383646818368
199,0.0005872269366448502,0.000971081243876956
200,0.0005863908863734912,0.0009697405223146473
201,0.0005855810169023291,0.0009685701010503659
202,0.0005848615815654563,0.000967463852200461
203,0.0005841905302800852,0.0009665568604281074
204,0.0005836307916227065,0.0009657828363982078
205,0.0005831652757021749,0.0009652696592782281
206,0.0005828662244731033,0.0009649941961182968
207,0.0005827571530686204,0.0009650981090472717
208,0.0005829414886548013,0.0009656204247700149
209,0.0005835201675822003,0.0009667469237587954
210,0.0005846850236351188,0.0009686157082844721
211,0.0005867006744017961,0.00097152705022477
212,0.0005899862177835787,0.000975817055931609
213,0.0005951804395841864,0.0009820416820921789
214,0.0006032524695491945,0.0009909461705798382
215,0.0006156777255255388,0.0010036783488957507
216,0.0006345855597076275,0.00102186668664217
217,0.0006629146520640818,0.0010478927655831764
218,0.0007041715514749845,0.001084979010843917
219,0.0007614973578687406,0.0011369880215313874
220,0.0008352381071040446,0.0012069712760613153
221,0.0009193969136975579,0.0012936082631839734
222,0.0009991713258296407,0.0013861243343470913
223,0.001054368193425282,0.0014632174095727112
224,0.0010696660403615712,0.0015022736900535069
225,0.0010442437847261927,0.0014939723769202828
226,0.00099135897684896,0.0014475451377955707
227,0.00092913655535847,0.001382376220518429
228,0.0008716816009456263,0.0013163598058255094
229,0.0008261545965964882,0.0012601861963048577
230,0.0007944262309361942,0.0012179046170786023
231,0.0007758784392502412,0.0011897821984204807
232,0.0007694124399424721,0.001174781079355039
233,0.0007744701810062897,0.0011719170112260862
234,0.0007914095868341898,0.001180859080417768
235,0.000821559099786481,0.0012021446600556374
236,0.0008670096859337118,0.0012371411277471405
237,0.0009300300005929428,0.0012878636143317348
238,0.0010117533454745862,0.0013563110689191443
239,0.0011098643079008761,0.0014429969198413585
240,0.0012154663014390227,0.0015442152936501724
241,0.0013107526052379933,0.0016483178509301261
242,0.001370994117935627,0.001733581707077591
243,0.0013738572042092867,0.0017728434606014115
244,0.0013129124024008883,0.0017474316379153415
245,0.001204064446080876,0.0016612437749771696
246,0.0010769633115031538,0.001539863646030426
247,0.0009586728755165262,0.0014142532171191353
248,0.0008637424716415098,0.0013055289470541634
249,0.0007949124519464545,0.0012215735133443224
250,0.0007487264008039404,0.0011615968174546172
251,0.0007202915199093657,0.0011215810235099572
252,0.0007056361717246326,0.0010974375335009473
253,0.0007024351077724775,0.001086235879675338
254,0.0007100875106340284,0.0010864670498688753
255,0.0007297291337507557,0.0010980628982284351
256,0.0007643715513678736,0.001122430585765917
257,0.0008191444876930477,0.0011626497940405418
258,0.0009013347556120936,0.0012237842525600602
259,0.0010193447147847118,0.0013130348739459326
260,0.0011787617060871483,0.0014388779987041887
261,0.001372942389525395,0.001606653560884297
262,0.0015682376350833259,0.001806033236023627
263,0.00169621600703329,0.0019898808218146626
264,0.0016809043458343546,0.0020704970597044416
265,0.0015044823767835548,0.001978934595459386
266,0.0012391937805336037,0.0017464247679239825
267,0.0009872108961958975,0.0014804903491351165
268,0.0008043502852093935,0.0012641402794734428
269,0.0006916761487150682,0.001117455724038576
270,0.0006279332872756869,0.001025899619746365
271,0.000592897075709292,0.0009697690716405448
272,0.0005734615637865942,0.0009346443755356105
273,0.000562305238018061,0.0009117616450806198
274,0.000555566986166404,0.0008961130393129823
275,0.0005512391881412627,0.0008848450930887147
276,0.0005482747632442091,0.0008762989554701275
277,0.0005461279626177497,0.0008694681271567548
278,0.0005445259505747549,0.0008636958020935325
279,0.0005433864069307779,0.0008585245170826582
280,0.000542832453764429,0.0008536111992342692
281,0.0005433655595979824,0.000848685195179362
282,0.0005463863268442188,0.0008436022081265324
283,0.000555647690021628,0.0008384971818151442
284,0.0005813666450375379,0.0008343293356071962
285,0.0006519510713649709,0.0008346184071055369
286,0.0008458846560447764,0.0008534810407773444
287,0.0013584572294939076,0.0009638926498346814
288,0.0025148166656550216,0.001494630362446371
289,0.004302321518442218,0.0030828760446686494
290,0.0053413030196222625,0.00493354112596104
291,0.003590339251839024,0.0034514638154130232
292,0.0020933530698115915,0.002141524418747347
293,0.0011809626767894555,0.0015297292511125928
294,0.0007089344899356609,0.0009407363556276419
295,0.0005843642247592084,0.0008438718015033947
296,0.00056242681515564,0.0008295657401169209
297,0.0005543847404224115,0.000826665074687059
298,0.0005539460354533378,0.0008248847382339207
299,0.0005544564051002615,0.0008240009590640272
300,0.0005572687150942191,0.0008235213830822
301,0.0005612681790941312,0.0008236030024770452
302,0.0005670158798667403,0.0008243162056284124
303,0.0005749104570729063,0.0008259178843888405
304,0.0005858144079851894,0.0008288275168620442
305,0.0006010742504996886,0.0008337102082901095
306,0.0006226696344019348,0.0008416097568299033
307,0.0006534745739206077,0.0008541543012190806
308,0.0006974772800824297,0.0008738312324950177
309,0.0007597839944942303,0.0009043217164856431
310,0.0008458874833828609,0.0009506224366640182
311,0.0009593622137594929,0.0010183248086832464
312,0.00109726546883232,0.0011107994880723325
313,0.001244204537729679,0.0012234699311911275
314,0.0013696822497496351,0.0013376296969669823
315,0.001436024399886288,0.0014213790142859675
316,0.0014188578664703071,0.001444144952601116
317,0.0013261350846656779,0.0013982426975608657
318,0.001194233044918568,0.0013063830219356245
319,0.0010631187454460882,0.0012037736228912284
320,0.0009565206291214977,0.0011153904028776054
321,0.0008804234055892433,0.0010498584168472963
322,0.0008313338435620693,0.0010057103140034566
323,0.0008034541522133218,0.0009783638708636556
324,0.0007919049818746512,0.0009636459198143138
325,0.0007934337073488463,0.0009587147659131963
326,0.0008061814980693552,0.0009619726303131564
327,0.00082921124528484,0.0009727017727288368
328,0.0008619831346526391,0.0009907128589570914
329,0.0009037444513676328,0.0010159518967970814
330,0.0009528147492494375,0.0010480085191758054
331,0.001005841188403383,0.0010854749676869496
332,0.0010573470054428382,0.0011253218307453942
333,0.0011000543900129157,0.0011626054888199035
334,0.0011264377386986976,0.0011910918064562505
335,0.0011312507982219507,0.0012050574816959468
336,0.001113856219837725,0.0012016610217917907
337,0.0010787098863861812,0.0011823269734649283
338,0.0010335637699612733,0.0011521363937246956
339,0.0009865469031989165,0.0011175560954909184
340,0.0009438998929251726,0.001084141099310823
341,0.0009092253569455047,0.0010554508587933685
342,0.0008839208919784122,0.0010331349576039141
343,0.0008680148797441294,0.0010175540381552356
344,0.0008608914188874875,0.0010084229901334957
345,0.0008617219462117951,0.0010052245404375227
346,0.0008696389268152416,0.0010074137213737949
347,0.000883718970669336,0.0010144496489757377
348,0.0009028723928772635,0.0010257380107711804
349,0.0009256739049591611,0.0010405027546527747
350,0.0009502225013934953,0.0010576482990903681
351,0.0009741177169864519,0.0010756678836371162
352,0.000994620613110159,0.001092633021088611
353,0.0010090575234096555,0.0011063967463805487
354,0.0010153977779417997,0.001115006887917652
355,0.0010127953109843413,0.001117176471253563
356,0.0010018673055276217,0.001112685177328163
357,0.0009845310553337852,0.0011024674229127797
358,0.0009634709244725631,0.0010882878222649819
359,0.0009414759624252067,0.0010722522366497862
360,0.0009209241258487574,0.0010563223224476371
361,0.0009035293585181977,0.0010420309600273246
362,0.0008903140304561373,0.0010303732890047524
363,0.0008817353090502966,0.001021889865545458
364,0.0008778389421698798,0.0010167595954905999
365,0.0008783899630110282,0.0010149339581594656
366,0.0008829470075659591,0.0010161991568135196
367,0.0008908829117542454,0.001020201101997181
368,0.0009013831622152545,0.0010264729805241682
369,0.0009134306206065595,0.0010343920807109068
370,0.0009258212689285932,0.0010431814620173291
371,0.0009372316950600574,0.0010519265350395518
372,0.000946346981541122,0.0010596291333633033
373,0.0009520442794316024,0.0010653356470069603
