epoch,loss,val_loss
0,0.06943226713065206,0.045264868632606835
1,0.002443688917379405,0.04451254204563473
2,0.0012662020863578366,0.0446394607424736
3,0.0011927324051780686,0.04341563890161722
4,0.001090582044337484,0.04246645582758862
5,0.001062103448333436,0.04085517626093781
6,0.000985983926745511,0.036827569908421974
7,0.0009718896514148969,0.04051570399947788
8,0.0009538019473942671,0.035188895366761994
9,0.0009411662089520819,0.03326373352952625
10,0.00091211365317058,0.04120243794244269
11,0.0008889116423200034,0.036394580388846604
12,0.0008751489108092788,0.03406693089915359
13,0.0008001636066467875,0.03527103947556537
14,0.0007791893502014734,0.035941557391830116
15,0.0007616581680135145,0.03441363070969996
16,0.0007566334677674122,0.03403929799147274
17,0.0007564811106874483,0.03183402396414591
18,0.0007742426209737663,0.029787128710228462
19,0.0007596248977209552,0.032845096743625145
20,0.0006816109109836275,0.03923246717971304
21,0.0008254396874421542,0.03581528317021287
22,0.0007832713489026549,0.03450600802898407
23,0.0006947906279300937,0.03305277568490609
24,0.0006379992110073711,0.035596980834784714
25,0.0006302608917606605,0.0347701094072798
26,0.0006284428711190207,0.03429748474255852
27,0.0006176840107899456,0.032441291148247925
28,0.0005959895410969546,0.03372833019365435
29,0.0005691335943583449,0.03201246099627536
30,0.0006116690792299453,0.02801231262476548
31,0.0005572632693331582,0.03504806271065836
32,0.0005552585135216899,0.03142535249176233
33,0.0005280073915032143,0.030916828014280483
34,0.0005769955456909161,0.03120971163329871
35,0.0006737033625659228,0.030244775602351063
36,0.0005141197424084915,0.030203000925805256
37,0.000525321958237174,0.029891953115230022
38,0.0004955144375826945,0.03062255073176778
39,0.00046574057696140923,0.030153693550306816
40,0.00048693137911920306,0.03143753208543943
41,0.0004786556451206513,0.03263816464206447
42,0.00045265833798773815,0.027435578729795372
43,0.0004430930047212812,0.028688607413483704
44,0.0004435506155280076,0.028080924697544262
45,0.0004330277627824039,0.02904967947498612
46,0.0004335771269421882,0.029010700871763023
47,0.00041764732988789315,0.030104866494303165
48,0.0003698467662600162,0.029307896433317143
49,0.00039764066570238904,0.02772429909395135
50,0.00037378817993891046,0.029445760276006615
51,0.0003459793066589946,0.028917381296987118
52,0.0003488779322565253,0.030087642209685368
53,0.00034043754504011636,0.029862083899586098
54,0.0003261009589700316,0.027091632556656132
55,0.0003086194780322707,0.02885951976413312
56,0.00031481873819670485,0.028495010636422947
57,0.0002999465599493441,0.025854055486295536
58,0.00030754452988534457,0.025540085752373157
59,0.0003337315582180436,0.029002642501955448
60,0.0003008822444493457,0.028096134247987167
61,0.0002631264968777876,0.027668970515546593
62,0.00028526858495568034,0.024099796767468037
63,0.0002773628920512139,0.025585526438510937
64,0.0002709458175520308,0.02498706519279791
65,0.00025662005743465815,0.02683842894823655
66,0.00024000186269622036,0.026835145266807598
67,0.0002502158002598474,0.025104876526671906
68,0.0002609925437851793,0.029722413615040157
69,0.0002498763095705495,0.02726752440566602
70,0.00023951504627245553,0.02786658501819424
71,0.00022863239602077617,0.028266769550416782
72,0.0002632320062657863,0.02662044755466606
73,0.00023478718682549144,0.027975613575266754
74,0.0002294394293045781,0.02973899901237177
75,0.00023860562035777155,0.027521506761727127
76,0.0002178628914106557,0.027026400213008343
77,0.00021983128396420933,0.025162224455372147
78,0.00025067881265043837,0.02491187611999719
79,0.0002145484235741852,0.025268674139743267
80,0.00022812492463542488,0.030412073530580685
81,0.00021913909598310415,0.02673855934130109
82,0.00024880512746952777,0.023910960344516712
83,0.00021809195084193105,0.027594215034142784
84,0.00020869681486176484,0.028827441532326782
85,0.0002338829519976651,0.02660738037008306
86,0.00022196455483895994,0.02674784875758316
87,0.0002231852668510636,0.02818667669983014
88,0.00022301304090102897,0.02592014448474283
89,0.0002140404323179812,0.026987757614773254
90,0.0002075913520720392,0.026368342097038807
91,0.00020757707494024836,0.0291112897026798
92,0.0002461283751987732,0.028875349494426147
93,0.0002146016637374902,0.025282067854119385
94,0.000231940901784568,0.025012441141449886
95,0.00024415627925001573,0.027242569414817768
96,0.0002070200394755463,0.027196111481474793
97,0.00020030001120765158,0.026309663753794586
98,0.00021323934985521207,0.026405658572912216
99,0.0001957322640767652,0.027628656152797783
100,0.00019993020935268646,0.028106852475067844
101,0.00023418817578832747,0.027602457319912704
102,0.00023259983723092,0.02264699137405209
103,0.0002619334600188092,0.02509430164228315
104,0.00020141622215848263,0.027434418868759403
105,0.00019315566209431089,0.027837850477384483
106,0.00020152308143028155,0.027302048533507015
107,0.00020491503570572992,0.027131544588052708
108,0.00023517936225972327,0.027699243844203327
109,0.00019834607804014424,0.026523849400489227
110,0.00024021578844295782,0.027376131842965664
111,0.00021331362666538025,0.027247828471919765
112,0.0001964558340409124,0.025669029549412106
113,0.00018855108708135858,0.025351563306606335
114,0.00020677131292917445,0.025556851016438526
115,0.00019884456398596128,0.02389382846329523
116,0.00021718524711811322,0.024336813503633373
117,0.00020014641304074075,0.028451055450283962
118,0.00020406865075248422,0.02553379211736762
119,0.00021433193128061467,0.02579950962377631
120,0.00020718140381331413,0.029256115384075954
121,0.00021756052338694183,0.025012082217828087
122,0.00019846634787814245,0.02716163157120995
123,0.00019440909853404625,0.026200858147247978
124,0.00019752694801105784,0.0276376826931601
125,0.00019184073018271917,0.02453282443077668
126,0.00020208953133752684,0.02602096234002839
127,0.00019320185841361303,0.026383802861623142
128,0.00021361267028389367,0.026515709155279656
129,0.0002317589411282157,0.02273904596981795
130,0.00025542700902313637,0.024922794055031693
131,0.00021452810205184242,0.02644047222059706
132,0.00019134986890270754,0.025309892128343166
133,0.000187229245641286,0.026389395980083424
134,0.00020334462392350002,0.02696190434305564
135,0.00019254175516165932,0.025404662784674893
136,0.0002076122191087439,0.02529289856877016
137,0.00021812386432519404,0.021934172300540882
138,0.0003000053125036183,0.030192157496576725
139,0.00021850490436884723,0.027772043386231297
140,0.00019576935081390743,0.025692906797580097
141,0.0001948306234527336,0.024988739062910496
142,0.00019949930650888856,0.0243426028477109
143,0.0002118518837781179,0.026783251729996307
144,0.00020244650324963088,0.02690585338227127
145,0.00018600077435976158,0.025046533297585404
146,0.00020520280388828608,0.027403626833920895
147,0.00018869941798632894,0.027264996067337368
148,0.00018932935107510423,0.027991393662017326
149,0.00018937133798243894,0.026479550920750782
150,0.00019538367579639281,0.02950193554810856
151,0.0002138260422639952,0.026392558103670246
152,0.00018521474048195573,0.026057726663091908
153,0.00020717011942085473,0.02893018455285093
154,0.00018969118336530698,0.026603392041895702
155,0.00021338692641015186,0.02444679411533086
156,0.00018711202211517823,0.025625527390967243
157,0.00019975164652692652,0.026963844976347427
158,0.00020599209048086266,0.02619204281464867
159,0.00019714862153147545,0.02686925475364146
160,0.00018749769016723585,0.02614303459615811
161,0.00019398752621119862,0.025778074465368107
162,0.00018778053482803296,0.02468422622136448
163,0.00020045513128850518,0.02630113518756369
164,0.00018844924393732567,0.026100535107695538
165,0.00018243541035230004,0.026584506520758503
166,0.00018270562575606393,0.027492770439256794
167,0.00020821887223815993,0.024373522676203564
168,0.0002089199092658042,0.027406831393423287
169,0.0002016517463469205,0.02545595792648585
170,0.00018544119519082805,0.02614050625782946
171,0.0001830597053837868,0.027025169247518414
172,0.00019435406707671174,0.025892032229382057
173,0.00018716856489742434,0.02678750317705714
174,0.0001879590171989233,0.027876251903565033
175,0.00019791833952407723,0.026021024860117748
176,0.00019974649966239815,0.02610537425979324
177,0.00020530285897133713,0.025666565674802532
178,0.00018949877232753823,0.02752264832024989
179,0.00018503499141582063,0.02785711492533269
180,0.00018270850100452502,0.026444844820577164
181,0.00019075684329298982,0.02798126670329467
182,0.00018759167498255002,0.025633702459542648
183,0.00018848631208924575,0.026121377054116
184,0.0001967788776985111,0.02759741109026515
185,0.0002158588120231677,0.027249837699143784
186,0.00020057400254212284,0.02469115153602932
187,0.00018969028695964643,0.026015236325885937
188,0.0001988047959768118,0.02744564551698125
189,0.00018771537658853724,0.02736410935935767
190,0.00019539640433679663,0.025914431671085564
191,0.00022477298007304486,0.026910104505393818
192,0.00021387891711212786,0.026045943245939587
193,0.00019711869324827292,0.025896068743389587
194,0.00019662117744720996,0.027397261041661968
195,0.00018929818446424885,0.025781697958059933
196,0.000241673766507112,0.028441408973025238
197,0.00018730857754224527,0.02583732755611772
198,0.0001943395023573345,0.0265337559192077
199,0.0001787272920948607,0.026436390598183094
200,0.00019468514731598815,0.026426784208287365
201,0.00018254335218928041,0.02600489216654197
202,0.00019261854619770713,0.026341656303924064
203,0.00019233853760467547,0.02549927924638209
204,0.000183013160753222,0.02689645350303339
205,0.00018541324025104407,0.026243572730733
206,0.00018352350832173724,0.026659953934342964
207,0.00018631024104844184,0.028927259957012924
208,0.00020832576042812914,0.026146415702026825
209,0.00019544347084526448,0.025002593255561333
210,0.00019084757351132338,0.025714703957023827
211,0.00018603270629380313,0.027250896086511406
212,0.00019083129505904862,0.025685712533152622
213,0.0001830992782128925,0.025556238368153572
214,0.00018987973156100668,0.024173364367174065
215,0.00018890802413416724,0.02447406396917675
216,0.0001883425770990806,0.02499028619216836
217,0.0001846632235990288,0.025488169053974358
218,0.00019177507605134059,0.026119227075706356
219,0.00018439819651962743,0.026887090471775635
220,0.0002301309474110251,0.025258736360980118
221,0.0001966876010439169,0.02588481561321279
222,0.00018213950551724045,0.026519558028034542
223,0.00019137595991692736,0.02608092364085757
224,0.00018852353650940115,0.026076720622570618
225,0.00019639827655547402,0.027066470407273457
226,0.00018808715231189102,0.026257381733992825
227,0.00018218139994981072,0.025424946423458016
228,0.0001895314682659386,0.02644663506551929
229,0.00020017817037740784,0.025336852054233135
230,0.00018551332515495794,0.027207966488988503
231,0.00018411127019065543,0.024860193224056908
232,0.00020508999230697204,0.025814688805004826
233,0.00019901824314927776,0.02658450206660706
234,0.00018739127522501218,0.026217443706548733
235,0.00018436721742553272,0.025345938928101375
236,0.00018992716813178505,0.024730029556414356
237,0.00018623240666952167,0.027651279597826626
