epoch,loss,val_loss
0,0.03298655695017473,0.015162239813905083
1,0.020784963920887495,0.02042369699377692
2,0.0174434439937708,0.006704372751495141
3,0.014962003460289357,0.004187962270519706
4,0.012485517631572338,0.007165204335966807
5,0.01364881085520623,0.009167497077684723
6,0.011736813603692135,0.002010500490184078
7,0.009860284611153505,0.022590544786346093
8,0.009029914092895957,0.004813402179586753
9,0.009341095167305448,0.0032603449156779923
10,0.009616704818004402,0.006366936803868647
11,0.008599205128944368,0.001633069883466939
12,0.008620497642215265,0.006356898925445053
13,0.00768980101154624,0.0038694478362128974
14,0.007386696576977606,0.008068343697722708
15,0.006970377966623615,0.0018917719095819787
16,0.007566433407900285,0.008887063931631908
17,0.0063860889484937235,0.0056592456766226314
18,0.006933733360683456,0.0016262277809044954
19,0.00690457342410989,0.002226048395079508
20,0.006337255129618736,0.005704242563440224
21,0.005560785505488842,0.009960970066990076
22,0.005712550470256725,0.007636088877916336
23,0.006207933614927309,0.0009010437002217167
24,0.006181763877596487,0.00390903592067823
25,0.005461404904747441,0.001235135091897728
26,0.005722729416866882,0.0041201144373149015
27,0.005321360220260719,0.0010514408506955323
28,0.005557647371994886,0.0009782948541674722
29,0.005603263782374356,0.006570037600866864
30,0.004935577435215196,0.0026317553783065818
31,0.004901189543801872,0.005200242723097627
32,0.005037449271065555,0.0027953248021056814
33,0.005317613426742843,0.0011935980488242729
34,0.005111546665736677,0.003989973524062151
35,0.0041404223799819204,0.0011001074597699924
36,0.005005168964235503,0.006092342401572158
37,0.004145256371000355,0.006027692614981298
38,0.004528015086172463,0.0027057041748939606
39,0.0047244684279171955,0.0013045784127846192
40,0.004626309154130421,0.0010723152441192377
41,0.003927542645495707,0.005106105422077889
42,0.0038705106592444583,0.007440454075426868
43,0.003856874910641247,0.0030310467942460868
44,0.004364393278525246,0.004103081981034091
45,0.003966256250967163,0.0014291296509000358
46,0.00440603785011764,0.0014381206965890158
47,0.00388135287911658,0.005661908767363998
48,0.004080189412491031,0.0020224020601867627
49,0.003196042120636828,0.0023974545033167254
50,0.0036066372524972477,0.002413337890665685
51,0.0035173432896391517,0.002897776972000184
52,0.0032873339510288992,0.003578165614077549
53,0.0038598969860439316,0.0007089221172474241
54,0.003560357979583121,0.0020870902429052283
55,0.003138691878210707,0.0037347992484489186
56,0.003546599167768316,0.006230305273378833
57,0.003474024236866558,0.006422299473138338
58,0.0032168526353508705,0.001562162522184715
59,0.003207426151230073,0.0038507704497471955
60,0.0033222431274174376,0.0014334913144369475
61,0.0032130241544472645,0.00458039233481951
62,0.003087260939221732,0.0013522661547438147
63,0.0031645687101204433,0.0041334291375922354
64,0.003067837099944572,0.0012444363974997502
65,0.0029067313653098827,0.0015859416780177127
66,0.0028652657392378563,0.0017595935346077331
67,0.0033652167977281018,0.001054460490174759
68,0.002491506571601693,0.0054589440010153175
69,0.002889160132156979,0.0026330066572749214
70,0.0028014360525899546,0.006151155171015959
71,0.003482349857062597,0.0013700319098287753
72,0.0029977698856230124,0.000561787541484816
73,0.0030463767943479663,0.002286692573741246
74,0.0027200214003323896,0.001804688780599933
75,0.0026342872400392505,0.0037197166886389927
76,0.0027830917916780618,0.0029324754664486045
77,0.0029114315409880178,0.0019413392043808539
78,0.0025689475831897632,0.0034239307579615815
79,0.002321793588784757,0.0031210156419220264
80,0.0028384470611437645,0.002969599323702997
81,0.0023414749995963736,0.004431152370957176
82,0.002850388433683321,0.0014806878386756008
83,0.002338015064050984,0.0012160245423320304
84,0.002731375461964854,0.001769090803821435
85,0.002541010772818329,0.00048562402646004985
86,0.0025744179290219816,0.005183012329376816
87,0.0025440167136402832,0.0009920492106420772
88,0.0024965369991832944,0.006429385854287094
89,0.0024715837839203894,0.002215212804861785
90,0.0023926007335421736,0.012415424533439487
91,0.002118869218416384,0.0007168674387634219
92,0.0024514142427062013,0.007949341674534123
93,0.002218543088356792,0.00977398758607634
94,0.0023182082637574074,0.008752131007946608
95,0.002397318334549931,0.00048676046302144446
96,0.0023468668123551315,0.005451809918361433
97,0.002238991007988759,0.0009473784633106396
98,0.002399291045195966,0.0023686057584506744
99,0.0021153419498617368,0.0063748784426055595
100,0.002127382608062865,0.005758274168696966
101,0.002005497858232329,0.011634400062095583
102,0.001994767151223636,0.004743706325089999
103,0.002060525445555003,0.004722731501868601
104,0.0020943284909041605,0.0031076830215333554
105,0.0021618667733504225,0.001423812374535404
106,0.002264857735799112,0.001572422081541814
107,0.0020055951584856805,0.00882601523457953
108,0.0019375115984492516,0.0009771528165902566
109,0.002295530904997881,0.002208030050139079
110,0.0018733606629223092,0.005711124571605345
111,0.0021348330412642577,0.00044517382702089094
112,0.0020087338978902465,0.0021797247581560623
113,0.0020577754249345302,0.0006359021968778557
114,0.0019149182372967953,0.002487285528331995
115,0.001880773890449567,0.0058094536456582925
116,0.0020486307292103523,0.0012193029534511184
117,0.0018563574270711923,0.011834601767026307
118,0.0019445879400365402,0.0006081735011545962
119,0.0020924598363529,0.007895027915162316
120,0.0017839821387051677,0.0005976936722362644
121,0.0021043658423887768,0.0004540613830858695
122,0.001866337316256369,0.0009794384594274204
123,0.0018988104372008082,0.00349029324153501
124,0.0018872492032848038,0.006524693304568194
125,0.0019120517953660529,0.01310968551826611
126,0.0017710193333411474,0.007939939920821886
127,0.002022791285462555,0.0007146776659058387
128,0.0019487163324397063,0.0008527655658060999
129,0.0017878080534414018,0.004254519594100754
130,0.0018881237805362366,0.0013999295057310315
131,0.0017930970087919552,0.0006851594466088193
132,0.0017193975858070948,0.000636819084279574
133,0.0019874038351686933,0.004679201495195373
134,0.0017325627087041817,0.006309254796066311
135,0.0018382234013714766,0.0007538011891432525
136,0.0018762773456497805,0.006698086805474223
137,0.00171573757232628,0.0009720990345342441
138,0.0017952229635213822,0.0003445269291425187
139,0.0016954864139907542,0.0006910929828489806
140,0.0017303706430868387,0.0005799983026397028
141,0.0018294713930520695,0.004894569144699346
142,0.0017499658444801165,0.0005689479143808732
143,0.001928562712817311,0.0010846098597171935
144,0.001746723240730704,0.0024890341152426568
145,0.00159979985409834,0.0009751414155503839
146,0.0019811184576837746,0.0009722933434787092
147,0.0018103581723700876,0.0011694818954872952
148,0.001780821080016169,0.0015215538808385307
149,0.0016745656609933807,0.006491267383935746
150,0.0016854892919045733,0.004496379734508777
151,0.0017846689246683056,0.0012055833803050304
152,0.0017575612070520545,0.003531485942474912
153,0.0017177742551079604,0.0023433997117903796
154,0.0019391522442906667,0.00038624813634996415
155,0.0016923125009902017,0.005062531821136729
156,0.0015357236789260954,0.0042180718299461885
157,0.001769561840020713,0.0003917084822399814
158,0.0017542680434816209,0.0014709736811771487
159,0.0016699477447968472,0.0004904976211425461
160,0.0016307334645730487,0.00042702213159940216
161,0.0016245981133817624,0.0006572303788610891
162,0.001532976207865047,0.0006436333279360839
163,0.0019612538406148868,0.00033302689160827256
164,0.0016720354790107535,0.0005071946456400531
165,0.0016992136319289278,0.0007400587541208174
166,0.0018000210247632366,0.0005786602602476317
167,0.0016051144647748633,0.0022009451261439015
168,0.0017316384520924641,0.001917859191451682
169,0.0015821741273165494,0.0005317230544084411
170,0.0016675549754917632,0.0003844840230362678
171,0.001565362663191599,0.0005760187638944454
172,0.0018311700764826317,0.000461581556500574
173,0.001523790132482402,0.0004477954725996497
174,0.0015942356221036748,0.0006284995103945557
175,0.0016294043095634206,0.0005393717447792839
176,0.0016633673436589672,0.00031799819808338216
177,0.0015659227784255467,0.002555276316935929
178,0.0016164534392451105,0.009629186650926477
179,0.001771501145417903,0.0010377936316340157
180,0.0015645493407202284,0.00037179834057650207
181,0.0016070578069412066,0.0023837962758130908
182,0.0016107881260142803,0.0006178850811655016
183,0.001680190367633745,0.0013802718015366725
184,0.0015631714275723837,0.0006545677851739057
185,0.001803324408209608,0.0009269888363673948
186,0.0015098395118929334,0.00034978809005193663
187,0.0015570140837861636,0.0015154982906546485
188,0.001704334439879056,0.00449917825420251
189,0.001527930771489979,0.000569196963379306
190,0.00182084325893906,0.0008163218454489212
191,0.0015200605162129378,0.0005846100936518207
192,0.0016356780071102787,0.0008295942581876107
193,0.0017719405108554333,0.0012157089554369867
194,0.0017081114684840964,0.000718566154789054
195,0.001423141778707351,0.004850179485432552
196,0.001480598502307913,0.007362908223288112
197,0.0016252837160286662,0.005342386035102137
198,0.0014875084416466843,0.0003895673232435594
199,0.0015847733980000008,0.0008377979537001236
200,0.0015515887863718136,0.0006352004999284412
201,0.0015721637185532676,0.0003272114515178994
202,0.001492883610208257,0.0005570742166915051
203,0.0015990810399885904,0.00039510007194253836
204,0.001573874514526975,0.00043348231636709795
205,0.0015697689876739646,0.0004621289903952039
206,0.0015278450316054534,0.00036346087470294887
207,0.0015786618063534867,0.0003793234917272426
208,0.0016110662172662813,0.000992594036964302
209,0.0015171969730875855,0.0003971188817058135
210,0.0015590378609952225,0.0014228102662129684
211,0.0015575280167904667,0.000878058894526925
212,0.0016640539196273888,0.0007343046534597204
213,0.0016197769947200553,0.0005840798172827684
214,0.0016047153285760766,0.0007461948016804925
215,0.0014488248139190576,0.0004229736053306358
216,0.0016295003956400972,0.0007576914504170418
217,0.001501202172545757,0.0004033383660232962
218,0.0015727501289583027,0.0004923272069564528
219,0.0014870423916695367,0.0005669649991238218
220,0.0016981647324742588,0.0004307714171885523
221,0.0015515018683610374,0.0012999128006147534
222,0.0014981205592095464,0.002164838511203782
223,0.001548525055123695,0.0010285764125573418
224,0.0016115723877719798,0.00035788855852894065
225,0.0014226416377248485,0.002357812679445978
226,0.0014343480263365271,0.007212432488547952
227,0.0015641561835820293,0.004779606884910485
228,0.0015679636976310527,0.0005483583081513643
229,0.0016140353660957073,0.0006567890954653869
230,0.0014275125771938519,0.00044224605787011764
231,0.0015210774195791236,0.0016154561798726575
232,0.0015563855693207361,0.0012208378436881003
233,0.0015617519645346137,0.0015879820318097312
234,0.0016672203972979112,0.00040011329568524876
235,0.0014857310980279893,0.00030958849682964466
236,0.001545396672850168,0.00035739863903544255
237,0.0015487190402580478,0.0005782338561034981
238,0.001585929607868703,0.00030359275556650806
