epoch,loss,val_loss
0,0.305408246657798,0.07495016748445076
1,0.04563197159501309,0.019550507986231855
2,0.024286681436387025,0.018792553755797838
3,0.024026272652294713,0.019376282825281744
4,0.02625047021978338,0.020496595716267302
5,0.02568445122088065,0.02292539741386447
6,0.027550133041372882,0.023096643780407152
7,0.029408294375233807,0.02000954531525311
8,0.025850585159001776,0.01907249638124516
9,0.028413890065196814,0.018397899736699305
10,0.023666618168878724,0.01654213219227498
11,0.02514994476305347,0.01742378632096868
12,0.022140022450314722,0.01581262784046039
13,0.02326718991088895,0.01523833339543719
14,0.021882149670710307,0.013166232720801705
15,0.018922439002445047,0.0134075057218995
16,0.01938325171074677,0.011743738659118352
17,0.018880500873559518,0.012883400871304044
18,0.01941897605978687,0.012261366537004187
19,0.015771090687020844,0.011323890795833185
20,0.01629875621325533,0.01108091687293429
21,0.017060707091515612,0.010420556474280985
22,0.01688237932069061,0.009422863653877326
23,0.014898810540041734,0.010232365020273025
24,0.015984660427702566,0.008286817701892895
25,0.013818868846925491,0.00900333283240335
26,0.015113202164150739,0.008149546162601103
27,0.01455473620225916,0.00855612339811367
28,0.01380391788620834,0.008376453725392358
29,0.012984218451898422,0.008828055587384784
30,0.013460278327406292,0.008936975412724311
31,0.012652835423922594,0.008350233923186335
32,0.01598789099332802,0.00804032864081755
33,0.012436006622642558,0.007308533480554296
34,0.012075909225383834,0.008108732453955892
35,0.012193623683174871,0.007401012684823128
36,0.011432100004328528,0.007008102894025414
37,0.01038884079005097,0.0073160664260126
38,0.013784395749440216,0.00711986188891164
39,0.01216960838501792,0.0065253543863563164
40,0.011371636242898697,0.007600804496752589
41,0.011654206363597945,0.006448705664329361
42,0.012272821466040583,0.006524845688162665
43,0.010698843030302737,0.006069364165070287
44,0.011061747049029584,0.005662323604746346
45,0.009733801327226028,0.006177876071122132
46,0.011718044899176683,0.006401377738241041
47,0.008910836138163514,0.006746457922354079
48,0.00926049535508167,0.007255121444662412
49,0.011129359872093503,0.005655890216299316
50,0.009143956753254776,0.0052540064625964875
51,0.009656128746855288,0.005658024489029981
52,0.010627554108699163,0.0051860229046851915
53,0.01003719734666353,0.0050566171688076695
54,0.00898318784530034,0.005135003583538428
55,0.009405660910855436,0.00492168802833348
56,0.0071577901597803745,0.005929810256419475
57,0.01130912996644915,0.004806463345231717
58,0.009012512073462977,0.00494124454429798
59,0.009603921448628247,0.004676024976856353
60,0.008583961791433219,0.0046984887551189515
61,0.008175703386465708,0.004636696180361405
62,0.010492936622771159,0.004980910234480051
63,0.00832840220722864,0.004686510329249135
64,0.007222487750799863,0.004945654716146619
65,0.009010576153340194,0.004581187573964135
66,0.008703462163012632,0.004673792392407593
67,0.007610691768147856,0.004325474967787925
68,0.0071493495155143345,0.004527419887221696
69,0.009628997796473089,0.004572230031746521
70,0.007388436631190245,0.004766601431918771
71,0.00878386221992228,0.004229787132588395
72,0.007615366399707928,0.0044470655960602715
73,0.0077296428911457875,0.004835029631003476
74,0.009049362065751508,0.004261237773390715
75,0.008728268818641213,0.004325411625598606
76,0.007335714418703402,0.00422520626728472
77,0.007405308470951979,0.004263047488373623
78,0.008239785312049686,0.003995891059993913
79,0.007029158813100606,0.004933502075768877
80,0.008630495684597414,0.00409758218825517
81,0.007871138246756204,0.004031373008170672
82,0.008014610699627181,0.0040542122932445065
83,0.006932878849302099,0.004517064601379006
84,0.008617581213723885,0.004150960177771355
85,0.007675201831026956,0.004223803916063748
86,0.0078451613034231,0.0040719923113979265
87,0.006306934067673386,0.004092099990597681
88,0.008156071738405546,0.004042972696193478
89,0.007430972966492316,0.0037833017239902625
90,0.006498931493924957,0.003934013918695743
91,0.007611078573084773,0.004098723569002591
92,0.007395572101198872,0.003948403963525044
93,0.006507081799471463,0.0039466691260601865
94,0.008407890919088758,0.0037055764584230226
95,0.006547189175540433,0.00397387812763714
96,0.007310912695149301,0.003855265509500577
97,0.006812503968011326,0.0036981791592807624
98,0.006885006221474756,0.003907236830217012
99,0.007427853005260509,0.003860061261149352
100,0.006917250948245397,0.0038408024334593825
101,0.0067236387004699786,0.004059728994769485
102,0.0071385941148993555,0.0036055356582724734
103,0.006898323955023093,0.0040574551298560805
104,0.006686540235253707,0.0037495278336695933
105,0.006463506954236769,0.0038135027218806116
106,0.00751764908599112,0.0037045983532280253
107,0.006495935216047605,0.0035165437505368076
108,0.00624977035596617,0.0038055346608815484
109,0.008240658201784455,0.00367605699667413
110,0.0056121250409020785,0.0037131152859186394
111,0.006437812573298322,0.0036893436203204225
112,0.006485972255074852,0.003578395537803309
113,0.005998632488028964,0.004498034748330451
114,0.0068002843927644505,0.0036931627822157586
115,0.00649409121374639,0.004095085357364856
116,0.0067184078113608795,0.0035120932622240823
117,0.006164814032911555,0.003717275814300305
118,0.005842403294474866,0.0037452700923670803
119,0.00664545243667185,0.0034600422889190284
120,0.005839778783735535,0.0037577550065818065
121,0.006824654301829601,0.0034125464102416707
122,0.006207747957691061,0.003425595313800793
123,0.006250272288551213,0.0034711061601053203
124,0.006539597650421477,0.0035155538404197024
125,0.005379689949184236,0.0037396017363981195
126,0.00791190957711756,0.0034373184715054536
127,0.005354793154210412,0.0035249020928811085
128,0.00574170350766098,0.003423322817278013
129,0.005417996864468559,0.0033822920900491767
130,0.006197894704768636,0.0037784298979922346
131,0.006976036083810207,0.0033608374610673963
132,0.006059629129936717,0.003856278257444501
133,0.005512212615180323,0.003397510244037237
134,0.006822936118803393,0.003367453282535599
135,0.005007908557117545,0.003769831617542526
136,0.006333786106620316,0.0037834694845961373
137,0.006039369247958694,0.0033934700850135925
138,0.0065562596638630115,0.003496915657530751
139,0.005835835163879422,0.0035196479507967047
140,0.00678647335776141,0.003355869357555843
141,0.005796050558854856,0.0034097113826295784
142,0.0058738843083136795,0.0034644482984093196
143,0.006386952758919745,0.003358541191310475
144,0.006133832900999158,0.003358578391111734
145,0.005804682366917251,0.003359375652252582
146,0.005928896422204977,0.003389328934677076
147,0.006035927241501954,0.0033005336422081057
148,0.005620768494869062,0.0038605775079575545
149,0.00661107676296097,0.0032382727919244452
150,0.005300339805443242,0.004163474220325027
151,0.007553045992070521,0.0032777120645174334
152,0.0051865975116707486,0.003265466728950279
153,0.005716244786313162,0.0033532707469962667
154,0.006607493987971559,0.0034959570324996064
155,0.005927282995478788,0.003180872424293244
156,0.005465443722658874,0.003921873246630033
157,0.006546147510916554,0.0032456352195718834
158,0.005583899568967486,0.003236961775671756
159,0.005162812889654172,0.0038473737025796844
160,0.0067285584491358396,0.003494041391828081
161,0.005866582118446978,0.0033931654649214786
162,0.005533659497293438,0.003208872224939497
163,0.004952584662225465,0.00343278401711008
164,0.007215737505103221,0.003408481424118866
165,0.00484466045972467,0.003419613649480437
166,0.00559751084074378,0.003274699362615744
167,0.005554057871966575,0.003296580353523033
168,0.005622927254686753,0.0031847165194911916
169,0.005967556070448927,0.003198443282918449
170,0.005045878284440284,0.003266577249425545
171,0.005433494290730483,0.003404093015808285
172,0.006027041562776051,0.003170654806716923
173,0.005234929829171286,0.003270456040474145
174,0.00479244743583138,0.0034568930583956992
175,0.007584745543156291,0.0032001273183707604
176,0.005213214857328875,0.003153499452756685
177,0.004964617268999977,0.003423247408742706
178,0.005536899255903464,0.0032268755807819075
179,0.005438457501116493,0.0031861190014241033
180,0.005190780474869928,0.0032591020092041347
181,0.005600650011050239,0.003149333397710794
182,0.005716057430882829,0.00331348150135263
183,0.005159139846333526,0.003257227538709055
184,0.0054002022786074685,0.003127674735559706
185,0.004761068631365825,0.0037538488599749512
186,0.005833571436793102,0.003195528619056731
187,0.004545379705517225,0.003407984571694805
188,0.006607351204852613,0.003060689567702643
189,0.0049624675972291,0.0030780594322111525
190,0.00502565559087225,0.0031932325617067122
191,0.00519721911118274,0.003925909435278491
192,0.006979082838933863,0.0032053189760629544
193,0.004890562884483329,0.0031979287067722332
194,0.00469430658677724,0.003381754590296432
195,0.005919998097386509,0.003233964248609386
196,0.004591768673083312,0.0031801206018906413
197,0.005666565240749941,0.0032182167521106046
198,0.0047504883762361574,0.003871477327489278
199,0.005936063128685307,0.0031553320382443958
200,0.004962480242228564,0.0034322484821211873
201,0.00593870077741293,0.003247261345549895
202,0.004887178452781668,0.0039268655931217625
203,0.005202993923282259,0.003285942104922836
204,0.005064037855836987,0.003342741851188373
205,0.005690578710147893,0.00328627555925203
206,0.0052965423387383494,0.0030914097779283396
207,0.0055235667906246835,0.003425831951429708
208,0.00515866254679334,0.003317947070555467
209,0.004622363177141253,0.0032584106247349268
210,0.0059173291050632236,0.003018121157462398
211,0.004932676898883962,0.003369879451367939
212,0.004477443486154779,0.0031206600180124504
213,0.00573128825294055,0.00310975029705125
214,0.004471240936835327,0.0031735754383956653
215,0.005177458068312194,0.003057958594964523
216,0.004753356994055387,0.0037924520540655706
217,0.005537897243466176,0.003030066280380676
218,0.005129092198057634,0.0034397230197659185
219,0.005261738976997109,0.0031344252556823847
220,0.004711497939047469,0.0032655379587882443
221,0.005527444868108056,0.003066071268301784
222,0.004721732945684256,0.0037604708780060734
223,0.005009057417844243,0.00404548862328132
224,0.005871743151804371,0.0033265706601046155
225,0.00456604915955257,0.0034552233359008504
226,0.0053335185055599105,0.003171652518702965
227,0.004446663104539885,0.0032065700608910177
228,0.005979092676900852,0.0031468154282488846
229,0.004285785437347324,0.0035457408480476914
230,0.006469287260264998,0.0031069858416326738
231,0.004584934608354955,0.003429740977783998
232,0.0048806937870530176,0.0033783544051019768
233,0.004671331887470095,0.0034663561208729157
234,0.0060305793140031086,0.003207023423001693
235,0.004532834900840417,0.0030000614566042237
236,0.005220808810226514,0.0030896704390710383
237,0.004697133015246598,0.003066643958159706
238,0.004921971087916776,0.004226212487801125
239,0.005914462040541388,0.003102069593998685
240,0.004440338941107334,0.0032894517205198084
241,0.004771271435229082,0.003443947057811576
242,0.005674833798028984,0.003061431917574322
243,0.004637868134873294,0.003264373507383361
244,0.004721200662039815,0.0033793286461252393
245,0.005339438445481336,0.003233128439700394
246,0.004912605867699278,0.0033961350196286253
247,0.004867693141513797,0.0030373566489862768
248,0.004484011422178135,0.003432876459045107
249,0.005349783385347383,0.0030262977816164494
250,0.00476492499547875,0.0036172873561123482
251,0.00514557076937261,0.0031243727763036362
252,0.004398938135064683,0.0033488716693235595
253,0.004625509628597559,0.0031395282334925837
254,0.004921376134570636,0.0030291176956604446
255,0.00534834093392385,0.0032052799136165462
256,0.004626417845190271,0.003444508661663062
257,0.004556766983357744,0.003073022059540738
258,0.004645153515023385,0.0036072619953764636
259,0.004859391852400042,0.003395901396543833
260,0.004769433096287326,0.0035909945063554403
261,0.005552421461685862,0.0030552286229896964
262,0.004749602028234324,0.0029954270851847375
263,0.004462043134967836,0.0031651933391562154
264,0.004876374754565003,0.003221172512623302
265,0.005665521522188131,0.0030709261344255587
266,0.004229923516748027,0.0038605955707138044
267,0.006002126629967155,0.00306304174132253
268,0.004456656394710003,0.0036339009213343003
269,0.004955650958726664,0.003044940633372518
270,0.004448537298307662,0.003707278621987554
271,0.005077391489028511,0.003393214910797644
272,0.004750365769586792,0.003237515536806824
273,0.0045392134176575945,0.0036254680772687784
274,0.005600131700523723,0.003081806567742636
275,0.004688946130147702,0.003354730672742191
276,0.004534217277585481,0.0035990977643482517
277,0.005203953329823526,0.0033133682312868665
278,0.005177087205169207,0.003131350702524447
279,0.004638554145770034,0.00320918709366468
280,0.005539828654544804,0.0031011875130628284
281,0.0045281661359567035,0.0035028442242101094
282,0.00450956938403523,0.0037971935275811376
283,0.005555890945437858,0.003208826871980962
284,0.00439149528488237,0.003200912468233391
285,0.004950562762009076,0.0034384701335639285
286,0.004517132931218391,0.0032257998950387303
287,0.0052033669048561736,0.003244820443031035
288,0.00476801220082761,0.0033482315852061697
289,0.004645839501871889,0.0033509173397824428
290,0.005023367759802252,0.003670896129813372
291,0.005379005494864194,0.0033503705227192035
292,0.004947628484855236,0.0032920014121357285
293,0.004626305384710081,0.0030854148300070512
294,0.0041735352939563175,0.0035047409688367657
295,0.005231868040621141,0.0031881563471662894
296,0.004750186708611502,0.0036738172353228977
297,0.0045582871717956145,0.0035943237435595507
298,0.004849045592067247,0.003252354744625719
299,0.004863052154528283,0.0031237456653463213
