epoch,loss,val_loss
0,0.1322345226930172,0.02303856650465413
1,0.032104741010152496,0.09897945716715696
2,0.01581127033151115,0.03572092270641996
3,0.012169847295271631,0.037124011338802804
4,0.01131890557833976,0.028205623360056626
5,0.007604444303761007,0.019263487962777156
6,0.0068870788769793455,0.009305231534598167
7,0.0055456026198971425,0.010885734731952349
8,0.004563450290658929,0.003420492576990734
9,0.00432388072675413,0.005739960312974034
10,0.004062372851557726,0.004210365078362979
11,0.0039913267486684665,0.0036605640412553362
12,0.003866716910177936,0.00403669947889029
13,0.0037451770891956558,0.003713254539067285
14,0.003647430478572408,0.003362334047427826
15,0.0035325844368029866,0.0031962307627525248
16,0.0034125711340426816,0.00300791353934951
17,0.003306339632379435,0.0027798104034573363
18,0.003211583940655625,0.0025606748664326836
19,0.0031218180929722347,0.0023673888982126585
20,0.0030347948694878163,0.0022069776855539857
21,0.0029557061405946633,0.002075844448419255
22,0.002895413821207612,0.0019661265082265202
23,0.0028646430767902444,0.001874667277821062
24,0.0028669531571072623,0.0018080709596050152
25,0.002894450942294438,0.0017712191298702045
26,0.002924513012523266,0.0017637642031012658
27,0.0029256017316515643,0.0017741569154487368
28,0.0028663721569125553,0.0017791398118756582
29,0.0027437450487294264,0.0017590021608364687
30,0.0025939415581220514,0.0017509375527305039
31,0.0024731238957549193,0.0018077389451495389
32,0.0024128470761279105,0.0018827966455239476
33,0.0024243024235582177,0.0018901145371624775
34,0.00249158757621784,0.0018470891457247106
35,0.0025576543295376163,0.0018157952244540578
36,0.0025625044501236174,0.0018021531051776389
37,0.002491254989227939,0.0017830101617922385
38,0.0023818423585635026,0.0017750783651871117
39,0.002283101068843053,0.001817674635452006
40,0.0022240334143330378,0.0018894830677789031
41,0.0022126466224234413,0.0019184980958111976
42,0.0022416071735358936,0.0018892805132884206
43,0.002280417982060432,0.0018462440623950801
44,0.0022927255386434994,0.001818214445129821
45,0.0022667308480799394,0.0018044082701140851
46,0.0022173539205905517,0.0018043340339014928
47,0.002166494982374823,0.0018194836784938449
48,0.0021285764203782132,0.0018415109013419663
49,0.0021082353246433213,0.0018553942903516848
50,0.0021027676654040667,0.001853525203554646
51,0.0021033237284113202,0.0018414963678081047
52,0.002100405646761542,0.001827831322882782
53,0.0020890343504339506,0.0018176466590120342
54,0.0020698419184124683,0.001812248623505104
55,0.002046530651913114,0.0018107719400799588
56,0.002023616251892746,0.0018116890661124337
57,0.0020032392444049554,0.0018127439278096222
58,0.001986437825088011,0.0018121910346835328
59,0.001972766343555846,0.0018089124769495246
60,0.0019605477860115384,0.001803667903387625
61,0.0019483962445709774,0.0017973080097714014
62,0.0019353112265874813,0.0017909264057188441
63,0.0019210898978286233,0.001784874436755975
64,0.0019060943710965637,0.0017792404580273126
65,0.0018907949601134459,0.0017738695922225975
66,0.0018755796970875529,0.0017685107376197713
67,0.001860617773552679,0.0017629318682705624
68,0.0018460433170515405,0.00175711610599568
69,0.0018318607145236716,0.0017509598350315763
70,0.0018178560022039864,0.0017448125076235126
71,0.001804409088676288,0.0017383243222802616
72,0.001791585465440402,0.0017314640653989556
73,0.0017791001546252853,0.0017241953194076032
74,0.0017669498130411735,0.0017165543119374075
75,0.0017549393244306473,0.0017085914324413527
76,0.0017428577111860764,0.0017004490895360185
77,0.0017306121118628036,0.0016922441499079006
78,0.0017182670968932633,0.0016839455449626896
79,0.001705855447160867,0.0016756283217354824
80,0.001693408176049189,0.001667272699833439
81,0.0016810014472855028,0.0016589681883424259
82,0.0016688062073693262,0.0016505961743461196
83,0.0016570510479452947,0.0016420788229688217
84,0.0016456786696958624,0.0016334307780325936
85,0.0016347254794713893,0.0016246069173671697
86,0.001623956784362894,0.001615699186610679
87,0.0016135554604967647,0.001606723138441642
88,0.0016033548695000336,0.0015977857564984444
89,0.0015935074227678226,0.0015888673727188195
90,0.0015840905032547565,0.0015799259387054725
91,0.001574911591923548,0.0015710140415058848
92,0.0015657904273397357,0.0015622109579118458
93,0.0015566247658952948,0.001553567394965508
94,0.001547315699385622,0.001545126182272246
95,0.0015377293148672066,0.001536927717991108
96,0.0015277544311498449,0.0015290184661321212
97,0.0015172067069453088,0.001521388369024192
98,0.0015060022012991481,0.0015140962010870378
99,0.0014942816043117648,0.0015071590028686874
100,0.0014819773417315636,0.0015006179200370976
101,0.0014691774140463058,0.0014945290433324612
102,0.0014561087718813833,0.0014888268870938766
103,0.0014428971375173131,0.0014837376268890996
104,0.0014299701522886875,0.0014795049598130088
105,0.0014175775515593188,0.001476342053552926
106,0.0014058675027876291,0.0014745882679626607
107,0.0013950571121927502,0.0014746966414365982
108,0.001385271246127213,0.0014772293619452078
109,0.001376577256267152,0.001482975432289797
110,0.0013687206283333252,0.0014927270025701116
111,0.0013612722313308065,0.0015076598205619998
112,0.0013535085506813196,0.0015289396018998925
113,0.0013440862939150648,0.0015576924238223256
114,0.001331229488704153,0.001593809184749006
115,0.0013130018031786744,0.001636565452555946
116,0.0012876746659873579,0.001681403393791825
117,0.0012544046959810896,0.0017182747731312063
118,0.001215337772988889,0.0017336333362516342
119,0.001176950684520697,0.0017123107814736535
120,0.0011529145685600368,0.0016466183587908745
121,0.0011665464949005605,0.0015461989331238886
122,0.0012486841042296654,0.0014361777636957796
123,0.0014254122970209474,0.001347219287581219
124,0.0016941213953729603,0.001330971513597066
125,0.0019852053541173555,0.001597401230563328
126,0.002109827443373923,0.0025361174260053717
127,0.0018486257602246463,0.0036041824506563053
128,0.0013372469754193775,0.003147491899302654
129,0.0010854737729830803,0.0017101509749824018
130,0.0011604073961443142,0.0013982955358203565
131,0.0011531833407725854,0.0017417594994696085
132,0.001097832908580417,0.0014771991184700216
133,0.0011498796820813763,0.0013068133511727577
134,0.0012481858460825137,0.0014066311261175495
135,0.0013045553121029067,0.0017141744641489104
136,0.0012553621810476553,0.00189009970952675
137,0.0011513161721379537,0.0017295513800427056
138,0.0010829713739846723,0.0014818346458732297
139,0.0010650930436233857,0.0013614970814894165
140,0.0010827377058343802,0.0013330482485655107
141,0.001140385003590297,0.001343750100778906
142,0.001234314250980077,0.001434886687141108
143,0.0013204292150375359,0.0016409575534788402
144,0.001338151120618715,0.0018702858340060502
145,0.001272515854897011,0.0019534824767329716
146,0.0011714223837236864,0.001832255060179976
147,0.0010933578285946227,0.0016269500351004432
148,0.001059485443861666,0.001476973687347613
149,0.0010644870853510368,0.0014116872641208925
150,0.001106163875585753,0.0014066450203883282
151,0.0011821009836282708,0.0014680397161691073
152,0.0012661122445770665,0.0016198360132412951
153,0.0013088413831727735,0.0018280177793808673
154,0.001277847754120292,0.0019744658605767447
155,0.001191574221569589,0.001954732536289253
156,0.0011016087586418718,0.0017973630885152441
157,0.0010452827356670653,0.001625526249163637
158,0.001028432872953109,0.0015182633733115437
159,0.0010465449331856984,0.0014772764693030663
160,0.0010991382724445976,0.0014939813429424376
161,0.0011767723679627622,0.0015844248966395593
162,0.001245374045354507,0.0017535807115532328
163,0.001261363783623373,0.0019400874316169504
164,0.0012108818020179358,0.0020318171581286087
165,0.0011249332119776072,0.0019735682249199926
166,0.0010491885270674213,0.0018262139219267848
167,0.0010078824427188489,0.0016905957824762975
168,0.0010022537060747406,0.001611876524086192
169,0.0010299408695543545,0.0015897252413101103
170,0.0010888467168323028,0.001628672979821108
171,0.0011616180423756554,0.001742870056707608
172,0.001210486251240988,0.0019158369722661742
173,0.0012028894928811183,0.0020718500875916922
174,0.0011423234461288639,0.002124571065794219
175,0.001064697321926716,0.002062958934785504
176,0.0010055701915314497,0.001954244788768783
177,0.000979304778561312,0.0018639510391247377
178,0.0009863408154019476,0.001818182800586025
179,0.0010252317015254843,0.0018298145334579442
180,0.0010866042265294767,0.0019096941605471728
181,0.0011429226276241425,0.002055113800196794
182,0.0011607370110301584,0.0022282844425685574
183,0.0011284927524957459,0.0023620894848646826
184,0.0010664133754973626,0.002417021917113871
185,0.0010069999331076664,0.002408674942623628
186,0.0009719948669846913,0.00237196622612445
187,0.0009683079369591024,0.00234782784817773
188,0.0009946708470965821,0.0023878466117342838
189,0.0010399305815071622,0.0025090126304380725
190,0.0010808186792065108,0.002698213368523539
191,0.0010944077278659064,0.0029365151973539277
192,0.0010745243709093814,0.003185805415309835
193,0.001034931152668549,0.003394291319541241
194,0.000996925276711729,0.0035212518189821325
195,0.0009758410330399944,0.0035935969974257445
196,0.0009746628380069117,0.003712174376440153
197,0.0009844460527277377,0.003912116392728007
198,0.0009938597065346471,0.004166143733942718
199,0.0009964372184838595,0.004418333583887209
200,0.0009934274689788166,0.004648919184610509
201,0.0009853313086390326,0.004800889886131412
202,0.0009740637167133573,0.0049367246070974756
203,0.000954325990386757,0.004794780736821785
204,0.0009372513484875223,0.004997909820654936
205,0.0009030295844717015,0.0038922956915931743
206,0.0009016022112731006,0.006090051706945687
207,0.0008959492286219038,0.0012488789639942218
208,0.001229768081873558,0.0025378973835981206
209,0.0009709315144321707,0.0014895405722455237
210,0.0008896725059701145,0.0011541896893871588
211,0.0009988214969513466,0.0012652074260506452
212,0.0011278428707034807,0.0013823289436435229
213,0.0012383489272455408,0.0015099861418109452
214,0.0013828444739782402,0.0021703624485158606
215,0.001339701298688087,0.0031944421659174716
216,0.0010512765349978263,0.003349974130590757
217,0.0008279640881039299,0.002619519772563587
218,0.0007958769240700693,0.0020617101169926556
219,0.0008034291624951481,0.001982202099864943
220,0.0007904701640025741,0.0020615756920163045
221,0.0007803190933870148,0.0020321033314981483
222,0.0007757652126675013,0.0020214166704630642
223,0.0007786424342485154,0.0020276942992942374
224,0.0007912541382040579,0.0020454064616116517
225,0.000821594792481992,0.0020924570700643877
226,0.0008868062447112352,0.0022102197419786663
227,0.0010029122371645871,0.0024874434855423474
228,0.0011420257309403081,0.0029635947655167498
229,0.0012092537586205012,0.0036223369258406913
230,0.0011339851854092534,0.004336090586883457
231,0.0009670254605750858,0.004776515393403538
232,0.0008257910876829621,0.004328605571859761
233,0.0007713549521821589,0.003254550893121121
234,0.0007627328878099959,0.003460930595011042
235,0.0007627614201988484,0.001896864775437535
236,0.0008202909587291457,0.005090939371209396
237,0.000918085886933499,0.0014302609427096812
238,0.0009934012381189775,0.001329278789885473
239,0.0007993120188881046,0.0013889029863078082
240,0.000856817033476854,0.0011148163007180158
241,0.0008366802848038396,0.0011456211673487957
242,0.0007922754760301364,0.0012370548844174074
243,0.0007954741929555965,0.0012215683481803066
244,0.0008048644045528881,0.0012246255534129184
245,0.0008027596726024532,0.0012725062827628694
246,0.0008154169528716248,0.0013106177691697028
247,0.0008501829338285823,0.0013565121304341837
248,0.0009185415215951316,0.001431185882865337
249,0.0010715896148062926,0.001478061539513108
250,0.001391231292800987,0.0013843719099991415
251,0.0019156319236604657,0.001286229490416876
252,0.0023667116404084117,0.0019900779640138672
253,0.0021499750355553327,0.003125577540087857
254,0.0013153822144924938,0.0028034666054800412
255,0.0008462670092625911,0.0011937948834281741
256,0.0010459263654058074,0.0019779813418720374
257,0.0008903100050083357,0.0027974959822338924
258,0.0007517292089441254,0.0014496261535800602
259,0.0008261262384686941,0.0011915922095476273
260,0.0007758873433549243,0.0011158692487107035
261,0.0008277568679764793,0.0015244988740928341
262,0.0008042165755064851,0.001893832364626098
263,0.0007458981903282041,0.0015094564684356253
264,0.0007459338329774958,0.0012671715240892873
265,0.0007522945376994243,0.0012885752121770853
266,0.0007660914420227704,0.0014525002415961864
267,0.0007676647992752991,0.0015457857976128395
268,0.0007605655960127906,0.001516365119370452
269,0.0007581574035972527,0.0014917366206645966
270,0.0007597507807717858,0.0015070461402565502
271,0.0007619247945567949,0.0015303533495681588
272,0.0007641551115771917,0.0015476247961551213
273,0.000767132880198078,0.001567281304711574
274,0.0007706232382999475,0.0015906977810357745
275,0.0007741603458894274,0.001613098678685594
276,0.0007778329603437814,0.0016343610875896718
277,0.0007818297059146071,0.0016565051526158002
278,0.0007861437547388282,0.0016795111035830096
279,0.0007907779103746641,0.0017030742509584677
280,0.0007957628580398226,0.0017277113684828866
281,0.0008010300287299259,0.001753647823965079
282,0.0008064298980738694,0.0017807515901758482
283,0.0008117850041123286,0.0018089321940287686
284,0.0008168960515057233,0.0018381395728507062
285,0.0008215747570822572,0.0018682001902019245
286,0.0008256799145639672,0.0018990736234148866
287,0.000829132217579623,0.001930677266628073
288,0.0008319395324245678,0.0019631995778661548
289,0.0008341681615177536,0.001996912850524511
290,0.0008359249519050534,0.002032107832890592
291,0.0008373468541532609,0.0020691115744085166
292,0.0008385699805628879,0.0021085150115061225
293,0.0008396989539444908,0.002150736753256959
294,0.0008408027514207616,0.0021962713850498723
295,0.0008419122602745016,0.002245535171312983
296,0.0008430247894696417,0.0022990117870728697
297,0.0008441097377290491,0.002357098179983727
298,0.0008451246886649344,0.002420213747475492
299,0.0008460298907178869,0.002488838770149047
300,0.0008467839879620376,0.002563404131746083
301,0.0008473643646795807,0.0026443239644561942
302,0.0008477665080201202,0.0027320700648583865
303,0.0008479944488404359,0.002827118322449295
304,0.000848052551100854,0.002929766531706902
305,0.0008479511938065436,0.0030402695972537785
306,0.0008476916974073133,0.0031586960203161367
307,0.0008472706214790681,0.0032848575675304523
308,0.0008466688640336665,0.003418334547364921
309,0.0008458522785391179,0.003558271319458359
310,0.0008447792906721303,0.0037033681986494023
