epoch,loss,val_loss
0,0.016153587181173157,0.08282196560972616
1,0.05603365878934146,0.05140145789635809
2,0.046851845019694915,0.00767181002485909
3,0.010903365810296856,0.006453062040045073
4,0.008341200390982833,0.031922846052207444
5,0.005207854883183838,0.004327249014750123
6,0.0038128790950716475,0.0022118557121996816
7,0.0022924224312585177,0.006734717784351424
8,0.003087095639673925,0.0017834520089979235
9,0.0031793383973320218,0.0016796134755407508
10,0.0021033623098268804,0.003948065501294638
11,0.002233844421465647,0.002875937626844174
12,0.002632439547063819,0.002154678253358916
13,0.002438079222037625,0.002492030518815706
14,0.002303150016321603,0.002733620765962099
15,0.0023623710771459553,0.0026573511820874715
16,0.002406202448109302,0.0026426395818002915
17,0.0024413397655152825,0.002644027791623222
18,0.002473124688148978,0.0026514732744544744
19,0.0024886015823519427,0.002672495663558182
20,0.0024852999409141806,0.0027027730952556197
21,0.0024619592788607944,0.0027402505817774093
22,0.0024239852124309383,0.002779031000835331
23,0.002379600610426303,0.002812624798695508
24,0.0023367210280680105,0.002835933155821342
25,0.0023012947339239665,0.00284363677431094
26,0.0022744205354489734,0.0028382241848464076
27,0.0022547543119831575,0.002822065860719273
28,0.0022396849273963438,0.002798542122993814
29,0.0022245301268868636,0.002771757273493629
30,0.002205169202553252,0.0027442665672615953
31,0.0021787190978998076,0.0027173560749935476
32,0.002144965104235117,0.00269069387822559
33,0.0021061219695315183,0.002663068718423969
34,0.0020659985060186127,0.002633020343062909
35,0.0020284707641038194,0.00259962359345273
36,0.0019963195296690485,0.002562919656108869
37,0.0019705506979277284,0.002523981218569373
38,0.001950314939755451,0.002484484477654884
39,0.0019332071587642077,0.0024461025053537206
40,0.0019159750004711417,0.002409946651345021
41,0.0018955147821238544,0.0023763537602989296
42,0.0018699258714945865,0.0023449844264082217
43,0.001839187813395986,0.002315162926128036
44,0.0018051126620919143,0.0022862757262038557
45,0.0017706294775491772,0.002257991962036804
46,0.0017387954751621052,0.0022304251079300515
47,0.0017119809633450525,0.0022040338770143294
48,0.0016913989199614065,0.002179489581306514
49,0.0016769881399267942,0.0021573957300892004
50,0.0016674585461026652,0.002138031487304129
51,0.001660681582410062,0.0021212328789069466
52,0.0016541142530414408,0.002106402240889637
53,0.0016452073011938466,0.002092495977290367
54,0.0016320669273613218,0.0020788703481421657
55,0.0016145624678146652,0.002064782305081424
56,0.0015933761311258102,0.00205004071865819
57,0.0015702667697565433,0.0020348116951553444
58,0.0015473501338047007,0.0020195133493919122
59,0.0015266258845217746,0.002004699328130013
60,0.001509588685026274,0.0019909058158334935
61,0.0014970175622056328,0.0019785153226142653
62,0.001488903160447493,0.0019676867982764776
63,0.0014844957977071228,0.0019582353323992145
64,0.001482439815688951,0.0019496653388303361
65,0.0014810018538308916,0.0019412191989096371
66,0.0014783669887883408,0.00193199734080975
67,0.0014729655286057472,0.0019210894824936986
68,0.0014637732984983914,0.0019077403764975699
69,0.0014505047273445971,0.0018914503498787159
70,0.0014336381956681003,0.001872014689357265
71,0.0014142689556727198,0.0018495497734923112
72,0.0013938506423069085,0.0018244227700817742
73,0.001373872333020918,0.0017971757517539356
74,0.0013555690886099506,0.0017684498789573187
75,0.0013397089163295667,0.0017389375226278055
76,0.0013264688540164896,0.0017094731723007403
77,0.0013153750579930356,0.0016811668480697431
78,0.0013053078038987027,0.0016554572594989288
79,0.001294526446490035,0.0016336394535181554
80,0.0012807420032630399,0.0016154547583458847
81,0.0012614420448744529,0.0015979653935095197
82,0.0012346956269519056,0.001577441886949696
83,0.0012000528490289126,0.0015530400590873079
84,0.0011592455784759463,0.0015270467847585678
85,0.0011172315244193077,0.0015037945643263427
86,0.001078678854913857,0.0014880508380500895
87,0.0010491031332250612,0.0014805534707480355
88,0.0010240300724899537,0.001506348691978737
89,0.0010369818339835627,0.0014945677126218613
90,0.0009464803338090272,0.004546389253319879
91,0.0011489079303284011,0.0036809291126892753
92,0.0013633197386197866,0.002113625921897198
93,0.0023042207915386363,0.002681005868668619
94,0.003243503594103882,0.0027318428037688136
95,0.0038262857158710135,0.004496402180704631
96,0.0059625516891255535,0.008087039778107092
97,0.008302284504588975,0.0031655197963118553
98,0.008758747025773837,0.0054037722783457295
99,0.008584598153648199,0.004272411491623835
100,0.005638544995394503,0.004361919648210077
101,0.0010994934024656732,0.0033372280825125543
102,0.0010289245458188878,0.004540056786745002
103,0.000753341809074433,0.0026400757242778412
104,0.0007369788804692417,0.0017651218896437633
105,0.0007113136149427138,0.0018744862295295064
106,0.0007173720130950819,0.0017859987473409426
107,0.00070170474731167,0.0018164694162183686
108,0.0007053527449337319,0.0017589855154878215
109,0.0006946520411640494,0.0017707141998567078
110,0.0006952543428899511,0.0017409819717469968
111,0.0006877324516489899,0.0017386468519505701
112,0.0006869851143724718,0.0017175621500140742
113,0.0006816264136065867,0.0017081996622054201
114,0.0006802757911362025,0.0016917922337980646
115,0.0006763869051756077,0.0016800929228530119
116,0.0006748777587983244,0.0016661972836836388
117,0.0006721177103197411,0.0016539489458266058
118,0.0006708225233765803,0.0016413811888349684
119,0.0006690898876748412,0.001629376722695796
120,0.0006683677705308417,0.0016177221397428137
121,0.0006677521600003159,0.0016064242900986421
122,0.0006680088764360959,0.0015956977700912638
123,0.0006687972190629007,0.0015854141000952375
124,0.0006705568267949632,0.001575819768109604
125,0.0006732576298799482,0.0015668420390667099
126,0.0006772010270931981,0.0015586580358151543
127,0.0006824985999084858,0.0015512743082485702
128,0.0006893515647672886,0.0015447983567259814
129,0.0006978234791616411,0.0015392474413506295
130,0.0007078814054413475,0.001534632137535434
131,0.0007192681036959737,0.0015309012409201578
132,0.0007314819367551209,0.0015279434339486454
133,0.0007437714764920902,0.001525559738327406
134,0.0007552523409417822,0.0015235124707320019
135,0.0007651173743276615,0.0015215213398302072
136,0.0007728866934713219,0.0015193841015723976
137,0.0007785860973289655,0.0015170298283919692
138,0.0007827717424066743,0.0015145513890801293
139,0.0007863821519757988,0.0015121935499145796
140,0.0007904952255556333,0.0015102595054103357
141,0.0007960823051880644,0.0015090554278638017
142,0.0008038245989238429,0.001508793793618679
143,0.0008140072976865953,0.0015095865206890984
144,0.0008264740138053642,0.0015113794698232883
145,0.0008406484587106989,0.0015139600666435925
146,0.0008556121408467786,0.001516966608745095
147,0.0008702639206079963,0.001519935505807792
148,0.0008835204570198544,0.0015223692661445391
149,0.0008945299664774088,0.001523880435055808
150,0.0009028663063085907,0.0015242384121704259
151,0.000908588128839442,0.0015234190076099414
152,0.0009122015514066419,0.0015216094049576082
153,0.0009145207565504929,0.0015191197285036508
154,0.0009164750714219356,0.0015163141131204995
155,0.000918929187039183,0.00151352461819586
156,0.0009225353528213176,0.001510993822624809
157,0.000927642510930245,0.001508833399336589
158,0.0009342540093168465,0.0015070075414290553
159,0.0009420307585378126,0.0015053425572420422
160,0.0009503301685899937,0.001503533898166528
161,0.0009582920730781129,0.0015011963091398541
162,0.0009649636897760791,0.001497903103499036
163,0.0009694586518424848,0.0014932771997624322
164,0.0009711238477342808,0.0014870305128983762
165,0.0009696812032399404,0.0014790530120463747
166,0.0009653007032611517,0.0014694401148804708
167,0.0009585850423392757,0.0014584662674583103
168,0.0009504633405222971,0.0014465623780300742
169,0.0009420250355566486,0.0014342090335527533
170,0.0009343381307721075,0.0014218682680573118
171,0.0009283008167061208,0.0014098977155395243
172,0.0009245316969754393,0.0013985172048897336
173,0.0009233091475251213,0.0013877707533538342
174,0.0009245538712849022,0.001377555743889197
175,0.0009278434975968577,0.0013676111304544304
176,0.0009324430967314417,0.0013575460639243062
177,0.0009373709671617273,0.001346863616306923
178,0.0009414848973454118,0.001334983579765417
179,0.0009436307891542494,0.0013213030761107802
180,0.0009428083644880204,0.001305279977570631
181,0.000938353456882484,0.0012865228988965484
182,0.0009300663946417241,0.0012649224525758701
183,0.0009182656082702417,0.0012407316856919543
184,0.0009037062304353091,0.00121463597507069
185,0.000887403952290606,0.0011877661025592762
186,0.0008703850919048,0.0011616699446580913
187,0.0008534395923935805,0.0011381807148848708
188,0.0008369121973771068,0.0011190405685307556
189,0.0008205704184589713,0.0011051425152752352
190,0.0008035604070176533,0.0010953861944328405
191,0.000784552523335576,0.0010859521908538514
192,0.0007621418320196133,0.0010714644480398611
193,0.0007354872853035433,0.0010483141767939454
194,0.0007049314592744931,0.0010175795943819378
195,0.0006722593417818596,0.0009843212166359943
196,0.0006403707722509493,0.0009548894411541129
197,0.0006121718950662683,0.0009336899077568791
198,0.0005895597705456676,0.0009214539742587428
199,0.00057320310411877,0.0009164013225879325
200,0.0005628435971955851,0.0009155870954457082
201,0.0005581648913361953,0.0009164927392511776
202,0.0005594358357989642,0.0009175502468439701
203,0.0005683289534943833,0.0009184981861739958
204,0.0005894932273604216,0.0009212829019433181
205,0.0006339041788050563,0.0009331507056853489
206,0.0007291494795849908,0.0009765622181523787
207,0.0009487068910856718,0.001127422382859023
208,0.0014492978635035096,0.0014122304028684372
209,0.0024204594720901003,0.0014032389950252285
210,0.004537655742760908,0.0027505892059324602
211,0.0029028996804123467,0.019109142552080908
212,0.010431929515906555,0.00319813059544877
213,0.008651478869298743,0.0055536052800322835
214,0.01581885686513292,0.0086810237262398
215,0.00799806137613804,0.0022561635368650683
216,0.00205201604230066,0.0022862217830199945
217,0.0013414664152784116,0.0066239493899047375
218,0.0005706826565100336,0.0036150169387263687
219,0.0005458869107732364,0.0020677669488481784
220,0.0005394855300658505,0.0022979756988781063
221,0.0005156892013896152,0.002435323714866842
222,0.0005256856768904609,0.0022908961277847226
223,0.0005113833211677797,0.002276564421328275
224,0.0005194460069717308,0.0022032399857906918
225,0.0005078050342430246,0.0021773145754674546
226,0.0005139431052771851,0.002120676450431347
227,0.0005049286757191292,0.00208778164079903
228,0.0005091988807563827,0.002046302438860661
229,0.000502493156636312,0.002010359122466884
230,0.0005051668599396976,0.0019774363670302065
231,0.0005003680148482115,0.0019419021340773294
232,0.0005017540326036803,0.0019140074299158233
233,0.0004984227836247972,0.001881022839561889
234,0.0004988594051544333,0.0018558571801373833
235,0.0004965783629442622,0.001826198624545022
236,0.0004963917534220348,0.0018026112750368683
237,0.0004948050528035281,0.001776249576850157
238,0.0004942686555064918,0.0017538723952480052
239,0.0004931089468694636,0.0017303144681806628
240,0.0004924239386618295,0.0017090984620153904
241,0.0004915177341468576,0.0016877375126473214
242,0.0004908119715319649,0.0016676992006403836
243,0.0004900640409907435,0.0016479978435917904
244,0.0004894095176778052,0.0016290883925792418
245,0.0004887828971756106,0.001610645215566221
246,0.000488220231416718,0.0015927321204033337
247,0.0004877139854416011,0.0015752423542404646
248,0.000487275596045251,0.001558129179389461
249,0.00048691336853921754,0.0015413319312134071
250,0.0004866392303681652,0.0015248032409305636
251,0.00048646851942324844,0.0015084796315549237
252,0.00048642134366661097,0.001492304997028489
253,0.0004865237560784042,0.0014762145123983685
254,0.0004868101035650886,0.001460145809687674
255,0.00048732404468169435,0.001444035650868165
256,0.00048812399803645825,0.0014278089725657513
257,0.0004892875064360758,0.0014113969978337224
258,0.0004909174123685886,0.001394715901513241
259,0.0004931516239772867,0.0013776876914658044
260,0.0004961749591614663,0.0013602204179685366
261,0.000500233427252365,0.0013422099750881131
262,0.000505650264361225,0.0013235607000656035
263,0.0005128428243947586,0.0013041889821914466
264,0.0005223291783548646,0.0012840111617391046
265,0.0005347035824956812,0.001262998680191997
266,0.0005505561320368235,0.0012412196221320254
267,0.0005702791685454554,0.0012189247461624052
268,0.0005937194268638701,0.0011966135475392405
269,0.0006196826228073102,0.001175045550457741
270,0.0006454667519260699,0.0011550086047990543
271,0.0006668586496348122,0.001136861649635983
272,0.000679100097817898,0.0011201479692796344
273,0.0006788388552805795,0.0011039141651341005
274,0.0006660268169644018,0.0010877388750055903
275,0.0006442350894528158,0.0010723576782957504
276,0.0006189538603790489,0.0010589865024054521
277,0.0005951705174327408,0.0010480385727102035
278,0.0005759005209570633,0.0010386925852416378
279,0.0005621725821884934,0.0010295691961226495
280,0.0005538291862679237,0.0010196364631778316
281,0.0005503878869083975,0.0010084932437166572
282,0.000551604114888452,0.0009961914467184168
283,0.0005577453289884414,0.0009830058000883774
284,0.0005697193459917576,0.0009694942977818611
285,0.0005891620509060703,0.0009566809289696577
286,0.0006184566091386495,0.0009463742700111317
287,0.0006604362228411351,0.000941678434365282
288,0.0007171396633423234,0.0009474717295042387
289,0.0007866145675756655,0.0009695527321462961
290,0.0008574415567160681,0.0010095728487756691
291,0.0009046448146250922,0.0010541733047973953
292,0.0008972436290196475,0.001070562220105019
293,0.0008223570603719589,0.0010315965444437768
294,0.0007035506330410792,0.0009516449798339684
295,0.0005855352178063783,0.0008770150353053683
296,0.0005025052395806972,0.0008421973294676526
297,0.000467720896880569,0.0008488278866647498
