epoch,loss,val_loss
0,0.08879007829473488,0.11259819122782924
1,0.027202953397577553,0.005248049355781915
2,0.02622111093246396,0.004108389892631717
3,0.027834092808097444,0.007930279889127664
4,0.021264090105228086,0.006749104626738189
5,0.01905350538253472,0.007627004937252454
6,0.016516308097029024,0.006930635621150334
7,0.015436104571131459,0.009564901751122977
8,0.013966024203963878,0.006401228849171547
9,0.013980549257931284,0.007419167740041749
10,0.011582736052689752,0.009071388559644683
11,0.011420041036647444,0.008666982073663619
12,0.010572105580306959,0.008051440756964056
13,0.009759865697135215,0.008916287013051803
14,0.009282184417731735,0.009782914660478892
15,0.009142132553988727,0.0074374195874521605
16,0.008866271244631805,0.007293408932654481
17,0.008049968667458385,0.00761516929783842
18,0.008155659965059053,0.007250743918120861
19,0.0077519128814235614,0.007130871036727177
20,0.007539953921074746,0.006980334114479392
21,0.007523427826285779,0.006299026735257684
22,0.007013941273892893,0.005218852393067719
23,0.006568758914256907,0.009302920286069837
24,0.006688491192631697,0.007421350204630902
25,0.005901099470351379,0.009296618532716181
26,0.006333253056259524,0.007495404662270295
27,0.006212562129200545,0.009130456615566161
28,0.005979812120527913,0.007356544972903896
29,0.006077532025044345,0.005819616251085934
30,0.005735654695963984,0.007742844881457195
31,0.005523111112090722,0.0054763599315233395
32,0.005295697391605294,0.007891426663518998
33,0.0051360804153635555,0.006798176536042439
34,0.0052577230777025846,0.006422264289045543
35,0.005575865783434472,0.004451104390778039
36,0.004680379762770982,0.006369123725514663
37,0.004657122920906045,0.010882592188161715
38,0.004264541155614778,0.006246584794369706
39,0.004973393589433731,0.004695642608822438
40,0.004456905961803845,0.008838033891822162
41,0.004327109337087077,0.009974152862764242
42,0.004743088048153003,0.004166842462789071
43,0.004580611325670391,0.006889324079741512
44,0.0034696286711614274,0.00793688136496042
45,0.004898494645875162,0.0071201557456924205
46,0.003083575879391055,0.01019601233042123
47,0.004471807857653546,0.006980867876687594
48,0.004292575887893611,0.005595428738416287
49,0.003790688349899509,0.007103985093795417
50,0.004115796277387292,0.006520338961037628
51,0.0031190225578207414,0.008244297124053302
52,0.0043949835135700605,0.005997701106887115
53,0.002629356614816251,0.009142128178817138
54,0.0038402338104280296,0.005690874156068291
55,0.004413776497891332,0.004945600307301471
56,0.0023233891606174836,0.007464007131363216
57,0.0040528132112121395,0.009178664698673967
58,0.0023120400068361515,0.004642558676239692
59,0.004432905215061356,0.004516574766552239
60,0.002780971156325952,0.008174493810848185
61,0.003293598777765691,0.006087627425266986
62,0.003121170042209444,0.008934906259048404
63,0.003545022901167108,0.003908447202360421
64,0.003052129685703216,0.007241940011450073
65,0.002120302357819796,0.006180835070840099
66,0.00451295997177041,0.00454724124191623
67,0.0028323159410080256,0.002822006897379955
68,0.003632519104035269,0.00382562686705537
69,0.0019933251431618164,0.008220093112373561
70,0.003653413313806681,0.004166325701302604
71,0.002515792861307791,0.00727444089818419
72,0.0029750406160222505,0.004566541301053867
73,0.00310562599050515,0.006736267848234428
74,0.0021875142501780916,0.002918590497421591
75,0.003950236763408567,0.0026267594085973606
76,0.0021015225855201274,0.002370747059518308
77,0.0033971406462525926,0.003608865663409233
78,0.0032306336383310912,0.003912401598012238
79,0.0023821462918947375,0.0024612030819091096
80,0.0033813414072868192,0.0025346278735812297
81,0.001938187307353094,0.0040638714930728865
82,0.0044368588350173635,0.0021670528752892686
83,0.0015314851991546196,0.003925860377453398
84,0.0037170136371793235,0.0030751724874502734
85,0.001757859945399638,0.00225114010748241
86,0.0035450486783230803,0.004222967637408721
87,0.0018276714018495659,0.004281626123804273
88,0.003608594330378774,0.0026017329737282636
89,0.0026123113588902964,0.0019502061982884218
90,0.002185500150930013,0.001944287385987608
91,0.003401020917241798,0.0043453807338026534
92,0.0022550327024775285,0.0022821668004453705
93,0.00279296316648549,0.004792412791989352
94,0.002624171807139748,0.002301681361961783
95,0.002829213501531208,0.005216424484132675
96,0.002270944499009229,0.001984091798301067
97,0.0016829554417396508,0.005899166982424886
98,0.0039650342040362056,0.002379536643019763
99,0.0018548492580346672,0.002711087681777906
100,0.0030681498557569727,0.002592747158926438
101,0.002693014789492958,0.003013012507979415
102,0.0023949713073183262,0.002775618365328563
103,0.0029823181006478805,0.002325757416863844
104,0.0030415262246787237,0.004607625093245716
105,0.0017610970920319124,0.003893845980137325
106,0.0028876916935706405,0.002095427629619575
107,0.002392449861158329,0.002425935648365371
108,0.002830243101189105,0.0021626371277594252
109,0.002027707412533371,0.0033857489470392466
110,0.0026735938633637695,0.002593885902968938
111,0.002647463055928912,0.0020990720745829635
112,0.002679816380559254,0.0019501438568623965
113,0.0025029186993174215,0.0015593725746791613
114,0.001617019540950474,0.007265749281239614
115,0.0073475076712954,0.0015938716425903533
116,0.0014811907781135246,0.0015186421581331576
117,0.0023241809067067677,0.0025332117322505567
118,0.0019552754764453253,0.0017497566479601357
119,0.0030490783458481338,0.0017426862512110617
120,0.0013598456887778604,0.0018435581178780187
121,0.0033756254671993184,0.0019726575507471957
122,0.0016222862022104844,0.006947495149481192
123,0.003943439262405519,0.002146086367582412
124,0.0015932600924917488,0.0016203713235690405
125,0.002278991334504378,0.0020215598878597744
126,0.002466502406814804,0.006903361827298476
127,0.04306564984288892,0.0019234007289796544
128,0.0016070721213044322,0.0018301226296707203
129,0.001893490670130216,0.0015073843533173203
130,0.0020485591455435877,0.0018890003363291423
131,0.0021449221687368644,0.002051380932690543
132,0.002078106517970146,0.002291611493810227
133,0.002236987537270441,0.002301134428483222
134,0.0033710620410327538,0.0023262186952164037
135,0.0019069160176294793,0.0016515731664472504
136,0.0023277803099865375,0.0020035101272361843
137,0.0019579176956797456,0.002020070433469587
138,0.001968890308673911,0.0018850525988167838
139,0.003977398792798606,0.003964446632093505
140,0.0021610805605510558,0.0028065344882442765
141,0.0023531563414250995,0.0023084919605600206
142,0.0019435074735419861,0.002405702553101276
143,0.0029001452057601245,0.0017329063184820769
144,0.0016885609116102935,0.0019354034509313734
145,0.00266419604289009,0.0018449739589797038
146,0.0018878406440728647,0.0015729484352560942
147,0.0018827520974425771,0.001855840683882043
148,0.002260153008345352,0.0024752903121049727
149,0.0020346894214599413,0.0014064468365783493
150,0.00278286595323349,0.0020776559688608373
151,0.0012527833953597314,0.00478120273583683
152,0.0025041046402828337,0.0016238207953344834
153,0.0019476675913209197,0.0016076028829015662
154,0.002036184670621396,0.0021930563900815813
155,0.0026824546865728827,0.0022443730277907953
156,0.0016200931443723916,0.005618654281358447
157,0.0029256198474776527,0.001795244666649715
158,0.001730329540345239,0.0014218618692993595
159,0.0025175667045244632,0.0015616684155375289
160,0.0015139472256390212,0.0018342070612370183
161,0.004082077270598,0.0026159141572159633
162,0.0012649522399867886,0.0019868824451246807
163,0.0020271176041589878,0.0015326195984686677
164,0.0017102523339119127,0.002377654491155817
165,0.0023818661781421246,0.005437136129394435
166,0.001754004241700364,0.0021589162571584446
167,0.002506212942484266,0.0030906335818336197
168,0.0018539122118083125,0.002164017915594996
169,0.0017734343366027788,0.0023541196919324107
170,0.0027771264659630923,0.00470377879396996
171,0.0025126158924575043,0.0015524224002371753
172,0.0010918797774770238,0.0017484594013934072
173,0.006150120074485297,0.0066968433460906935
174,0.006522444899057413,0.0026953094883968957
175,0.002307490760380854,0.0014789135260670854
176,0.001332600012642655,0.001771083894071349
177,0.0016576165762481265,0.0022816478985508808
178,0.0022072453634085273,0.0015072424593790058
179,0.0023052291806468683,0.003434421519111646
180,0.0024524545662729215,0.0016337989098310732
181,0.001281083532630175,0.001832070533725384
182,0.002074078314191618,0.0025140074686261647
183,0.0019584129626227195,0.0015929678103706816
184,0.0013332132836820047,0.0017720399947281469
185,0.002887472038175163,0.010379739326277846
186,0.0026678286158003522,0.007129200015282422
187,0.0015772590905356418,0.001877211124162402
188,0.001466909650612434,0.0013712558490959438
189,0.001989388717119021,0.003258624677791407
190,0.0034959718973471754,0.002411122928095753
191,0.0017493071735886951,0.0013940244884507959
192,0.0019413176095064398,0.001472216495721225
193,0.0015750820585973496,0.0022451531534132207
194,0.001730983022415123,0.003033771052989259
195,0.00283322275297661,0.0013871159478041687
196,0.0017603668733703112,0.0018238243810309652
197,0.0010950112149337174,0.0028037591265481815
198,0.001671394621132569,0.001222468583779246
199,0.0070449871207745075,0.007513781764397496
200,0.02073444457916481,0.006221390917505089
201,0.0075758701291123815,0.007968282114649028
202,0.00668823300742172,0.008619048975800214
203,0.007200845535096906,0.006870412088015624
204,0.006344762300003001,0.007078491772214572
205,0.006300354400815452,0.0074978433059234365
206,0.00579998342655144,0.007290915700427273
207,0.005175358516669606,0.005709647478764518
208,0.004854083122981364,0.0026335438974855237
209,0.0015816482968049783,0.002085940507975848
210,0.0020460222293517145,0.005676890069847567
211,0.0015109102477369925,0.006186353108077718
212,0.002099377525739541,0.0017913016082163442
213,0.0014595510692044728,0.001634359662012573
214,0.003026883382785799,0.0069388035652146
215,0.0013627075004256468,0.002837446510072863
216,0.001404612369016203,0.006253471209978064
217,0.002713773393699571,0.001847722955668966
218,0.0013599001337655447,0.0017599953387520816
219,0.001155890764532055,0.002516089764979194
220,0.002200862499040082,0.0014132376425295022
221,0.002063441984225422,0.0015659037499541515
222,0.0021808887238615885,0.002867187683780988
223,0.0012482876733374533,0.0051631771697940535
224,0.0014403558276873244,0.0014116386535757205
225,0.002074156799654348,0.002780355063773561
226,0.002136045821046824,0.008200531947965684
227,0.0024011114918599213,0.0015426343102661665
228,0.0015215597913501358,0.001552189306127267
229,0.0017362390516852443,0.0012279417541433584
230,0.0018563809976092237,0.0022451127205338132
231,0.0019233013701545527,0.0014294420344460952
232,0.0020998157694916294,0.0014986389524940598
233,0.0011213548444081456,0.001184473192041511
234,0.0055662847349963055,0.004231801910097139
235,0.0014241104730182241,0.0017566712483306204
236,0.0026157330762250366,0.0024594119382335953
237,0.002189762570145971,0.0018619723462810118
238,0.0022920758559337668,0.0015577493897198063
239,0.0015930898112113251,0.0015106249739530316
240,0.0017795292924712518,0.0014469763917619722
241,0.0013571991467357567,0.0026435642013032186
242,0.0023511359890692105,0.0013049793278537038
243,0.0014167264899089412,0.0011226318249675004
244,0.0017387469816809913,0.002375383240481218
245,0.002027531533971767,0.0015017443414156635
246,0.0010704969382644947,0.0014924271779723074
247,0.001904354750521702,0.002213145734889335
248,0.0021842298696035387,0.0014443673119929276
249,0.001373458965957802,0.0011448399470138707
250,0.0019227307107800172,0.0026403180151981743
251,0.0014590484148661817,0.0016298539233965833
252,0.0021391228903133754,0.001342777693807556
253,0.0012889001461600861,0.002118577079831116
254,0.0027644815513405813,0.0035773145296333127
255,0.0016606831764656056,0.0028476131704162086
256,0.0015590686430702763,0.0023110930035871113
257,0.0017685403866144012,0.0021697253237984945
258,0.0012088295553419187,0.0018318781032831523
259,0.0019053104772422638,0.0015481968549194566
260,0.0014508090566690967,0.0011699019804629579
261,0.0024221402409699395,0.001581973794504608
262,0.0014344152553985464,0.002870536560454128
263,0.0012359958049397506,0.0030280354988287414
264,0.0012177438580839007,0.001097967527528996
265,0.0020693716561392497,0.0011961014263266534
266,0.0014490365224644984,0.001971004656393473
267,0.0022846597493065435,0.0014925435626585233
268,0.0010354907457500592,0.0019036205853090475
269,0.0022396854028255268,0.005615157054802566
270,0.001956262334817159,0.0010786548342653795
271,0.0018544243311389215,0.0015516479605841532
272,0.0013015924889535804,0.0012067242692992614
273,0.0015354468881349237,0.0012856202277665336
274,0.0018477709411300499,0.001498445737780186
275,0.0013258034049697467,0.001283693860546408
276,0.0017767917839436422,0.0015436736335814522
277,0.00153474678955062,0.002149795990829405
278,0.0014650795367395222,0.0016621027770860675
279,0.0019423788560499124,0.005380132644061456
280,0.0019001614182121258,0.0012005478891200926
281,0.0011050651072610632,0.0013166255166492703
282,0.0016853718629942307,0.0012416711624450329
283,0.0020263751368989184,0.0020728044154677996
284,0.0013493723341671793,0.001325754732661472
285,0.0015541179858174104,0.0024634896626434567
286,0.001207297911865874,0.0014679342786078913
287,0.0019227368251240144,0.001926323527617282
288,0.0012792031458265312,0.0010913251439648632
289,0.0023454561320427696,0.0021857918758892963
290,0.001376466183999576,0.0014708135440422777
291,0.0015471321254331507,0.0014293463757719125
292,0.0010286590009667695,0.003156880937974181
293,0.002045912645557281,0.00144162903368277
294,0.001577620529025195,0.002475571222276541
295,0.001364331090673284,0.0015955956350489143
296,0.0019866171409579133,0.0037504099023512056
297,0.0014142181564213458,0.0012596735849224946
298,0.0019354155107545966,0.0016383860901553642
299,0.0011213585977356418,0.0011775374265485688
