epoch,loss,val_loss
0,0.008671260487535302,0.0020329227924792163
1,0.003932885994792074,0.004054455676196723
2,0.0034807734061784914,0.0016418731280729141
3,0.0028219191722498645,0.005317354664663996
4,0.0025615382537461295,0.001818437076540329
5,0.002229405207771772,0.002489133010002613
6,0.002046664354724883,0.0013857046555801247
7,0.0018871372528643628,0.0014679466079095412
8,0.001956975684104326,0.005133093041653761
9,0.0018176945824215217,0.0023347963854719544
10,0.0015087220360991758,0.0011344097729306668
11,0.0015340686367019424,0.0018106362772972748
12,0.001452263027994373,0.002106292344315239
13,0.0013800374403789483,0.0026662062545686864
14,0.0012880320778948648,0.0013800906206342277
15,0.001262576867436495,0.001015268542815057
16,0.001233089511023095,0.001537963539783704
17,0.0011182117674117334,0.001675014858942871
18,0.0011769946919849847,0.001086620020622943
19,0.0011960927835603624,0.0011770547704113518
20,0.0010358944103336795,0.0012716636375172815
21,0.0010475962355016887,0.0011477549033818498
22,0.0009880690974517375,0.001158823776023111
23,0.001026305775993095,0.0014885288089811965
24,0.00100524046641164,0.0009365426585805325
25,0.0009975919760879298,0.000938818778402556
26,0.0008859895262829085,0.0009571857398872165
27,0.0009325200082545116,0.0014114763129200263
28,0.0009610590437723539,0.0008761819455621502
29,0.0008877911860393727,0.0008630729913548158
30,0.0009917546311552499,0.0017924485970676567
31,0.000932119758969974,0.0008785605574590399
32,0.000850351787520233,0.001071910024109999
33,0.0008365114739654138,0.0008557616559923382
34,0.0008417492697519193,0.0017885856752655584
35,0.0008261675937073285,0.0020166845793586647
36,0.0008171388964601091,0.0009909103629118028
37,0.0007857282631829743,0.0012990874812729952
38,0.0008822219029697285,0.0012467502345220726
39,0.0007963375428834611,0.0009518477219675684
40,0.0008107329740914197,0.0008903234924410322
41,0.0007852333766456813,0.0008574915795051901
42,0.0008364416243672151,0.0008776653660772769
43,0.0008147889323414133,0.0009280097196767057
44,0.0007833371830726191,0.0008467920732775319
45,0.000848648240874922,0.0010711360921145808
46,0.0008395491217150694,0.0008229415579351777
47,0.0007740647250173972,0.0010286669915474608
48,0.0008114056283502339,0.0008979517680065902
49,0.000760758833091159,0.0008367501735879239
50,0.0008255853894670945,0.000825308800446229
51,0.0008115400465676311,0.0013924381198369687
52,0.0007698532289789286,0.0010299042821810744
53,0.0007934727670969777,0.0008061332843218432
54,0.0007806196411655744,0.0013151895670984104
55,0.0007876825589235078,0.0008499756229611465
56,0.000731078167852331,0.0008397294332098681
57,0.0007970949851631494,0.0012392118160118627
58,0.000831706893731236,0.0011082103117491659
59,0.0007693554245443369,0.00096192724046424
60,0.0008092841498099276,0.0008520603575896913
61,0.0007601859877182132,0.0008985146496183516
62,0.000784601540096037,0.0008642928415180282
63,0.000756340770225125,0.0012562744405729238
64,0.0007994266859927789,0.001154155258023948
65,0.0007414914794601998,0.0008232274466488315
66,0.0008409947467675305,0.0008175375247415024
67,0.000838049188136544,0.0008191454648464028
68,0.0007600890255904773,0.0008733278927250291
69,0.0008143715734677959,0.001023505682640366
70,0.0008044712330718531,0.0010672642013544152
71,0.0007348991336969976,0.0008018038713264998
72,0.0007307532348090022,0.0007994269790447505
73,0.0007197838763541931,0.0007999037079571281
74,0.0007749675308662014,0.0009177689738735033
75,0.0007378981231797464,0.0008414521015717918
76,0.000807094211466702,0.0008918688690755516
77,0.0007581263417113719,0.0008262725755150569
78,0.0008154327507251792,0.0008008133660488264
79,0.0007391384701784924,0.0008040706791354367
80,0.0008478578423040839,0.0009195190662132134
81,0.0007244790433828493,0.0008476193137252458
82,0.0007188259050764518,0.0007979459380868846
83,0.0007173972082701532,0.0008065642844150333
84,0.0007343767048641338,0.0011371581480999705
85,0.000679766055287775,0.0009304146095242335
86,0.0007154035749297444,0.001452648602201391
87,0.000735016522845383,0.0008784487207569264
88,0.0007593292182988937,0.0008589590802250569
89,0.0007541833832930147,0.0012430400085194331
90,0.0007179678147292683,0.0010947932398841275
91,0.0007250306422129023,0.0008255945277485074
92,0.0007450184770214156,0.0011556777802373592
93,0.0007482218926989293,0.0008026943836930992
94,0.0007249072974946301,0.00082674071758479
95,0.0007465262151060323,0.0009590194237892304
96,0.000741077069486133,0.0009156566265390435
97,0.0007589875793073827,0.0007977743169472536
98,0.0007508840166393507,0.0012221699008685455
99,0.0007001268215914405,0.0008308582940101093
100,0.0007113279815072877,0.0009075388964112406
101,0.0007128840785680235,0.0009185621606057362
102,0.0007051240896846027,0.0014886801274546439
103,0.000697591892844188,0.0008114735221744539
104,0.0007297677727234164,0.0009194737752917909
105,0.0007075252511346531,0.0008256594335666465
106,0.000713620585566473,0.000818259996760804
107,0.0007255539344541076,0.0009771642047174585
108,0.0006919280020863237,0.0008006880468057812
109,0.0007462577611902132,0.0008835095750487598
110,0.0006909859883975172,0.0013553512230589006
111,0.0006985930727457213,0.0008215833397371808
112,0.0007203408294073566,0.0008533519672039945
113,0.0007506148174710624,0.0008627022965045303
114,0.0007386902812614174,0.0008247276953689084
115,0.0006821178641794535,0.0007948185482650603
116,0.0007964256973374141,0.0008126702627474483
117,0.0007493475945623222,0.0014219914020239294
118,0.0007566235696197402,0.0008034955429601515
119,0.0006890770561159914,0.0008267988253608468
120,0.0006875417624319615,0.0008035788303363676
121,0.0007340115113816769,0.0008108416127869164
122,0.0006912591232710791,0.001484284215972334
123,0.0006956614885206856,0.0008345821477537117
124,0.000745910001204041,0.0008221502851627424
125,0.00067665252555149,0.0008090401562073742
126,0.0007059380244850039,0.0008036507040327578
127,0.0006818059513351842,0.0008333409889274391
128,0.0007224141139743365,0.0011176253317164977
